[0.054s] Invoking command in '/home/gideon/turtlebot3_ws/build/dynamixel_sdk': CMAKE_PREFIX_PATH=${CMAKE_PREFIX_PATH}:/home/gideon/turtlebot3_ws/install/turtlebot3_teleop:/home/gideon/turtlebot3_ws/install/turtlebot3_example:/opt/ros/jazzy DEBUGINFOD_URLS=https://debuginfod.ubuntu.com /usr/bin/cmake /home/gideon/turtlebot3_ws/src/DynamixelSDK/ros/dynamixel_sdk -DAMENT_CMAKE_SYMLINK_INSTALL=1 -DCMAKE_INSTALL_PREFIX=/home/gideon/turtlebot3_ws/install/dynamixel_sdk
[0.267s] -- The C compiler identification is GNU 13.3.0
[0.468s] -- The CXX compiler identification is GNU 13.3.0
[0.501s] -- Detecting C compiler ABI info
[0.678s] -- Detecting C compiler ABI info - done
[0.703s] -- Check for working C compiler: /usr/bin/cc - skipped
[0.703s] -- Detecting C compile features
[0.703s] -- Detecting C compile features - done
[0.720s] -- Detecting CXX compiler ABI info
[0.915s] -- Detecting CXX compiler ABI info - done
[0.938s] -- Check for working CXX compiler: /usr/bin/c++ - skipped
[0.939s] -- Detecting CXX compile features
[0.940s] -- Detecting CXX compile features - done
[0.963s] -- Found ament_cmake: 2.5.4 (/opt/ros/jazzy/share/ament_cmake/cmake)
[1.307s] -- Found Python3: /usr/bin/python3 (found version "3.12.3") found components: Interpreter 
[1.469s] -- Override CMake install command with custom implementation using symlinks instead of copying resources
[2.019s] -- Configuring done (2.0s)
[2.033s] -- Generating done (0.0s)
[2.038s] -- Build files have been written to: /home/gideon/turtlebot3_ws/build/dynamixel_sdk
[2.051s] Invoked command in '/home/gideon/turtlebot3_ws/build/dynamixel_sdk' returned '0': CMAKE_PREFIX_PATH=${CMAKE_PREFIX_PATH}:/home/gideon/turtlebot3_ws/install/turtlebot3_teleop:/home/gideon/turtlebot3_ws/install/turtlebot3_example:/opt/ros/jazzy DEBUGINFOD_URLS=https://debuginfod.ubuntu.com /usr/bin/cmake /home/gideon/turtlebot3_ws/src/DynamixelSDK/ros/dynamixel_sdk -DAMENT_CMAKE_SYMLINK_INSTALL=1 -DCMAKE_INSTALL_PREFIX=/home/gideon/turtlebot3_ws/install/dynamixel_sdk
[2.053s] Invoking command in '/home/gideon/turtlebot3_ws/build/dynamixel_sdk': CMAKE_PREFIX_PATH=${CMAKE_PREFIX_PATH}:/home/gideon/turtlebot3_ws/install/turtlebot3_teleop:/home/gideon/turtlebot3_ws/install/turtlebot3_example:/opt/ros/jazzy DEBUGINFOD_URLS=https://debuginfod.ubuntu.com /usr/bin/cmake --build /home/gideon/turtlebot3_ws/build/dynamixel_sdk -- -j8 -l8
[2.144s] [  7%] [32mBuilding CXX object CMakeFiles/dynamixel_sdk.dir/src/dynamixel_sdk/packet_handler.cpp.o[0m
[2.148s] [ 15%] [32mBuilding CXX object CMakeFiles/dynamixel_sdk.dir/src/dynamixel_sdk/group_sync_read.cpp.o[0m
[2.158s] [ 23%] [32mBuilding CXX object CMakeFiles/dynamixel_sdk.dir/src/dynamixel_sdk/protocol1_packet_handler.cpp.o[0m
[2.163s] [ 30%] [32mBuilding CXX object CMakeFiles/dynamixel_sdk.dir/src/dynamixel_sdk/protocol2_packet_handler.cpp.o[0m
[2.177s] [ 38%] [32mBuilding CXX object CMakeFiles/dynamixel_sdk.dir/src/dynamixel_sdk/group_bulk_write.cpp.o[0m
[2.181s] [ 46%] [32mBuilding CXX object CMakeFiles/dynamixel_sdk.dir/src/dynamixel_sdk/group_sync_write.cpp.o[0m
[2.191s] [ 53%] [32mBuilding CXX object CMakeFiles/dynamixel_sdk.dir/src/dynamixel_sdk/group_bulk_read.cpp.o[0m
[2.216s] [ 53%] Built target ament_cmake_python_symlink_dynamixel_sdk
[2.776s] [ 61%] [32mBuilding CXX object CMakeFiles/dynamixel_sdk.dir/src/dynamixel_sdk/group_fast_bulk_read.cpp.o[0m
[2.929s] [ 69%] [32mBuilding CXX object CMakeFiles/dynamixel_sdk.dir/src/dynamixel_sdk/group_fast_sync_read.cpp.o[0m
[3.272s] [ 76%] [32mBuilding CXX object CMakeFiles/dynamixel_sdk.dir/src/dynamixel_sdk/group_handler.cpp.o[0m
[3.275s] [ 84%] [32mBuilding CXX object CMakeFiles/dynamixel_sdk.dir/src/dynamixel_sdk/port_handler.cpp.o[0m
[3.287s] [ 92%] [32mBuilding CXX object CMakeFiles/dynamixel_sdk.dir/src/dynamixel_sdk/port_handler_linux.cpp.o[0m
[3.316s] running egg_info
[3.320s] creating dynamixel_sdk.egg-info
[3.373s] writing dynamixel_sdk.egg-info/PKG-INFO
[3.374s] writing dependency_links to dynamixel_sdk.egg-info/dependency_links.txt
[3.375s] writing top-level names to dynamixel_sdk.egg-info/top_level.txt
[3.376s] writing manifest file 'dynamixel_sdk.egg-info/SOURCES.txt'
[3.555s] reading manifest file 'dynamixel_sdk.egg-info/SOURCES.txt'
[3.556s] writing manifest file 'dynamixel_sdk.egg-info/SOURCES.txt'
[3.627s] [ 92%] Built target ament_cmake_python_build_dynamixel_sdk_egg
[3.698s] [100%] [32m[1mLinking CXX shared library libdynamixel_sdk.so[0m
[3.805s] [100%] Built target dynamixel_sdk
[3.823s] Invoked command in '/home/gideon/turtlebot3_ws/build/dynamixel_sdk' returned '0': CMAKE_PREFIX_PATH=${CMAKE_PREFIX_PATH}:/home/gideon/turtlebot3_ws/install/turtlebot3_teleop:/home/gideon/turtlebot3_ws/install/turtlebot3_example:/opt/ros/jazzy DEBUGINFOD_URLS=https://debuginfod.ubuntu.com /usr/bin/cmake --build /home/gideon/turtlebot3_ws/build/dynamixel_sdk -- -j8 -l8
[3.825s] Invoking command in '/home/gideon/turtlebot3_ws/build/dynamixel_sdk': CMAKE_PREFIX_PATH=${CMAKE_PREFIX_PATH}:/home/gideon/turtlebot3_ws/install/turtlebot3_teleop:/home/gideon/turtlebot3_ws/install/turtlebot3_example:/opt/ros/jazzy DEBUGINFOD_URLS=https://debuginfod.ubuntu.com /usr/bin/cmake --install /home/gideon/turtlebot3_ws/build/dynamixel_sdk
[3.839s] -- Install configuration: ""
[3.840s] -- Execute custom install script
[3.842s] -- Symlinking: /home/gideon/turtlebot3_ws/install/dynamixel_sdk/include//dynamixel_sdk/dynamixel_sdk.h
[3.857s] -- Symlinking: /home/gideon/turtlebot3_ws/install/dynamixel_sdk/include//dynamixel_sdk/group_bulk_read.h
[3.873s] -- Symlinking: /home/gideon/turtlebot3_ws/install/dynamixel_sdk/include//dynamixel_sdk/group_bulk_write.h
[3.889s] -- Symlinking: /home/gideon/turtlebot3_ws/install/dynamixel_sdk/include//dynamixel_sdk/group_fast_bulk_read.h
[3.900s] -- Symlinking: /home/gideon/turtlebot3_ws/install/dynamixel_sdk/include//dynamixel_sdk/group_fast_sync_read.h
[3.913s] -- Symlinking: /home/gideon/turtlebot3_ws/install/dynamixel_sdk/include//dynamixel_sdk/group_handler.h
[3.930s] -- Symlinking: /home/gideon/turtlebot3_ws/install/dynamixel_sdk/include//dynamixel_sdk/group_sync_read.h
[3.947s] -- Symlinking: /home/gideon/turtlebot3_ws/install/dynamixel_sdk/include//dynamixel_sdk/group_sync_write.h
[3.963s] -- Symlinking: /home/gideon/turtlebot3_ws/install/dynamixel_sdk/include//dynamixel_sdk/packet_handler.h
[3.979s] -- Symlinking: /home/gideon/turtlebot3_ws/install/dynamixel_sdk/include//dynamixel_sdk/port_handler.h
[3.995s] -- Symlinking: /home/gideon/turtlebot3_ws/install/dynamixel_sdk/include//dynamixel_sdk/port_handler_arduino.h
[4.012s] -- Symlinking: /home/gideon/turtlebot3_ws/install/dynamixel_sdk/include//dynamixel_sdk/port_handler_linux.h
[4.029s] -- Symlinking: /home/gideon/turtlebot3_ws/install/dynamixel_sdk/include//dynamixel_sdk/port_handler_mac.h
[4.042s] -- Symlinking: /home/gideon/turtlebot3_ws/install/dynamixel_sdk/include//dynamixel_sdk/port_handler_windows.h
[4.056s] -- Symlinking: /home/gideon/turtlebot3_ws/install/dynamixel_sdk/include//dynamixel_sdk/protocol1_packet_handler.h
[4.071s] -- Symlinking: /home/gideon/turtlebot3_ws/install/dynamixel_sdk/include//dynamixel_sdk/protocol2_packet_handler.h
[4.082s] -- Symlinking: /home/gideon/turtlebot3_ws/install/dynamixel_sdk/share/dynamixel_sdk/environment/pythonpath.sh
[4.094s] -- Symlinking: /home/gideon/turtlebot3_ws/install/dynamixel_sdk/share/dynamixel_sdk/environment/pythonpath.dsv
[4.106s] -- Symlinking: /home/gideon/turtlebot3_ws/install/dynamixel_sdk/lib/python3.12/site-packages/dynamixel_sdk-3.8.4-py3.12.egg-info/PKG-INFO
[4.120s] -- Symlinking: /home/gideon/turtlebot3_ws/install/dynamixel_sdk/lib/python3.12/site-packages/dynamixel_sdk-3.8.4-py3.12.egg-info/SOURCES.txt
[4.133s] -- Symlinking: /home/gideon/turtlebot3_ws/install/dynamixel_sdk/lib/python3.12/site-packages/dynamixel_sdk-3.8.4-py3.12.egg-info/dependency_links.txt
[4.144s] -- Symlinking: /home/gideon/turtlebot3_ws/install/dynamixel_sdk/lib/python3.12/site-packages/dynamixel_sdk-3.8.4-py3.12.egg-info/top_level.txt
[4.156s] -- Symlinking: /home/gideon/turtlebot3_ws/install/dynamixel_sdk/lib/python3.12/site-packages/dynamixel_sdk/__init__.py
[4.167s] -- Symlinking: /home/gideon/turtlebot3_ws/install/dynamixel_sdk/lib/python3.12/site-packages/dynamixel_sdk/group_bulk_read.cpp
[4.179s] -- Symlinking: /home/gideon/turtlebot3_ws/install/dynamixel_sdk/lib/python3.12/site-packages/dynamixel_sdk/group_bulk_read.py
[4.191s] -- Symlinking: /home/gideon/turtlebot3_ws/install/dynamixel_sdk/lib/python3.12/site-packages/dynamixel_sdk/group_bulk_write.cpp
[4.204s] -- Symlinking: /home/gideon/turtlebot3_ws/install/dynamixel_sdk/lib/python3.12/site-packages/dynamixel_sdk/group_bulk_write.py
[4.222s] -- Symlinking: /home/gideon/turtlebot3_ws/install/dynamixel_sdk/lib/python3.12/site-packages/dynamixel_sdk/group_fast_bulk_read.cpp
[4.235s] -- Symlinking: /home/gideon/turtlebot3_ws/install/dynamixel_sdk/lib/python3.12/site-packages/dynamixel_sdk/group_fast_sync_read.cpp
[4.248s] -- Symlinking: /home/gideon/turtlebot3_ws/install/dynamixel_sdk/lib/python3.12/site-packages/dynamixel_sdk/group_handler.cpp
[4.261s] -- Symlinking: /home/gideon/turtlebot3_ws/install/dynamixel_sdk/lib/python3.12/site-packages/dynamixel_sdk/group_sync_read.cpp
[4.277s] -- Symlinking: /home/gideon/turtlebot3_ws/install/dynamixel_sdk/lib/python3.12/site-packages/dynamixel_sdk/group_sync_read.py
[4.290s] -- Symlinking: /home/gideon/turtlebot3_ws/install/dynamixel_sdk/lib/python3.12/site-packages/dynamixel_sdk/group_sync_write.cpp
[4.305s] -- Symlinking: /home/gideon/turtlebot3_ws/install/dynamixel_sdk/lib/python3.12/site-packages/dynamixel_sdk/group_sync_write.py
[4.318s] -- Symlinking: /home/gideon/turtlebot3_ws/install/dynamixel_sdk/lib/python3.12/site-packages/dynamixel_sdk/packet_handler.cpp
[4.330s] -- Symlinking: /home/gideon/turtlebot3_ws/install/dynamixel_sdk/lib/python3.12/site-packages/dynamixel_sdk/packet_handler.py
[4.341s] -- Symlinking: /home/gideon/turtlebot3_ws/install/dynamixel_sdk/lib/python3.12/site-packages/dynamixel_sdk/port_handler.cpp
[4.353s] -- Symlinking: /home/gideon/turtlebot3_ws/install/dynamixel_sdk/lib/python3.12/site-packages/dynamixel_sdk/port_handler.py
[4.365s] -- Symlinking: /home/gideon/turtlebot3_ws/install/dynamixel_sdk/lib/python3.12/site-packages/dynamixel_sdk/port_handler_arduino.cpp
[4.376s] -- Symlinking: /home/gideon/turtlebot3_ws/install/dynamixel_sdk/lib/python3.12/site-packages/dynamixel_sdk/port_handler_linux.cpp
[4.388s] -- Symlinking: /home/gideon/turtlebot3_ws/install/dynamixel_sdk/lib/python3.12/site-packages/dynamixel_sdk/port_handler_mac.cpp
[4.399s] -- Symlinking: /home/gideon/turtlebot3_ws/install/dynamixel_sdk/lib/python3.12/site-packages/dynamixel_sdk/port_handler_windows.cpp
[4.417s] -- Symlinking: /home/gideon/turtlebot3_ws/install/dynamixel_sdk/lib/python3.12/site-packages/dynamixel_sdk/protocol1_packet_handler.cpp
[4.434s] -- Symlinking: /home/gideon/turtlebot3_ws/install/dynamixel_sdk/lib/python3.12/site-packages/dynamixel_sdk/protocol1_packet_handler.py
[4.446s] -- Symlinking: /home/gideon/turtlebot3_ws/install/dynamixel_sdk/lib/python3.12/site-packages/dynamixel_sdk/protocol2_packet_handler.cpp
[4.457s] -- Symlinking: /home/gideon/turtlebot3_ws/install/dynamixel_sdk/lib/python3.12/site-packages/dynamixel_sdk/protocol2_packet_handler.py
[4.469s] -- Symlinking: /home/gideon/turtlebot3_ws/install/dynamixel_sdk/lib/python3.12/site-packages/dynamixel_sdk/robotis_def.py
[4.486s] -- Symlinking: /home/gideon/turtlebot3_ws/install/dynamixel_sdk/share/dynamixel_sdk/environment/library_path.sh
[4.498s] -- Symlinking: /home/gideon/turtlebot3_ws/install/dynamixel_sdk/share/dynamixel_sdk/environment/library_path.dsv
[4.511s] -- Symlinking: /home/gideon/turtlebot3_ws/install/dynamixel_sdk/share/ament_index/resource_index/package_run_dependencies/dynamixel_sdk
[4.524s] -- Symlinking: /home/gideon/turtlebot3_ws/install/dynamixel_sdk/share/ament_index/resource_index/parent_prefix_path/dynamixel_sdk
[4.537s] -- Symlinking: /home/gideon/turtlebot3_ws/install/dynamixel_sdk/share/dynamixel_sdk/environment/ament_prefix_path.sh
[4.549s] -- Symlinking: /home/gideon/turtlebot3_ws/install/dynamixel_sdk/share/dynamixel_sdk/environment/ament_prefix_path.dsv
[4.561s] -- Symlinking: /home/gideon/turtlebot3_ws/install/dynamixel_sdk/share/dynamixel_sdk/environment/path.sh
[4.572s] -- Symlinking: /home/gideon/turtlebot3_ws/install/dynamixel_sdk/share/dynamixel_sdk/environment/path.dsv
[4.586s] -- Symlinking: /home/gideon/turtlebot3_ws/install/dynamixel_sdk/share/dynamixel_sdk/local_setup.bash
[4.599s] -- Symlinking: /home/gideon/turtlebot3_ws/install/dynamixel_sdk/share/dynamixel_sdk/local_setup.sh
[4.611s] -- Symlinking: /home/gideon/turtlebot3_ws/install/dynamixel_sdk/share/dynamixel_sdk/local_setup.zsh
[4.624s] -- Symlinking: /home/gideon/turtlebot3_ws/install/dynamixel_sdk/share/dynamixel_sdk/local_setup.dsv
[4.636s] -- Symlinking: /home/gideon/turtlebot3_ws/install/dynamixel_sdk/share/dynamixel_sdk/package.dsv
[4.647s] -- Symlinking: /home/gideon/turtlebot3_ws/install/dynamixel_sdk/share/ament_index/resource_index/packages/dynamixel_sdk
[4.659s] -- Symlinking: /home/gideon/turtlebot3_ws/install/dynamixel_sdk/share/dynamixel_sdk/cmake/ament_cmake_export_targets-extras.cmake
[4.670s] -- Symlinking: /home/gideon/turtlebot3_ws/install/dynamixel_sdk/share/dynamixel_sdk/cmake/ament_cmake_export_include_directories-extras.cmake
[4.681s] -- Symlinking: /home/gideon/turtlebot3_ws/install/dynamixel_sdk/share/dynamixel_sdk/cmake/ament_cmake_export_libraries-extras.cmake
[4.694s] -- Symlinking: /home/gideon/turtlebot3_ws/install/dynamixel_sdk/share/dynamixel_sdk/cmake/dynamixel_sdkConfig.cmake
[4.706s] -- Symlinking: /home/gideon/turtlebot3_ws/install/dynamixel_sdk/share/dynamixel_sdk/cmake/dynamixel_sdkConfig-version.cmake
[4.718s] -- Symlinking: /home/gideon/turtlebot3_ws/install/dynamixel_sdk/share/dynamixel_sdk/package.xml
[4.730s] -- Installing: /home/gideon/turtlebot3_ws/install/dynamixel_sdk/lib/libdynamixel_sdk.so
[4.799s] Listing '/home/gideon/turtlebot3_ws/install/dynamixel_sdk/lib/python3.12/site-packages/dynamixel_sdk'...
[4.799s] Compiling '/home/gideon/turtlebot3_ws/install/dynamixel_sdk/lib/python3.12/site-packages/dynamixel_sdk/__init__.py'...
[4.799s] Compiling '/home/gideon/turtlebot3_ws/install/dynamixel_sdk/lib/python3.12/site-packages/dynamixel_sdk/group_bulk_read.py'...
[4.799s] Compiling '/home/gideon/turtlebot3_ws/install/dynamixel_sdk/lib/python3.12/site-packages/dynamixel_sdk/group_bulk_write.py'...
[4.799s] Compiling '/home/gideon/turtlebot3_ws/install/dynamixel_sdk/lib/python3.12/site-packages/dynamixel_sdk/group_sync_read.py'...
[4.800s] Compiling '/home/gideon/turtlebot3_ws/install/dynamixel_sdk/lib/python3.12/site-packages/dynamixel_sdk/group_sync_write.py'...
[4.800s] Compiling '/home/gideon/turtlebot3_ws/install/dynamixel_sdk/lib/python3.12/site-packages/dynamixel_sdk/packet_handler.py'...
[4.800s] Compiling '/home/gideon/turtlebot3_ws/install/dynamixel_sdk/lib/python3.12/site-packages/dynamixel_sdk/port_handler.py'...
[4.800s] Compiling '/home/gideon/turtlebot3_ws/install/dynamixel_sdk/lib/python3.12/site-packages/dynamixel_sdk/protocol1_packet_handler.py'...
[4.800s] Compiling '/home/gideon/turtlebot3_ws/install/dynamixel_sdk/lib/python3.12/site-packages/dynamixel_sdk/protocol2_packet_handler.py'...
[4.801s] Compiling '/home/gideon/turtlebot3_ws/install/dynamixel_sdk/lib/python3.12/site-packages/dynamixel_sdk/robotis_def.py'...
[4.807s] -- Installing: /home/gideon/turtlebot3_ws/install/dynamixel_sdk/share/dynamixel_sdk/cmake/dynamixel_sdkExport.cmake
[4.807s] -- Installing: /home/gideon/turtlebot3_ws/install/dynamixel_sdk/share/dynamixel_sdk/cmake/dynamixel_sdkExport-noconfig.cmake
[4.809s] Invoked command in '/home/gideon/turtlebot3_ws/build/dynamixel_sdk' returned '0': CMAKE_PREFIX_PATH=${CMAKE_PREFIX_PATH}:/home/gideon/turtlebot3_ws/install/turtlebot3_teleop:/home/gideon/turtlebot3_ws/install/turtlebot3_example:/opt/ros/jazzy DEBUGINFOD_URLS=https://debuginfod.ubuntu.com /usr/bin/cmake --install /home/gideon/turtlebot3_ws/build/dynamixel_sdk
