[0.047s] Invoking command in '/home/gideon/turtlebot3_ws/build/dynamixel_sdk': CMAKE_PREFIX_PATH=${CMAKE_PREFIX_PATH}:/home/gideon/turtlebot3_ws/install/turtlebot3_teleop:/home/gideon/turtlebot3_ws/install/turtlebot3_example:/opt/ros/jazzy DEBUGINFOD_URLS=https://debuginfod.ubuntu.com /usr/bin/cmake --build /home/gideon/turtlebot3_ws/build/dynamixel_sdk -- -j8 -l8
[0.567s] [100%] Built target dynamixel_sdk
[0.567s] [100%] Built target ament_cmake_python_symlink_dynamixel_sdk
[0.731s] running egg_info
[0.758s] writing dynamixel_sdk.egg-info/PKG-INFO
[0.758s] writing dependency_links to dynamixel_sdk.egg-info/dependency_links.txt
[0.758s] writing top-level names to dynamixel_sdk.egg-info/top_level.txt
[0.843s] reading manifest file 'dynamixel_sdk.egg-info/SOURCES.txt'
[0.844s] writing manifest file 'dynamixel_sdk.egg-info/SOURCES.txt'
[0.897s] [100%] Built target ament_cmake_python_build_dynamixel_sdk_egg
[0.902s] Invoked command in '/home/gideon/turtlebot3_ws/build/dynamixel_sdk' returned '0': CMAKE_PREFIX_PATH=${CMAKE_PREFIX_PATH}:/home/gideon/turtlebot3_ws/install/turtlebot3_teleop:/home/gideon/turtlebot3_ws/install/turtlebot3_example:/opt/ros/jazzy DEBUGINFOD_URLS=https://debuginfod.ubuntu.com /usr/bin/cmake --build /home/gideon/turtlebot3_ws/build/dynamixel_sdk -- -j8 -l8
[0.903s] Invoking command in '/home/gideon/turtlebot3_ws/build/dynamixel_sdk': CMAKE_PREFIX_PATH=${CMAKE_PREFIX_PATH}:/home/gideon/turtlebot3_ws/install/turtlebot3_teleop:/home/gideon/turtlebot3_ws/install/turtlebot3_example:/opt/ros/jazzy DEBUGINFOD_URLS=https://debuginfod.ubuntu.com /usr/bin/cmake --install /home/gideon/turtlebot3_ws/build/dynamixel_sdk
[0.915s] -- Install configuration: ""
[0.916s] -- Execute custom install script
[0.916s] -- Up-to-date symlink: /home/gideon/turtlebot3_ws/install/dynamixel_sdk/include//dynamixel_sdk/dynamixel_sdk.h
[0.917s] -- Up-to-date symlink: /home/gideon/turtlebot3_ws/install/dynamixel_sdk/include//dynamixel_sdk/group_bulk_read.h
[0.917s] -- Up-to-date symlink: /home/gideon/turtlebot3_ws/install/dynamixel_sdk/include//dynamixel_sdk/group_bulk_write.h
[0.917s] -- Up-to-date symlink: /home/gideon/turtlebot3_ws/install/dynamixel_sdk/include//dynamixel_sdk/group_fast_bulk_read.h
[0.917s] -- Up-to-date symlink: /home/gideon/turtlebot3_ws/install/dynamixel_sdk/include//dynamixel_sdk/group_fast_sync_read.h
[0.918s] -- Up-to-date symlink: /home/gideon/turtlebot3_ws/install/dynamixel_sdk/include//dynamixel_sdk/group_handler.h
[0.918s] -- Up-to-date symlink: /home/gideon/turtlebot3_ws/install/dynamixel_sdk/include//dynamixel_sdk/group_sync_read.h
[0.918s] -- Up-to-date symlink: /home/gideon/turtlebot3_ws/install/dynamixel_sdk/include//dynamixel_sdk/group_sync_write.h
[0.918s] -- Up-to-date symlink: /home/gideon/turtlebot3_ws/install/dynamixel_sdk/include//dynamixel_sdk/packet_handler.h
[0.919s] -- Up-to-date symlink: /home/gideon/turtlebot3_ws/install/dynamixel_sdk/include//dynamixel_sdk/port_handler.h
[0.919s] -- Up-to-date symlink: /home/gideon/turtlebot3_ws/install/dynamixel_sdk/include//dynamixel_sdk/port_handler_arduino.h
[0.919s] -- Up-to-date symlink: /home/gideon/turtlebot3_ws/install/dynamixel_sdk/include//dynamixel_sdk/port_handler_linux.h
[0.919s] -- Up-to-date symlink: /home/gideon/turtlebot3_ws/install/dynamixel_sdk/include//dynamixel_sdk/port_handler_mac.h
[0.919s] -- Up-to-date symlink: /home/gideon/turtlebot3_ws/install/dynamixel_sdk/include//dynamixel_sdk/port_handler_windows.h
[0.920s] -- Up-to-date symlink: /home/gideon/turtlebot3_ws/install/dynamixel_sdk/include//dynamixel_sdk/protocol1_packet_handler.h
[0.920s] -- Up-to-date symlink: /home/gideon/turtlebot3_ws/install/dynamixel_sdk/include//dynamixel_sdk/protocol2_packet_handler.h
[0.920s] -- Up-to-date symlink: /home/gideon/turtlebot3_ws/install/dynamixel_sdk/share/dynamixel_sdk/environment/pythonpath.sh
[0.920s] -- Up-to-date symlink: /home/gideon/turtlebot3_ws/install/dynamixel_sdk/share/dynamixel_sdk/environment/pythonpath.dsv
[0.920s] -- Up-to-date symlink: /home/gideon/turtlebot3_ws/install/dynamixel_sdk/lib/python3.12/site-packages/dynamixel_sdk-3.8.4-py3.12.egg-info/PKG-INFO
[0.921s] -- Up-to-date symlink: /home/gideon/turtlebot3_ws/install/dynamixel_sdk/lib/python3.12/site-packages/dynamixel_sdk-3.8.4-py3.12.egg-info/SOURCES.txt
[0.921s] -- Up-to-date symlink: /home/gideon/turtlebot3_ws/install/dynamixel_sdk/lib/python3.12/site-packages/dynamixel_sdk-3.8.4-py3.12.egg-info/dependency_links.txt
[0.921s] -- Up-to-date symlink: /home/gideon/turtlebot3_ws/install/dynamixel_sdk/lib/python3.12/site-packages/dynamixel_sdk-3.8.4-py3.12.egg-info/top_level.txt
[0.922s] -- Up-to-date symlink: /home/gideon/turtlebot3_ws/install/dynamixel_sdk/lib/python3.12/site-packages/dynamixel_sdk/__init__.py
[0.922s] -- Up-to-date symlink: /home/gideon/turtlebot3_ws/install/dynamixel_sdk/lib/python3.12/site-packages/dynamixel_sdk/group_bulk_read.cpp
[0.922s] -- Up-to-date symlink: /home/gideon/turtlebot3_ws/install/dynamixel_sdk/lib/python3.12/site-packages/dynamixel_sdk/group_bulk_read.py
[0.922s] -- Up-to-date symlink: /home/gideon/turtlebot3_ws/install/dynamixel_sdk/lib/python3.12/site-packages/dynamixel_sdk/group_bulk_write.cpp
[0.922s] -- Up-to-date symlink: /home/gideon/turtlebot3_ws/install/dynamixel_sdk/lib/python3.12/site-packages/dynamixel_sdk/group_bulk_write.py
[0.923s] -- Up-to-date symlink: /home/gideon/turtlebot3_ws/install/dynamixel_sdk/lib/python3.12/site-packages/dynamixel_sdk/group_fast_bulk_read.cpp
[0.923s] -- Up-to-date symlink: /home/gideon/turtlebot3_ws/install/dynamixel_sdk/lib/python3.12/site-packages/dynamixel_sdk/group_fast_sync_read.cpp
[0.923s] -- Up-to-date symlink: /home/gideon/turtlebot3_ws/install/dynamixel_sdk/lib/python3.12/site-packages/dynamixel_sdk/group_handler.cpp
[0.923s] -- Up-to-date symlink: /home/gideon/turtlebot3_ws/install/dynamixel_sdk/lib/python3.12/site-packages/dynamixel_sdk/group_sync_read.cpp
[0.924s] -- Up-to-date symlink: /home/gideon/turtlebot3_ws/install/dynamixel_sdk/lib/python3.12/site-packages/dynamixel_sdk/group_sync_read.py
[0.924s] -- Up-to-date symlink: /home/gideon/turtlebot3_ws/install/dynamixel_sdk/lib/python3.12/site-packages/dynamixel_sdk/group_sync_write.cpp
[0.924s] -- Up-to-date symlink: /home/gideon/turtlebot3_ws/install/dynamixel_sdk/lib/python3.12/site-packages/dynamixel_sdk/group_sync_write.py
[0.924s] -- Up-to-date symlink: /home/gideon/turtlebot3_ws/install/dynamixel_sdk/lib/python3.12/site-packages/dynamixel_sdk/packet_handler.cpp
[0.925s] -- Up-to-date symlink: /home/gideon/turtlebot3_ws/install/dynamixel_sdk/lib/python3.12/site-packages/dynamixel_sdk/packet_handler.py
[0.925s] -- Up-to-date symlink: /home/gideon/turtlebot3_ws/install/dynamixel_sdk/lib/python3.12/site-packages/dynamixel_sdk/port_handler.cpp
[0.925s] -- Up-to-date symlink: /home/gideon/turtlebot3_ws/install/dynamixel_sdk/lib/python3.12/site-packages/dynamixel_sdk/port_handler.py
[0.925s] -- Up-to-date symlink: /home/gideon/turtlebot3_ws/install/dynamixel_sdk/lib/python3.12/site-packages/dynamixel_sdk/port_handler_arduino.cpp
[0.925s] -- Up-to-date symlink: /home/gideon/turtlebot3_ws/install/dynamixel_sdk/lib/python3.12/site-packages/dynamixel_sdk/port_handler_linux.cpp
[0.926s] -- Up-to-date symlink: /home/gideon/turtlebot3_ws/install/dynamixel_sdk/lib/python3.12/site-packages/dynamixel_sdk/port_handler_mac.cpp
[0.926s] -- Up-to-date symlink: /home/gideon/turtlebot3_ws/install/dynamixel_sdk/lib/python3.12/site-packages/dynamixel_sdk/port_handler_windows.cpp
[0.926s] -- Up-to-date symlink: /home/gideon/turtlebot3_ws/install/dynamixel_sdk/lib/python3.12/site-packages/dynamixel_sdk/protocol1_packet_handler.cpp
[0.926s] -- Up-to-date symlink: /home/gideon/turtlebot3_ws/install/dynamixel_sdk/lib/python3.12/site-packages/dynamixel_sdk/protocol1_packet_handler.py
[0.927s] -- Up-to-date symlink: /home/gideon/turtlebot3_ws/install/dynamixel_sdk/lib/python3.12/site-packages/dynamixel_sdk/protocol2_packet_handler.cpp
[0.927s] -- Up-to-date symlink: /home/gideon/turtlebot3_ws/install/dynamixel_sdk/lib/python3.12/site-packages/dynamixel_sdk/protocol2_packet_handler.py
[0.927s] -- Up-to-date symlink: /home/gideon/turtlebot3_ws/install/dynamixel_sdk/lib/python3.12/site-packages/dynamixel_sdk/robotis_def.py
[0.927s] -- Up-to-date symlink: /home/gideon/turtlebot3_ws/install/dynamixel_sdk/share/dynamixel_sdk/environment/library_path.sh
[0.927s] -- Up-to-date symlink: /home/gideon/turtlebot3_ws/install/dynamixel_sdk/share/dynamixel_sdk/environment/library_path.dsv
[0.928s] -- Up-to-date symlink: /home/gideon/turtlebot3_ws/install/dynamixel_sdk/share/ament_index/resource_index/package_run_dependencies/dynamixel_sdk
[0.928s] -- Up-to-date symlink: /home/gideon/turtlebot3_ws/install/dynamixel_sdk/share/ament_index/resource_index/parent_prefix_path/dynamixel_sdk
[0.928s] -- Up-to-date symlink: /home/gideon/turtlebot3_ws/install/dynamixel_sdk/share/dynamixel_sdk/environment/ament_prefix_path.sh
[0.928s] -- Up-to-date symlink: /home/gideon/turtlebot3_ws/install/dynamixel_sdk/share/dynamixel_sdk/environment/ament_prefix_path.dsv
[0.929s] -- Up-to-date symlink: /home/gideon/turtlebot3_ws/install/dynamixel_sdk/share/dynamixel_sdk/environment/path.sh
[0.929s] -- Up-to-date symlink: /home/gideon/turtlebot3_ws/install/dynamixel_sdk/share/dynamixel_sdk/environment/path.dsv
[0.929s] -- Up-to-date symlink: /home/gideon/turtlebot3_ws/install/dynamixel_sdk/share/dynamixel_sdk/local_setup.bash
[0.930s] -- Up-to-date symlink: /home/gideon/turtlebot3_ws/install/dynamixel_sdk/share/dynamixel_sdk/local_setup.sh
[0.930s] -- Up-to-date symlink: /home/gideon/turtlebot3_ws/install/dynamixel_sdk/share/dynamixel_sdk/local_setup.zsh
[0.930s] -- Up-to-date symlink: /home/gideon/turtlebot3_ws/install/dynamixel_sdk/share/dynamixel_sdk/local_setup.dsv
[0.931s] -- Symlinking: /home/gideon/turtlebot3_ws/install/dynamixel_sdk/share/dynamixel_sdk/package.dsv
[0.943s] -- Up-to-date symlink: /home/gideon/turtlebot3_ws/install/dynamixel_sdk/share/ament_index/resource_index/packages/dynamixel_sdk
[0.943s] -- Up-to-date symlink: /home/gideon/turtlebot3_ws/install/dynamixel_sdk/share/dynamixel_sdk/cmake/ament_cmake_export_targets-extras.cmake
[0.944s] -- Up-to-date symlink: /home/gideon/turtlebot3_ws/install/dynamixel_sdk/share/dynamixel_sdk/cmake/ament_cmake_export_include_directories-extras.cmake
[0.944s] -- Up-to-date symlink: /home/gideon/turtlebot3_ws/install/dynamixel_sdk/share/dynamixel_sdk/cmake/ament_cmake_export_libraries-extras.cmake
[0.944s] -- Up-to-date symlink: /home/gideon/turtlebot3_ws/install/dynamixel_sdk/share/dynamixel_sdk/cmake/dynamixel_sdkConfig.cmake
[0.944s] -- Up-to-date symlink: /home/gideon/turtlebot3_ws/install/dynamixel_sdk/share/dynamixel_sdk/cmake/dynamixel_sdkConfig-version.cmake
[0.944s] -- Up-to-date symlink: /home/gideon/turtlebot3_ws/install/dynamixel_sdk/share/dynamixel_sdk/package.xml
[0.945s] -- Up-to-date: /home/gideon/turtlebot3_ws/install/dynamixel_sdk/lib/libdynamixel_sdk.so
[1.006s] Listing '/home/gideon/turtlebot3_ws/install/dynamixel_sdk/lib/python3.12/site-packages/dynamixel_sdk'...
[1.013s] -- Up-to-date: /home/gideon/turtlebot3_ws/install/dynamixel_sdk/share/dynamixel_sdk/cmake/dynamixel_sdkExport.cmake
[1.014s] -- Up-to-date: /home/gideon/turtlebot3_ws/install/dynamixel_sdk/share/dynamixel_sdk/cmake/dynamixel_sdkExport-noconfig.cmake
[1.016s] Invoked command in '/home/gideon/turtlebot3_ws/build/dynamixel_sdk' returned '0': CMAKE_PREFIX_PATH=${CMAKE_PREFIX_PATH}:/home/gideon/turtlebot3_ws/install/turtlebot3_teleop:/home/gideon/turtlebot3_ws/install/turtlebot3_example:/opt/ros/jazzy DEBUGINFOD_URLS=https://debuginfod.ubuntu.com /usr/bin/cmake --install /home/gideon/turtlebot3_ws/build/dynamixel_sdk
