[0.042s] Invoking command in '/home/gideon/turtlebot3_ws/build/turtlebot3_cartographer': CMAKE_PREFIX_PATH=${CMAKE_PREFIX_PATH}:/home/gideon/turtlebot3_ws/install/turtlebot3_teleop:/home/gideon/turtlebot3_ws/install/turtlebot3_example:/opt/ros/jazzy DEBUGINFOD_URLS=https://debuginfod.ubuntu.com /usr/bin/cmake --build /home/gideon/turtlebot3_ws/build/turtlebot3_cartographer -- -j8 -l8
[0.553s] Invoked command in '/home/gideon/turtlebot3_ws/build/turtlebot3_cartographer' returned '0': CMAKE_PREFIX_PATH=${CMAKE_PREFIX_PATH}:/home/gideon/turtlebot3_ws/install/turtlebot3_teleop:/home/gideon/turtlebot3_ws/install/turtlebot3_example:/opt/ros/jazzy DEBUGINFOD_URLS=https://debuginfod.ubuntu.com /usr/bin/cmake --build /home/gideon/turtlebot3_ws/build/turtlebot3_cartographer -- -j8 -l8
[0.554s] Invoking command in '/home/gideon/turtlebot3_ws/build/turtlebot3_cartographer': CMAKE_PREFIX_PATH=${CMAKE_PREFIX_PATH}:/home/gideon/turtlebot3_ws/install/turtlebot3_teleop:/home/gideon/turtlebot3_ws/install/turtlebot3_example:/opt/ros/jazzy DEBUGINFOD_URLS=https://debuginfod.ubuntu.com /usr/bin/cmake --install /home/gideon/turtlebot3_ws/build/turtlebot3_cartographer
[0.575s] -- Install configuration: ""
[0.575s] -- Execute custom install script
[0.577s] -- Up-to-date symlink: /home/gideon/turtlebot3_ws/install/turtlebot3_cartographer/share/turtlebot3_cartographer/config/turtlebot3_lds_2d.lua
[0.578s] -- Up-to-date symlink: /home/gideon/turtlebot3_ws/install/turtlebot3_cartographer/share/turtlebot3_cartographer/launch/cartographer.launch.py
[0.578s] -- Up-to-date symlink: /home/gideon/turtlebot3_ws/install/turtlebot3_cartographer/share/turtlebot3_cartographer/launch/occupancy_grid.launch.py
[0.578s] -- Up-to-date symlink: /home/gideon/turtlebot3_ws/install/turtlebot3_cartographer/share/turtlebot3_cartographer/rviz/tb3_cartographer.rviz
[0.579s] -- Up-to-date symlink: /home/gideon/turtlebot3_ws/install/turtlebot3_cartographer/share/ament_index/resource_index/package_run_dependencies/turtlebot3_cartographer
[0.579s] -- Up-to-date symlink: /home/gideon/turtlebot3_ws/install/turtlebot3_cartographer/share/ament_index/resource_index/parent_prefix_path/turtlebot3_cartographer
[0.580s] -- Up-to-date symlink: /home/gideon/turtlebot3_ws/install/turtlebot3_cartographer/share/turtlebot3_cartographer/environment/ament_prefix_path.sh
[0.585s] -- Up-to-date symlink: /home/gideon/turtlebot3_ws/install/turtlebot3_cartographer/share/turtlebot3_cartographer/environment/ament_prefix_path.dsv
[0.586s] -- Up-to-date symlink: /home/gideon/turtlebot3_ws/install/turtlebot3_cartographer/share/turtlebot3_cartographer/environment/path.sh
[0.589s] -- Up-to-date symlink: /home/gideon/turtlebot3_ws/install/turtlebot3_cartographer/share/turtlebot3_cartographer/environment/path.dsv
[0.589s] -- Up-to-date symlink: /home/gideon/turtlebot3_ws/install/turtlebot3_cartographer/share/turtlebot3_cartographer/local_setup.bash
[0.591s] -- Up-to-date symlink: /home/gideon/turtlebot3_ws/install/turtlebot3_cartographer/share/turtlebot3_cartographer/local_setup.sh
[0.592s] -- Up-to-date symlink: /home/gideon/turtlebot3_ws/install/turtlebot3_cartographer/share/turtlebot3_cartographer/local_setup.zsh
[0.592s] -- Up-to-date symlink: /home/gideon/turtlebot3_ws/install/turtlebot3_cartographer/share/turtlebot3_cartographer/local_setup.dsv
[0.592s] -- Symlinking: /home/gideon/turtlebot3_ws/install/turtlebot3_cartographer/share/turtlebot3_cartographer/package.dsv
[0.614s] -- Up-to-date symlink: /home/gideon/turtlebot3_ws/install/turtlebot3_cartographer/share/ament_index/resource_index/packages/turtlebot3_cartographer
[0.614s] -- Up-to-date symlink: /home/gideon/turtlebot3_ws/install/turtlebot3_cartographer/share/turtlebot3_cartographer/cmake/turtlebot3_cartographerConfig.cmake
[0.615s] -- Up-to-date symlink: /home/gideon/turtlebot3_ws/install/turtlebot3_cartographer/share/turtlebot3_cartographer/cmake/turtlebot3_cartographerConfig-version.cmake
[0.615s] -- Up-to-date symlink: /home/gideon/turtlebot3_ws/install/turtlebot3_cartographer/share/turtlebot3_cartographer/package.xml
[0.615s] Invoked command in '/home/gideon/turtlebot3_ws/build/turtlebot3_cartographer' returned '0': CMAKE_PREFIX_PATH=${CMAKE_PREFIX_PATH}:/home/gideon/turtlebot3_ws/install/turtlebot3_teleop:/home/gideon/turtlebot3_ws/install/turtlebot3_example:/opt/ros/jazzy DEBUGINFOD_URLS=https://debuginfod.ubuntu.com /usr/bin/cmake --install /home/gideon/turtlebot3_ws/build/turtlebot3_cartographer
