[0.060s] Invoking command in '/home/gideon/turtlebot3_ws/build/dynamixel_sdk': CMAKE_PREFIX_PATH=${CMAKE_PREFIX_PATH}:/home/gideon/turtlebot3_ws/install/turtlebot3_teleop:/home/gideon/turtlebot3_ws/install/turtlebot3_example:/opt/ros/jazzy DEBUGINFOD_URLS=https://debuginfod.ubuntu.com /usr/bin/cmake --build /home/gideon/turtlebot3_ws/build/dynamixel_sdk -- -j8 -l8
[0.184s] [  0%] Built target ament_cmake_python_symlink_dynamixel_sdk
[0.209s] [100%] Built target dynamixel_sdk
[0.765s] running egg_info
[0.845s] writing dynamixel_sdk.egg-info/PKG-INFO
[0.846s] writing dependency_links to dynamixel_sdk.egg-info/dependency_links.txt
[0.846s] writing top-level names to dynamixel_sdk.egg-info/top_level.txt
[0.987s] reading manifest file 'dynamixel_sdk.egg-info/SOURCES.txt'
[0.989s] writing manifest file 'dynamixel_sdk.egg-info/SOURCES.txt'
[1.044s] [100%] Built target ament_cmake_python_build_dynamixel_sdk_egg
[1.072s] Invoked command in '/home/gideon/turtlebot3_ws/build/dynamixel_sdk' returned '0': CMAKE_PREFIX_PATH=${CMAKE_PREFIX_PATH}:/home/gideon/turtlebot3_ws/install/turtlebot3_teleop:/home/gideon/turtlebot3_ws/install/turtlebot3_example:/opt/ros/jazzy DEBUGINFOD_URLS=https://debuginfod.ubuntu.com /usr/bin/cmake --build /home/gideon/turtlebot3_ws/build/dynamixel_sdk -- -j8 -l8
[1.074s] Invoking command in '/home/gideon/turtlebot3_ws/build/dynamixel_sdk': CMAKE_PREFIX_PATH=${CMAKE_PREFIX_PATH}:/home/gideon/turtlebot3_ws/install/turtlebot3_teleop:/home/gideon/turtlebot3_ws/install/turtlebot3_example:/opt/ros/jazzy DEBUGINFOD_URLS=https://debuginfod.ubuntu.com /usr/bin/cmake --install /home/gideon/turtlebot3_ws/build/dynamixel_sdk
[1.088s] -- Install configuration: ""
[1.089s] -- Execute custom install script
[1.091s] -- Up-to-date symlink: /home/gideon/turtlebot3_ws/install/dynamixel_sdk/include//dynamixel_sdk/dynamixel_sdk.h
[1.092s] -- Up-to-date symlink: /home/gideon/turtlebot3_ws/install/dynamixel_sdk/include//dynamixel_sdk/group_bulk_read.h
[1.093s] -- Up-to-date symlink: /home/gideon/turtlebot3_ws/install/dynamixel_sdk/include//dynamixel_sdk/group_bulk_write.h
[1.093s] -- Up-to-date symlink: /home/gideon/turtlebot3_ws/install/dynamixel_sdk/include//dynamixel_sdk/group_fast_bulk_read.h
[1.094s] -- Up-to-date symlink: /home/gideon/turtlebot3_ws/install/dynamixel_sdk/include//dynamixel_sdk/group_fast_sync_read.h
[1.096s] -- Up-to-date symlink: /home/gideon/turtlebot3_ws/install/dynamixel_sdk/include//dynamixel_sdk/group_handler.h
[1.097s] -- Up-to-date symlink: /home/gideon/turtlebot3_ws/install/dynamixel_sdk/include//dynamixel_sdk/group_sync_read.h
[1.097s] -- Up-to-date symlink: /home/gideon/turtlebot3_ws/install/dynamixel_sdk/include//dynamixel_sdk/group_sync_write.h
[1.098s] -- Up-to-date symlink: /home/gideon/turtlebot3_ws/install/dynamixel_sdk/include//dynamixel_sdk/packet_handler.h
[1.098s] -- Up-to-date symlink: /home/gideon/turtlebot3_ws/install/dynamixel_sdk/include//dynamixel_sdk/port_handler.h
[1.099s] -- Up-to-date symlink: /home/gideon/turtlebot3_ws/install/dynamixel_sdk/include//dynamixel_sdk/port_handler_arduino.h
[1.099s] -- Up-to-date symlink: /home/gideon/turtlebot3_ws/install/dynamixel_sdk/include//dynamixel_sdk/port_handler_linux.h
[1.100s] -- Up-to-date symlink: /home/gideon/turtlebot3_ws/install/dynamixel_sdk/include//dynamixel_sdk/port_handler_mac.h
[1.100s] -- Up-to-date symlink: /home/gideon/turtlebot3_ws/install/dynamixel_sdk/include//dynamixel_sdk/port_handler_windows.h
[1.100s] -- Up-to-date symlink: /home/gideon/turtlebot3_ws/install/dynamixel_sdk/include//dynamixel_sdk/protocol1_packet_handler.h
[1.101s] -- Up-to-date symlink: /home/gideon/turtlebot3_ws/install/dynamixel_sdk/include//dynamixel_sdk/protocol2_packet_handler.h
[1.101s] -- Up-to-date symlink: /home/gideon/turtlebot3_ws/install/dynamixel_sdk/share/dynamixel_sdk/environment/pythonpath.sh
[1.101s] -- Up-to-date symlink: /home/gideon/turtlebot3_ws/install/dynamixel_sdk/share/dynamixel_sdk/environment/pythonpath.dsv
[1.102s] -- Up-to-date symlink: /home/gideon/turtlebot3_ws/install/dynamixel_sdk/lib/python3.12/site-packages/dynamixel_sdk-3.8.4-py3.12.egg-info/PKG-INFO
[1.102s] -- Up-to-date symlink: /home/gideon/turtlebot3_ws/install/dynamixel_sdk/lib/python3.12/site-packages/dynamixel_sdk-3.8.4-py3.12.egg-info/SOURCES.txt
[1.103s] -- Up-to-date symlink: /home/gideon/turtlebot3_ws/install/dynamixel_sdk/lib/python3.12/site-packages/dynamixel_sdk-3.8.4-py3.12.egg-info/dependency_links.txt
[1.103s] -- Up-to-date symlink: /home/gideon/turtlebot3_ws/install/dynamixel_sdk/lib/python3.12/site-packages/dynamixel_sdk-3.8.4-py3.12.egg-info/top_level.txt
[1.105s] -- Up-to-date symlink: /home/gideon/turtlebot3_ws/install/dynamixel_sdk/lib/python3.12/site-packages/dynamixel_sdk/__init__.py
[1.105s] -- Up-to-date symlink: /home/gideon/turtlebot3_ws/install/dynamixel_sdk/lib/python3.12/site-packages/dynamixel_sdk/group_bulk_read.cpp
[1.106s] -- Up-to-date symlink: /home/gideon/turtlebot3_ws/install/dynamixel_sdk/lib/python3.12/site-packages/dynamixel_sdk/group_bulk_read.py
[1.106s] -- Up-to-date symlink: /home/gideon/turtlebot3_ws/install/dynamixel_sdk/lib/python3.12/site-packages/dynamixel_sdk/group_bulk_write.cpp
[1.107s] -- Up-to-date symlink: /home/gideon/turtlebot3_ws/install/dynamixel_sdk/lib/python3.12/site-packages/dynamixel_sdk/group_bulk_write.py
[1.107s] -- Up-to-date symlink: /home/gideon/turtlebot3_ws/install/dynamixel_sdk/lib/python3.12/site-packages/dynamixel_sdk/group_fast_bulk_read.cpp
[1.108s] -- Up-to-date symlink: /home/gideon/turtlebot3_ws/install/dynamixel_sdk/lib/python3.12/site-packages/dynamixel_sdk/group_fast_sync_read.cpp
[1.109s] -- Up-to-date symlink: /home/gideon/turtlebot3_ws/install/dynamixel_sdk/lib/python3.12/site-packages/dynamixel_sdk/group_handler.cpp
[1.109s] -- Up-to-date symlink: /home/gideon/turtlebot3_ws/install/dynamixel_sdk/lib/python3.12/site-packages/dynamixel_sdk/group_sync_read.cpp
[1.109s] -- Up-to-date symlink: /home/gideon/turtlebot3_ws/install/dynamixel_sdk/lib/python3.12/site-packages/dynamixel_sdk/group_sync_read.py
[1.110s] -- Up-to-date symlink: /home/gideon/turtlebot3_ws/install/dynamixel_sdk/lib/python3.12/site-packages/dynamixel_sdk/group_sync_write.cpp
[1.110s] -- Up-to-date symlink: /home/gideon/turtlebot3_ws/install/dynamixel_sdk/lib/python3.12/site-packages/dynamixel_sdk/group_sync_write.py
[1.111s] -- Up-to-date symlink: /home/gideon/turtlebot3_ws/install/dynamixel_sdk/lib/python3.12/site-packages/dynamixel_sdk/packet_handler.cpp
[1.112s] -- Up-to-date symlink: /home/gideon/turtlebot3_ws/install/dynamixel_sdk/lib/python3.12/site-packages/dynamixel_sdk/packet_handler.py
[1.112s] -- Up-to-date symlink: /home/gideon/turtlebot3_ws/install/dynamixel_sdk/lib/python3.12/site-packages/dynamixel_sdk/port_handler.cpp
[1.112s] -- Up-to-date symlink: /home/gideon/turtlebot3_ws/install/dynamixel_sdk/lib/python3.12/site-packages/dynamixel_sdk/port_handler.py
[1.113s] -- Up-to-date symlink: /home/gideon/turtlebot3_ws/install/dynamixel_sdk/lib/python3.12/site-packages/dynamixel_sdk/port_handler_arduino.cpp
[1.113s] -- Up-to-date symlink: /home/gideon/turtlebot3_ws/install/dynamixel_sdk/lib/python3.12/site-packages/dynamixel_sdk/port_handler_linux.cpp
[1.113s] -- Up-to-date symlink: /home/gideon/turtlebot3_ws/install/dynamixel_sdk/lib/python3.12/site-packages/dynamixel_sdk/port_handler_mac.cpp
[1.113s] -- Up-to-date symlink: /home/gideon/turtlebot3_ws/install/dynamixel_sdk/lib/python3.12/site-packages/dynamixel_sdk/port_handler_windows.cpp
[1.114s] -- Up-to-date symlink: /home/gideon/turtlebot3_ws/install/dynamixel_sdk/lib/python3.12/site-packages/dynamixel_sdk/protocol1_packet_handler.cpp
[1.114s] -- Up-to-date symlink: /home/gideon/turtlebot3_ws/install/dynamixel_sdk/lib/python3.12/site-packages/dynamixel_sdk/protocol1_packet_handler.py
[1.115s] -- Up-to-date symlink: /home/gideon/turtlebot3_ws/install/dynamixel_sdk/lib/python3.12/site-packages/dynamixel_sdk/protocol2_packet_handler.cpp
[1.115s] -- Up-to-date symlink: /home/gideon/turtlebot3_ws/install/dynamixel_sdk/lib/python3.12/site-packages/dynamixel_sdk/protocol2_packet_handler.py
[1.115s] -- Up-to-date symlink: /home/gideon/turtlebot3_ws/install/dynamixel_sdk/lib/python3.12/site-packages/dynamixel_sdk/robotis_def.py
[1.115s] -- Up-to-date symlink: /home/gideon/turtlebot3_ws/install/dynamixel_sdk/share/dynamixel_sdk/environment/library_path.sh
[1.116s] -- Up-to-date symlink: /home/gideon/turtlebot3_ws/install/dynamixel_sdk/share/dynamixel_sdk/environment/library_path.dsv
[1.116s] -- Up-to-date symlink: /home/gideon/turtlebot3_ws/install/dynamixel_sdk/share/ament_index/resource_index/package_run_dependencies/dynamixel_sdk
[1.117s] -- Up-to-date symlink: /home/gideon/turtlebot3_ws/install/dynamixel_sdk/share/ament_index/resource_index/parent_prefix_path/dynamixel_sdk
[1.117s] -- Up-to-date symlink: /home/gideon/turtlebot3_ws/install/dynamixel_sdk/share/dynamixel_sdk/environment/ament_prefix_path.sh
[1.117s] -- Up-to-date symlink: /home/gideon/turtlebot3_ws/install/dynamixel_sdk/share/dynamixel_sdk/environment/ament_prefix_path.dsv
[1.117s] -- Up-to-date symlink: /home/gideon/turtlebot3_ws/install/dynamixel_sdk/share/dynamixel_sdk/environment/path.sh
[1.118s] -- Up-to-date symlink: /home/gideon/turtlebot3_ws/install/dynamixel_sdk/share/dynamixel_sdk/environment/path.dsv
[1.118s] -- Up-to-date symlink: /home/gideon/turtlebot3_ws/install/dynamixel_sdk/share/dynamixel_sdk/local_setup.bash
[1.118s] -- Up-to-date symlink: /home/gideon/turtlebot3_ws/install/dynamixel_sdk/share/dynamixel_sdk/local_setup.sh
[1.118s] -- Up-to-date symlink: /home/gideon/turtlebot3_ws/install/dynamixel_sdk/share/dynamixel_sdk/local_setup.zsh
[1.118s] -- Up-to-date symlink: /home/gideon/turtlebot3_ws/install/dynamixel_sdk/share/dynamixel_sdk/local_setup.dsv
[1.118s] -- Symlinking: /home/gideon/turtlebot3_ws/install/dynamixel_sdk/share/dynamixel_sdk/package.dsv
[1.132s] -- Up-to-date symlink: /home/gideon/turtlebot3_ws/install/dynamixel_sdk/share/ament_index/resource_index/packages/dynamixel_sdk
[1.133s] -- Up-to-date symlink: /home/gideon/turtlebot3_ws/install/dynamixel_sdk/share/dynamixel_sdk/cmake/ament_cmake_export_targets-extras.cmake
[1.136s] -- Up-to-date symlink: /home/gideon/turtlebot3_ws/install/dynamixel_sdk/share/dynamixel_sdk/cmake/ament_cmake_export_include_directories-extras.cmake
[1.137s] -- Up-to-date symlink: /home/gideon/turtlebot3_ws/install/dynamixel_sdk/share/dynamixel_sdk/cmake/ament_cmake_export_libraries-extras.cmake
[1.138s] -- Up-to-date symlink: /home/gideon/turtlebot3_ws/install/dynamixel_sdk/share/dynamixel_sdk/cmake/dynamixel_sdkConfig.cmake
[1.138s] -- Up-to-date symlink: /home/gideon/turtlebot3_ws/install/dynamixel_sdk/share/dynamixel_sdk/cmake/dynamixel_sdkConfig-version.cmake
[1.139s] -- Up-to-date symlink: /home/gideon/turtlebot3_ws/install/dynamixel_sdk/share/dynamixel_sdk/package.xml
[1.141s] -- Up-to-date: /home/gideon/turtlebot3_ws/install/dynamixel_sdk/lib/libdynamixel_sdk.so
[1.199s] Listing '/home/gideon/turtlebot3_ws/install/dynamixel_sdk/lib/python3.12/site-packages/dynamixel_sdk'...
[1.212s] -- Up-to-date: /home/gideon/turtlebot3_ws/install/dynamixel_sdk/share/dynamixel_sdk/cmake/dynamixel_sdkExport.cmake
[1.213s] -- Up-to-date: /home/gideon/turtlebot3_ws/install/dynamixel_sdk/share/dynamixel_sdk/cmake/dynamixel_sdkExport-noconfig.cmake
[1.214s] Invoked command in '/home/gideon/turtlebot3_ws/build/dynamixel_sdk' returned '0': CMAKE_PREFIX_PATH=${CMAKE_PREFIX_PATH}:/home/gideon/turtlebot3_ws/install/turtlebot3_teleop:/home/gideon/turtlebot3_ws/install/turtlebot3_example:/opt/ros/jazzy DEBUGINFOD_URLS=https://debuginfod.ubuntu.com /usr/bin/cmake --install /home/gideon/turtlebot3_ws/build/dynamixel_sdk
