[0.048s] Invoking command in '/home/gideon/turtlebot3_ws/build/turtlebot3_gazebo': CMAKE_PREFIX_PATH=${CMAKE_PREFIX_PATH}:/home/gideon/turtlebot3_ws/install/turtlebot3_teleop:/home/gideon/turtlebot3_ws/install/turtlebot3_example:/opt/ros/jazzy DEBUGINFOD_URLS=https://debuginfod.ubuntu.com /usr/bin/cmake /home/gideon/turtlebot3_ws/src/turtlebot3_simulations/turtlebot3_gazebo -DAMENT_CMAKE_SYMLINK_INSTALL=1 -DCMAKE_INSTALL_PREFIX=/home/gideon/turtlebot3_ws/install/turtlebot3_gazebo
[0.248s] -- The C compiler identification is GNU 13.3.0
[0.451s] -- The CXX compiler identification is GNU 13.3.0
[0.484s] -- Detecting C compiler ABI info
[0.661s] -- Detecting C compiler ABI info - done
[0.674s] -- Check for working C compiler: /usr/bin/cc - skipped
[0.674s] -- Detecting C compile features
[0.676s] -- Detecting C compile features - done
[0.694s] -- Detecting CXX compiler ABI info
[0.898s] -- Detecting CXX compiler ABI info - done
[0.925s] -- Check for working CXX compiler: /usr/bin/c++ - skipped
[0.925s] -- Detecting CXX compile features
[0.926s] -- Detecting CXX compile features - done
[0.945s] -- Found ament_cmake: 2.5.4 (/opt/ros/jazzy/share/ament_cmake/cmake)
[1.305s] -- Found Python3: /usr/bin/python3 (found version "3.12.3") found components: Interpreter 
[1.458s] -- Override CMake install command with custom implementation using symlinks instead of copying resources
[1.581s] -- Found ros_gz_sim: 1.0.16 (/opt/ros/jazzy/share/ros_gz_sim/cmake)
[1.727s] -- Found rosidl_generator_c: 4.6.6 (/opt/ros/jazzy/share/rosidl_generator_c/cmake)
[1.772s] -- Found rosidl_generator_cpp: 4.6.6 (/opt/ros/jazzy/share/rosidl_generator_cpp/cmake)
[1.828s] -- Using all available rosidl_typesupport_c: rosidl_typesupport_fastrtps_c;rosidl_typesupport_introspection_c
[1.889s] -- Using all available rosidl_typesupport_cpp: rosidl_typesupport_fastrtps_cpp;rosidl_typesupport_introspection_cpp
[2.168s] -- Found rmw_implementation_cmake: 7.3.2 (/opt/ros/jazzy/share/rmw_implementation_cmake/cmake)
[2.209s] -- Found rmw_fastrtps_cpp: 8.4.3 (/opt/ros/jazzy/share/rmw_fastrtps_cpp/cmake)
[2.692s] -- Found OpenSSL: /usr/lib/x86_64-linux-gnu/libcrypto.so (found version "3.0.13")  
[2.789s] -- Found FastRTPS: /opt/ros/jazzy/include (Required is at least version "2.13") 
[2.897s] -- Using RMW implementation 'rmw_fastrtps_cpp' as default
[3.838s] -- Found nav_msgs: 5.3.6 (/opt/ros/jazzy/share/nav_msgs/cmake)
[3.910s] -- Found sensor_msgs: 5.3.6 (/opt/ros/jazzy/share/sensor_msgs/cmake)
[3.974s] -- Found gz_math_vendor: 0.0.8 (/opt/ros/jazzy/share/gz_math_vendor/cmake)
[4.002s] -- Looking for gz-math7 -- found version 7.5.2
[4.023s] -- Searching for dependencies of gz-math7
[4.029s] -- Looking for gz-utils2 -- found version 2.2.1
[4.029s] -- Searching for dependencies of gz-utils2
[4.040s] -- Found gz_sim_vendor: 0.0.8 (/opt/ros/jazzy/share/gz_sim_vendor/cmake)
[4.194s] -- Looking for gz-sim8 -- found version 8.9.0
[4.194s] -- Searching for dependencies of gz-sim8
[4.200s] -- Looking for sdformat14 -- found version 14.8.0
[4.200s] -- Searching for dependencies of sdformat14
[4.208s] -- Checking for module 'tinyxml2'
[4.238s] --   Found tinyxml2, version 10.0.0
[4.289s] -- Looking for gz-math7 -- found version 7.5.2
[4.290s] -- Looking for gz-utils2 -- found version 2.2.1
[4.290s] -- Searching for dependencies of gz-utils2
[4.291s] -- Searching for <gz-utils2> component [cli]
[4.299s] -- Looking for gz-utils2-cli -- found version 2.2.1
[4.299s] -- Searching for dependencies of gz-utils2-cli
[4.308s] -- Looking for gz-plugin2 -- found version 2.0.4
[4.309s] -- Searching for dependencies of gz-plugin2
[4.309s] -- Looking for gz-utils2 -- found version 2.2.1
[4.311s] -- Searching for <gz-plugin2> component [loader]
[4.317s] -- Looking for gz-plugin2-loader -- found version 2.0.4
[4.317s] -- Searching for dependencies of gz-plugin2-loader
[4.318s] -- Searching for <gz-plugin2> component [register]
[4.325s] -- Looking for gz-plugin2-register -- found version 2.0.4
[4.325s] -- Searching for dependencies of gz-plugin2-register
[4.332s] -- Looking for gz-transport13 -- found version 13.4.1
[4.332s] -- Searching for dependencies of gz-transport13
[4.573s] -- Found Protobuf: /usr/lib/x86_64-linux-gnu/libprotobuf.so (found version "3.21.12") 
[4.598s] -- Config-file not installed for ZeroMQ -- checking for pkg-config
[4.607s] -- Checking for module 'libzmq >= 4'
[4.637s] --   Found libzmq, version 4.3.5
[4.706s] -- Found ZeroMQ: TRUE (Required is at least version "4") 
[4.719s] -- Checking for module 'uuid'
[4.753s] --   Found uuid, version 2.39.3
[4.813s] -- Found UUID: TRUE  
[4.813s] -- Looking for gz-utils2 -- found version 2.2.1
[4.819s] -- Looking for gz-msgs10 -- found version 10.3.2
[4.820s] -- Searching for dependencies of gz-msgs10
[4.854s] -- Looking for gz-utils2 -- found version 2.2.1
[4.854s] -- Looking for gz-math7 -- found version 7.5.2
[4.866s] -- Searching for <gz-transport13> component [log]
[4.870s] -- Looking for gz-transport13-log -- found version 13.4.1
[4.870s] -- Searching for dependencies of gz-transport13-log
[4.871s] -- Searching for <gz-transport13> component [parameters]
[4.876s] -- Looking for gz-transport13-parameters -- found version 13.4.1
[4.876s] -- Searching for dependencies of gz-transport13-parameters
[4.878s] -- Looking for gz-msgs10 -- found version 10.3.2
[4.883s] -- Looking for gz-common5 -- found version 5.7.1
[4.883s] -- Searching for dependencies of gz-common5
[4.883s] -- Looking for gz-utils2 -- found version 2.2.1
[4.885s] -- Looking for dlfcn.h - found
[4.887s] -- Looking for libdl - found
[4.889s] -- Found DL: TRUE  
[4.899s] -- Searching for <gz-common5> component [av]
[4.905s] -- Looking for gz-common5-av -- found version 5.7.1
[4.905s] -- Searching for dependencies of gz-common5-av
[4.914s] -- Checking for module 'libswscale'
[4.942s] --   Found libswscale, version 7.5.100
[4.991s] -- Found SWSCALE: TRUE  
[4.998s] -- Checking for module 'libavdevice >= 56.4.100'
[5.021s] --   Found libavdevice, version 60.3.100
[5.087s] -- Found AVDEVICE: TRUE (Required is at least version "56.4.100") 
[5.095s] -- Checking for module 'libavformat'
[5.118s] --   Found libavformat, version 60.16.100
[5.169s] -- Found AVFORMAT: TRUE  
[5.177s] -- Checking for module 'libavcodec'
[5.201s] --   Found libavcodec, version 60.31.102
[5.257s] -- Found AVCODEC: TRUE  
[5.266s] -- Checking for module 'libavutil'
[5.295s] --   Found libavutil, version 58.29.100
[5.347s] -- Found AVUTIL: TRUE  
[5.348s] -- Searching for <gz-common5> component [events]
[5.353s] -- Looking for gz-common5-events -- found version 5.7.1
[5.353s] -- Searching for dependencies of gz-common5-events
[5.354s] -- Looking for gz-math7 -- found version 7.5.2
[5.355s] -- Searching for <gz-common5> component [graphics]
[5.360s] -- Looking for gz-common5-graphics -- found version 5.7.1
[5.360s] -- Searching for dependencies of gz-common5-graphics
[5.360s] -- Looking for gz-math7 -- found version 7.5.2
[5.370s] -- Found GzAssimp: TRUE (found version "5.3.0") 
[5.371s] -- Searching for <gz-common5> component [io]
[5.376s] -- Looking for gz-common5-io -- found version 5.7.1
[5.377s] -- Searching for dependencies of gz-common5-io
[5.378s] -- Searching for <gz-common5> component [profiler]
[5.383s] -- Looking for gz-common5-profiler -- found version 5.7.1
[5.383s] -- Searching for dependencies of gz-common5-profiler
[5.389s] -- Looking for gz-fuel_tools9 -- found version 9.1.1
[5.389s] -- Searching for dependencies of gz-fuel_tools9
[5.515s] -- Found CURL: /usr/lib/x86_64-linux-gnu/libcurl.so (found version "8.5.0")  
[5.532s] -- Checking for module 'jsoncpp'
[5.555s] --   Found jsoncpp, version 1.9.5
[5.614s] -- Found JSONCPP: TRUE  
[5.651s] -- Checking for module 'yaml-0.1'
[5.682s] --   Found yaml-0.1, version 0.2.5
[5.735s] -- Found YAML: TRUE  
[5.742s] -- Checking for module 'libzip'
[5.766s] --   Found libzip, version 1.7.3
[5.822s] -- Found ZIP: TRUE  
[5.823s] -- Looking for gz-utils2 -- found version 2.2.1
[5.824s] -- Looking for gz-common5 -- found version 5.7.1
[5.824s] -- Searching for dependencies of gz-common5
[5.825s] -- Looking for gz-utils2 -- found version 2.2.1
[5.826s] -- Looking for dlfcn.h - found
[5.826s] -- Looking for libdl - found
[5.839s] -- Searching for <gz-common5> component [testing]
[5.846s] -- Looking for gz-common5-testing -- found version 5.7.1
[5.846s] -- Searching for dependencies of gz-common5-testing
[5.849s] -- Looking for gz-math7 -- found version 7.5.2
[5.850s] -- Looking for gz-msgs10 -- found version 10.3.2
[5.859s] -- Looking for gz-gui8 -- found version 8.4.0
[5.859s] -- Searching for dependencies of gz-gui8
[5.905s] -- Looking for gz-utils2 -- found version 2.2.1
[5.905s] -- Looking for gz-math7 -- found version 7.5.2
[5.906s] -- Looking for gz-common5 -- found version 5.7.1
[5.906s] -- Looking for gz-plugin2 -- found version 2.0.4
[5.907s] -- Looking for gz-transport13 -- found version 13.4.1
[5.912s] -- Looking for gz-rendering8 -- found version 8.2.2
[5.912s] -- Searching for dependencies of gz-rendering8
[5.913s] -- Looking for gz-math7 -- found version 7.5.2
[5.913s] -- Searching for dependencies of gz-math7
[5.914s] -- Looking for gz-utils2 -- found version 2.2.1
[5.914s] -- Searching for <gz-math7> component [eigen3]
[5.919s] -- Looking for gz-math7-eigen3 -- found version 7.5.2
[5.919s] -- Searching for dependencies of gz-math7-eigen3
[5.936s] -- Looking for gz-common5 -- found version 5.7.1
[5.936s] -- Searching for dependencies of gz-common5
[5.937s] -- Looking for gz-utils2 -- found version 2.2.1
[5.937s] -- Looking for dlfcn.h - found
[5.937s] -- Looking for libdl - found
[5.947s] -- Searching for <gz-common5> component [graphics]
[5.947s] -- Searching for <gz-common5> component [events]
[5.947s] -- Searching for <gz-common5> component [geospatial]
[5.951s] -- Looking for gz-common5-geospatial -- found version 5.7.1
[5.952s] -- Searching for dependencies of gz-common5-geospatial
[5.952s] -- Looking for gz-math7 -- found version 7.5.2
[5.953s] -- Looking for gz-common5 -- found version 5.7.1
[5.955s] -- Looking for gz-plugin2 -- found version 2.0.4
[5.955s] -- Searching for dependencies of gz-plugin2
[5.956s] -- Looking for gz-utils2 -- found version 2.2.1
[5.956s] -- Searching for <gz-plugin2> component [all]
[5.960s] -- Looking for all libraries of gz-plugin2 -- found version 2.0.4
[5.961s] -- Looking for gz-plugin2 -- found version 2.0.4
[5.962s] -- Looking for gz-utils2 -- found version 2.2.1
[5.990s] -- Found OpenGL: /usr/lib/x86_64-linux-gnu/libOpenGL.so  found components: OpenGL 
[5.992s] -- Looking for gz-msgs10 -- found version 10.3.2
[6.082s] -- Looking for gz-physics7 -- found version 7.5.0
[6.083s] -- Searching for dependencies of gz-physics7
[6.083s] -- Looking for gz-common5 -- found version 5.7.1
[6.084s] -- Looking for gz-math7 -- found version 7.5.2
[6.084s] -- Looking for gz-plugin2 -- found version 2.0.4
[6.085s] -- Looking for gz-utils2 -- found version 2.2.1
[6.087s] -- Searching for <gz-physics7> component [heightmap]
[6.092s] -- Looking for gz-physics7-heightmap -- found version 7.5.0
[6.092s] -- Searching for dependencies of gz-physics7-heightmap
[6.093s] -- Looking for gz-common5 -- found version 5.7.1
[6.094s] -- Searching for <gz-physics7> component [mesh]
[6.099s] -- Looking for gz-physics7-mesh -- found version 7.5.0
[6.099s] -- Searching for dependencies of gz-physics7-mesh
[6.100s] -- Looking for gz-common5 -- found version 5.7.1
[6.101s] -- Searching for <gz-physics7> component [sdf]
[6.106s] -- Looking for gz-physics7-sdf -- found version 7.5.0
[6.106s] -- Searching for dependencies of gz-physics7-sdf
[6.107s] -- Looking for sdformat14 -- found version 14.8.0
[6.113s] -- Looking for gz-sensors8 -- found version 8.2.2
[6.114s] -- Searching for dependencies of gz-sensors8
[6.144s] -- Looking for gz-math7 -- found version 7.5.2
[6.144s] -- Looking for gz-common5 -- found version 5.7.1
[6.145s] -- Looking for gz-transport13 -- found version 13.4.1
[6.146s] -- Looking for gz-rendering8 -- found version 8.2.2
[6.146s] -- Looking for gz-msgs10 -- found version 10.3.2
[6.147s] -- Looking for sdformat14 -- found version 14.8.0
[6.149s] -- Searching for <gz-sensors8> component [air_pressure]
[6.152s] -- Looking for gz-sensors8-air_pressure -- found version 8.2.2
[6.153s] -- Searching for dependencies of gz-sensors8-air_pressure
[6.154s] -- Searching for <gz-sensors8> component [air_speed]
[6.158s] -- Looking for gz-sensors8-air_speed -- found version 8.2.2
[6.158s] -- Searching for dependencies of gz-sensors8-air_speed
[6.159s] -- Searching for <gz-sensors8> component [altimeter]
[6.163s] -- Looking for gz-sensors8-altimeter -- found version 8.2.2
[6.163s] -- Searching for dependencies of gz-sensors8-altimeter
[6.164s] -- Searching for <gz-sensors8> component [imu]
[6.168s] -- Looking for gz-sensors8-imu -- found version 8.2.2
[6.168s] -- Searching for dependencies of gz-sensors8-imu
[6.170s] -- Searching for <gz-sensors8> component [force_torque]
[6.174s] -- Looking for gz-sensors8-force_torque -- found version 8.2.2
[6.174s] -- Searching for dependencies of gz-sensors8-force_torque
[6.175s] -- Searching for <gz-sensors8> component [logical_camera]
[6.179s] -- Looking for gz-sensors8-logical_camera -- found version 8.2.2
[6.179s] -- Searching for dependencies of gz-sensors8-logical_camera
[6.180s] -- Searching for <gz-sensors8> component [magnetometer]
[6.184s] -- Looking for gz-sensors8-magnetometer -- found version 8.2.2
[6.184s] -- Searching for dependencies of gz-sensors8-magnetometer
[6.186s] -- Searching for <gz-sensors8> component [navsat]
[6.190s] -- Looking for gz-sensors8-navsat -- found version 8.2.2
[6.191s] -- Searching for dependencies of gz-sensors8-navsat
[6.192s] -- Searching for <gz-sensors8> component [dvl]
[6.196s] -- Looking for gz-sensors8-dvl -- found version 8.2.2
[6.196s] -- Searching for dependencies of gz-sensors8-dvl
[6.196s] -- Looking for gz-sensors8 -- found version 8.2.2
[6.196s] -- Searching for dependencies of gz-sensors8
[6.227s] -- Looking for gz-math7 -- found version 7.5.2
[6.228s] -- Looking for gz-common5 -- found version 5.7.1
[6.228s] -- Looking for gz-transport13 -- found version 13.4.1
[6.229s] -- Looking for gz-rendering8 -- found version 8.2.2
[6.230s] -- Looking for gz-msgs10 -- found version 10.3.2
[6.230s] -- Looking for sdformat14 -- found version 14.8.0
[6.231s] -- Searching for <gz-sensors8> component [rendering]
[6.235s] -- Looking for gz-sensors8-rendering -- found version 8.2.2
[6.235s] -- Searching for dependencies of gz-sensors8-rendering
[6.238s] -- Searching for <gz-sensors8> component [rendering]
[6.238s] -- Searching for <gz-sensors8> component [lidar]
[6.242s] -- Looking for gz-sensors8-lidar -- found version 8.2.2
[6.242s] -- Searching for dependencies of gz-sensors8-lidar
[6.243s] -- Looking for gz-sensors8 -- found version 8.2.2
[6.244s] -- Searching for <gz-sensors8> component [gpu_lidar]
[6.248s] -- Looking for gz-sensors8-gpu_lidar -- found version 8.2.2
[6.248s] -- Searching for dependencies of gz-sensors8-gpu_lidar
[6.249s] -- Looking for gz-sensors8 -- found version 8.2.2
[6.250s] -- Searching for <gz-sensors8> component [camera]
[6.254s] -- Looking for gz-sensors8-camera -- found version 8.2.2
[6.254s] -- Searching for dependencies of gz-sensors8-camera
[6.255s] -- Looking for gz-sensors8 -- found version 8.2.2
[6.256s] -- Searching for <gz-sensors8> component [boundingbox_camera]
[6.260s] -- Looking for gz-sensors8-boundingbox_camera -- found version 8.2.2
[6.260s] -- Searching for dependencies of gz-sensors8-boundingbox_camera
[6.261s] -- Searching for <gz-sensors8> component [segmentation_camera]
[6.265s] -- Looking for gz-sensors8-segmentation_camera -- found version 8.2.2
[6.266s] -- Searching for dependencies of gz-sensors8-segmentation_camera
[6.267s] -- Searching for <gz-sensors8> component [depth_camera]
[6.271s] -- Looking for gz-sensors8-depth_camera -- found version 8.2.2
[6.272s] -- Searching for dependencies of gz-sensors8-depth_camera
[6.272s] -- Looking for gz-sensors8 -- found version 8.2.2
[6.273s] -- Searching for <gz-sensors8> component [rgbd_camera]
[6.277s] -- Looking for gz-sensors8-rgbd_camera -- found version 8.2.2
[6.277s] -- Searching for dependencies of gz-sensors8-rgbd_camera
[6.278s] -- Looking for gz-sensors8 -- found version 8.2.2
[6.279s] -- Searching for <gz-sensors8> component [thermal_camera]
[6.283s] -- Looking for gz-sensors8-thermal_camera -- found version 8.2.2
[6.283s] -- Searching for dependencies of gz-sensors8-thermal_camera
[6.284s] -- Looking for gz-sensors8 -- found version 8.2.2
[6.285s] -- Searching for <gz-sensors8> component [wide_angle_camera]
[6.289s] -- Looking for gz-sensors8-wide_angle_camera -- found version 8.2.2
[6.289s] -- Searching for dependencies of gz-sensors8-wide_angle_camera
[6.291s] -- Looking for gz-rendering8 -- found version 8.2.2
[6.291s] -- Looking for gz-math7 -- found version 7.5.2
[6.292s] -- Looking for gz-utils2 -- found version 2.2.1
[6.330s] -- Looking for gz-plugin2 -- found version 2.0.4
[6.461s] -- Configuring done (6.4s)
[6.528s] -- Generating done (0.1s)
[6.539s] -- Build files have been written to: /home/gideon/turtlebot3_ws/build/turtlebot3_gazebo
[6.564s] Invoked command in '/home/gideon/turtlebot3_ws/build/turtlebot3_gazebo' returned '0': CMAKE_PREFIX_PATH=${CMAKE_PREFIX_PATH}:/home/gideon/turtlebot3_ws/install/turtlebot3_teleop:/home/gideon/turtlebot3_ws/install/turtlebot3_example:/opt/ros/jazzy DEBUGINFOD_URLS=https://debuginfod.ubuntu.com /usr/bin/cmake /home/gideon/turtlebot3_ws/src/turtlebot3_simulations/turtlebot3_gazebo -DAMENT_CMAKE_SYMLINK_INSTALL=1 -DCMAKE_INSTALL_PREFIX=/home/gideon/turtlebot3_ws/install/turtlebot3_gazebo
[6.566s] Invoking command in '/home/gideon/turtlebot3_ws/build/turtlebot3_gazebo': CMAKE_PREFIX_PATH=${CMAKE_PREFIX_PATH}:/home/gideon/turtlebot3_ws/install/turtlebot3_teleop:/home/gideon/turtlebot3_ws/install/turtlebot3_example:/opt/ros/jazzy DEBUGINFOD_URLS=https://debuginfod.ubuntu.com /usr/bin/cmake --build /home/gideon/turtlebot3_ws/build/turtlebot3_gazebo -- -j8 -l8
[6.669s] [ 12%] [32mBuilding CXX object CMakeFiles/obstacles.dir/src/obstacles.cpp.o[0m
[6.669s] [ 37%] [32mBuilding CXX object CMakeFiles/turtlebot3_drive.dir/src/turtlebot3_drive.cpp.o[0m
[6.669s] [ 37%] [32mBuilding CXX object CMakeFiles/obstacle2.dir/src/obstacle2.cpp.o[0m
[6.670s] [ 50%] [32mBuilding CXX object CMakeFiles/obstacle1.dir/src/obstacle1.cpp.o[0m
[12.499s] [ 62%] [32m[1mLinking CXX shared library libobstacle1.so[0m
[12.637s] [ 75%] [32m[1mLinking CXX shared library libobstacle2.so[0m
[12.890s] [ 75%] Built target obstacle1
[13.005s] [ 75%] Built target obstacle2
[13.493s] [ 87%] [32m[1mLinking CXX shared library libobstacles.so[0m
[13.981s] [ 87%] Built target obstacles
[30.499s] [100%] [32m[1mLinking CXX executable turtlebot3_drive[0m
[31.154s] [100%] Built target turtlebot3_drive
[31.173s] Invoked command in '/home/gideon/turtlebot3_ws/build/turtlebot3_gazebo' returned '0': CMAKE_PREFIX_PATH=${CMAKE_PREFIX_PATH}:/home/gideon/turtlebot3_ws/install/turtlebot3_teleop:/home/gideon/turtlebot3_ws/install/turtlebot3_example:/opt/ros/jazzy DEBUGINFOD_URLS=https://debuginfod.ubuntu.com /usr/bin/cmake --build /home/gideon/turtlebot3_ws/build/turtlebot3_gazebo -- -j8 -l8
[31.176s] Invoking command in '/home/gideon/turtlebot3_ws/build/turtlebot3_gazebo': CMAKE_PREFIX_PATH=${CMAKE_PREFIX_PATH}:/home/gideon/turtlebot3_ws/install/turtlebot3_teleop:/home/gideon/turtlebot3_ws/install/turtlebot3_example:/opt/ros/jazzy DEBUGINFOD_URLS=https://debuginfod.ubuntu.com /usr/bin/cmake --install /home/gideon/turtlebot3_ws/build/turtlebot3_gazebo
[31.189s] -- Install configuration: ""
[31.190s] -- Execute custom install script
[31.191s] -- Symlinking: /home/gideon/turtlebot3_ws/install/turtlebot3_gazebo/lib/turtlebot3_gazebo/turtlebot3_drive
[31.206s] -- Symlinking: /home/gideon/turtlebot3_ws/install/turtlebot3_gazebo/lib/turtlebot3_gazebo/libobstacles.so
[31.221s] -- Symlinking: /home/gideon/turtlebot3_ws/install/turtlebot3_gazebo/lib/turtlebot3_gazebo/libobstacle1.so
[31.236s] -- Symlinking: /home/gideon/turtlebot3_ws/install/turtlebot3_gazebo/lib/turtlebot3_gazebo/libobstacle2.so
[31.252s] -- Symlinking: /home/gideon/turtlebot3_ws/install/turtlebot3_gazebo/share/turtlebot3_gazebo//launch/cubiclean_sim.launch.py
[31.267s] -- Symlinking: /home/gideon/turtlebot3_ws/install/turtlebot3_gazebo/share/turtlebot3_gazebo//launch/empty_world.launch.py
[31.282s] -- Symlinking: /home/gideon/turtlebot3_ws/install/turtlebot3_gazebo/share/turtlebot3_gazebo//launch/robot_state_publisher.launch.py
[31.298s] -- Symlinking: /home/gideon/turtlebot3_ws/install/turtlebot3_gazebo/share/turtlebot3_gazebo//launch/spawn_turtlebot3.launch.py
[31.313s] -- Symlinking: /home/gideon/turtlebot3_ws/install/turtlebot3_gazebo/share/turtlebot3_gazebo//launch/turtlebot3_dqn_stage1.launch.py
[31.328s] -- Symlinking: /home/gideon/turtlebot3_ws/install/turtlebot3_gazebo/share/turtlebot3_gazebo//launch/turtlebot3_dqn_stage2.launch.py
[31.343s] -- Symlinking: /home/gideon/turtlebot3_ws/install/turtlebot3_gazebo/share/turtlebot3_gazebo//launch/turtlebot3_dqn_stage3.launch.py
[31.358s] -- Symlinking: /home/gideon/turtlebot3_ws/install/turtlebot3_gazebo/share/turtlebot3_gazebo//launch/turtlebot3_dqn_stage4.launch.py
[31.373s] -- Symlinking: /home/gideon/turtlebot3_ws/install/turtlebot3_gazebo/share/turtlebot3_gazebo//launch/turtlebot3_house.launch.py
[31.388s] -- Symlinking: /home/gideon/turtlebot3_ws/install/turtlebot3_gazebo/share/turtlebot3_gazebo//launch/turtlebot3_world.launch.py
[31.406s] -- Symlinking: /home/gideon/turtlebot3_ws/install/turtlebot3_gazebo/share/turtlebot3_gazebo//models/turtlebot3_burger/model-1_4.sdf
[31.421s] -- Symlinking: /home/gideon/turtlebot3_ws/install/turtlebot3_gazebo/share/turtlebot3_gazebo//models/turtlebot3_burger/model.config
[31.435s] -- Symlinking: /home/gideon/turtlebot3_ws/install/turtlebot3_gazebo/share/turtlebot3_gazebo//models/turtlebot3_burger/model.sdf
[31.450s] -- Symlinking: /home/gideon/turtlebot3_ws/install/turtlebot3_gazebo/share/turtlebot3_gazebo//models/turtlebot3_burger_cam/model-1_4.sdf
[31.465s] -- Symlinking: /home/gideon/turtlebot3_ws/install/turtlebot3_gazebo/share/turtlebot3_gazebo//models/turtlebot3_burger_cam/model.config
[31.480s] -- Symlinking: /home/gideon/turtlebot3_ws/install/turtlebot3_gazebo/share/turtlebot3_gazebo//models/turtlebot3_burger_cam/model.sdf
[31.496s] -- Symlinking: /home/gideon/turtlebot3_ws/install/turtlebot3_gazebo/share/turtlebot3_gazebo//models/turtlebot3_common/meshes/bases/burger_base.stl
[31.511s] -- Symlinking: /home/gideon/turtlebot3_ws/install/turtlebot3_gazebo/share/turtlebot3_gazebo//models/turtlebot3_common/meshes/bases/waffle_base.stl
[31.525s] -- Symlinking: /home/gideon/turtlebot3_ws/install/turtlebot3_gazebo/share/turtlebot3_gazebo//models/turtlebot3_common/meshes/bases/waffle_pi_base.stl
[31.540s] -- Symlinking: /home/gideon/turtlebot3_ws/install/turtlebot3_gazebo/share/turtlebot3_gazebo//models/turtlebot3_common/meshes/burger_base.dae
[31.555s] -- Symlinking: /home/gideon/turtlebot3_ws/install/turtlebot3_gazebo/share/turtlebot3_gazebo//models/turtlebot3_common/meshes/lds.dae
[31.570s] -- Symlinking: /home/gideon/turtlebot3_ws/install/turtlebot3_gazebo/share/turtlebot3_gazebo//models/turtlebot3_common/meshes/r200.dae
[31.585s] -- Symlinking: /home/gideon/turtlebot3_ws/install/turtlebot3_gazebo/share/turtlebot3_gazebo//models/turtlebot3_common/meshes/sensors/astra.dae
[31.602s] -- Symlinking: /home/gideon/turtlebot3_ws/install/turtlebot3_gazebo/share/turtlebot3_gazebo//models/turtlebot3_common/meshes/sensors/astra.jpg
[31.617s] -- Symlinking: /home/gideon/turtlebot3_ws/install/turtlebot3_gazebo/share/turtlebot3_gazebo//models/turtlebot3_common/meshes/sensors/lds.stl
[31.632s] -- Symlinking: /home/gideon/turtlebot3_ws/install/turtlebot3_gazebo/share/turtlebot3_gazebo//models/turtlebot3_common/meshes/sensors/r200.dae
[31.647s] -- Symlinking: /home/gideon/turtlebot3_ws/install/turtlebot3_gazebo/share/turtlebot3_gazebo//models/turtlebot3_common/meshes/sensors/r200.jpg
[31.663s] -- Symlinking: /home/gideon/turtlebot3_ws/install/turtlebot3_gazebo/share/turtlebot3_gazebo//models/turtlebot3_common/meshes/tire.dae
[31.679s] -- Symlinking: /home/gideon/turtlebot3_ws/install/turtlebot3_gazebo/share/turtlebot3_gazebo//models/turtlebot3_common/meshes/waffle_base.dae
[31.695s] -- Symlinking: /home/gideon/turtlebot3_ws/install/turtlebot3_gazebo/share/turtlebot3_gazebo//models/turtlebot3_common/meshes/waffle_pi_base.dae
[31.711s] -- Symlinking: /home/gideon/turtlebot3_ws/install/turtlebot3_gazebo/share/turtlebot3_gazebo//models/turtlebot3_common/meshes/wheels/left_tire.stl
[31.726s] -- Symlinking: /home/gideon/turtlebot3_ws/install/turtlebot3_gazebo/share/turtlebot3_gazebo//models/turtlebot3_common/meshes/wheels/right_tire.stl
[31.740s] -- Symlinking: /home/gideon/turtlebot3_ws/install/turtlebot3_gazebo/share/turtlebot3_gazebo//models/turtlebot3_common/model.config
[31.755s] -- Symlinking: /home/gideon/turtlebot3_ws/install/turtlebot3_gazebo/share/turtlebot3_gazebo//models/turtlebot3_dqn_world/goal_box/model.config
[31.770s] -- Symlinking: /home/gideon/turtlebot3_ws/install/turtlebot3_gazebo/share/turtlebot3_gazebo//models/turtlebot3_dqn_world/goal_box/model.sdf
[31.785s] -- Symlinking: /home/gideon/turtlebot3_ws/install/turtlebot3_gazebo/share/turtlebot3_gazebo//models/turtlebot3_dqn_world/inner_walls/model.config
[31.800s] -- Symlinking: /home/gideon/turtlebot3_ws/install/turtlebot3_gazebo/share/turtlebot3_gazebo//models/turtlebot3_dqn_world/inner_walls/model.sdf
[31.815s] -- Symlinking: /home/gideon/turtlebot3_ws/install/turtlebot3_gazebo/share/turtlebot3_gazebo//models/turtlebot3_dqn_world/inner_walls/textures/wood.png
[31.830s] -- Symlinking: /home/gideon/turtlebot3_ws/install/turtlebot3_gazebo/share/turtlebot3_gazebo//models/turtlebot3_dqn_world/model.config
[31.844s] -- Symlinking: /home/gideon/turtlebot3_ws/install/turtlebot3_gazebo/share/turtlebot3_gazebo//models/turtlebot3_dqn_world/model.sdf
[31.859s] -- Symlinking: /home/gideon/turtlebot3_ws/install/turtlebot3_gazebo/share/turtlebot3_gazebo//models/turtlebot3_dqn_world/obstacle1/model.config
[31.874s] -- Symlinking: /home/gideon/turtlebot3_ws/install/turtlebot3_gazebo/share/turtlebot3_gazebo//models/turtlebot3_dqn_world/obstacle1/model.sdf
[31.889s] -- Symlinking: /home/gideon/turtlebot3_ws/install/turtlebot3_gazebo/share/turtlebot3_gazebo//models/turtlebot3_dqn_world/obstacle2/model.config
[31.905s] -- Symlinking: /home/gideon/turtlebot3_ws/install/turtlebot3_gazebo/share/turtlebot3_gazebo//models/turtlebot3_dqn_world/obstacle2/model.sdf
[31.920s] -- Symlinking: /home/gideon/turtlebot3_ws/install/turtlebot3_gazebo/share/turtlebot3_gazebo//models/turtlebot3_dqn_world/obstacles/model.config
[31.935s] -- Symlinking: /home/gideon/turtlebot3_ws/install/turtlebot3_gazebo/share/turtlebot3_gazebo//models/turtlebot3_dqn_world/obstacles/model.sdf
[31.950s] -- Symlinking: /home/gideon/turtlebot3_ws/install/turtlebot3_gazebo/share/turtlebot3_gazebo//models/turtlebot3_dqn_world/textures/wood.png
[31.966s] -- Symlinking: /home/gideon/turtlebot3_ws/install/turtlebot3_gazebo/share/turtlebot3_gazebo//models/turtlebot3_house/cafe_table/materials/textures/Maple.jpg
[31.981s] -- Symlinking: /home/gideon/turtlebot3_ws/install/turtlebot3_gazebo/share/turtlebot3_gazebo//models/turtlebot3_house/cafe_table/materials/textures/Wood_Floor_Dark.jpg
[31.997s] -- Symlinking: /home/gideon/turtlebot3_ws/install/turtlebot3_gazebo/share/turtlebot3_gazebo//models/turtlebot3_house/cafe_table/meshes/cafe_table.dae
[32.012s] -- Symlinking: /home/gideon/turtlebot3_ws/install/turtlebot3_gazebo/share/turtlebot3_gazebo//models/turtlebot3_house/cafe_table/model-1_4.sdf
[32.028s] -- Symlinking: /home/gideon/turtlebot3_ws/install/turtlebot3_gazebo/share/turtlebot3_gazebo//models/turtlebot3_house/cafe_table/model.config
[32.043s] -- Symlinking: /home/gideon/turtlebot3_ws/install/turtlebot3_gazebo/share/turtlebot3_gazebo//models/turtlebot3_house/cafe_table/model.sdf
[32.058s] -- Symlinking: /home/gideon/turtlebot3_ws/install/turtlebot3_gazebo/share/turtlebot3_gazebo//models/turtlebot3_house/first_2015_trash_can/meshes/trash_can.dae
[32.073s] -- Symlinking: /home/gideon/turtlebot3_ws/install/turtlebot3_gazebo/share/turtlebot3_gazebo//models/turtlebot3_house/first_2015_trash_can/model.config
[32.089s] -- Symlinking: /home/gideon/turtlebot3_ws/install/turtlebot3_gazebo/share/turtlebot3_gazebo//models/turtlebot3_house/first_2015_trash_can/model.sdf
[32.104s] -- Symlinking: /home/gideon/turtlebot3_ws/install/turtlebot3_gazebo/share/turtlebot3_gazebo//models/turtlebot3_house/mailbox/materials/scripts/mailbox.material
[32.118s] -- Symlinking: /home/gideon/turtlebot3_ws/install/turtlebot3_gazebo/share/turtlebot3_gazebo//models/turtlebot3_house/mailbox/materials/textures/Mailbox_Diffuse.png
[32.134s] -- Symlinking: /home/gideon/turtlebot3_ws/install/turtlebot3_gazebo/share/turtlebot3_gazebo//models/turtlebot3_house/mailbox/materials/textures/Mailbox_Diffuse.tga.orig
[32.154s] -- Symlinking: /home/gideon/turtlebot3_ws/install/turtlebot3_gazebo/share/turtlebot3_gazebo//models/turtlebot3_house/mailbox/materials/textures/Mailbox_Spec.png
[32.176s] -- Symlinking: /home/gideon/turtlebot3_ws/install/turtlebot3_gazebo/share/turtlebot3_gazebo//models/turtlebot3_house/mailbox/meshes/mailbox.dae
[32.191s] -- Symlinking: /home/gideon/turtlebot3_ws/install/turtlebot3_gazebo/share/turtlebot3_gazebo//models/turtlebot3_house/mailbox/model-1_3.sdf
[32.208s] -- Symlinking: /home/gideon/turtlebot3_ws/install/turtlebot3_gazebo/share/turtlebot3_gazebo//models/turtlebot3_house/mailbox/model-1_4.sdf
[32.223s] -- Symlinking: /home/gideon/turtlebot3_ws/install/turtlebot3_gazebo/share/turtlebot3_gazebo//models/turtlebot3_house/mailbox/model.config
[32.239s] -- Symlinking: /home/gideon/turtlebot3_ws/install/turtlebot3_gazebo/share/turtlebot3_gazebo//models/turtlebot3_house/mailbox/model.sdf
[32.255s] -- Symlinking: /home/gideon/turtlebot3_ws/install/turtlebot3_gazebo/share/turtlebot3_gazebo//models/turtlebot3_house/model.config
[32.271s] -- Symlinking: /home/gideon/turtlebot3_ws/install/turtlebot3_gazebo/share/turtlebot3_gazebo//models/turtlebot3_house/model.sdf
[32.286s] -- Symlinking: /home/gideon/turtlebot3_ws/install/turtlebot3_gazebo/share/turtlebot3_gazebo//models/turtlebot3_house/table_marble/materials/scripts/table_lightmap.material
[32.302s] -- Symlinking: /home/gideon/turtlebot3_ws/install/turtlebot3_gazebo/share/turtlebot3_gazebo//models/turtlebot3_house/table_marble/materials/textures/marble.png
[32.318s] -- Symlinking: /home/gideon/turtlebot3_ws/install/turtlebot3_gazebo/share/turtlebot3_gazebo//models/turtlebot3_house/table_marble/materials/textures/table_lightmap.png
[32.338s] -- Symlinking: /home/gideon/turtlebot3_ws/install/turtlebot3_gazebo/share/turtlebot3_gazebo//models/turtlebot3_house/table_marble/meshes/table_lightmap.dae
[32.359s] -- Symlinking: /home/gideon/turtlebot3_ws/install/turtlebot3_gazebo/share/turtlebot3_gazebo//models/turtlebot3_house/table_marble/model-1_4.sdf
[32.380s] -- Symlinking: /home/gideon/turtlebot3_ws/install/turtlebot3_gazebo/share/turtlebot3_gazebo//models/turtlebot3_house/table_marble/model.config
[32.397s] -- Symlinking: /home/gideon/turtlebot3_ws/install/turtlebot3_gazebo/share/turtlebot3_gazebo//models/turtlebot3_house/table_marble/model.sdf
[32.414s] -- Symlinking: /home/gideon/turtlebot3_ws/install/turtlebot3_gazebo/share/turtlebot3_gazebo//models/turtlebot3_house/textures/bricks.png
[32.431s] -- Symlinking: /home/gideon/turtlebot3_ws/install/turtlebot3_gazebo/share/turtlebot3_gazebo//models/turtlebot3_house/textures/wood.png
[32.451s] -- Symlinking: /home/gideon/turtlebot3_ws/install/turtlebot3_gazebo/share/turtlebot3_gazebo//models/turtlebot3_waffle/model-1_4.sdf
[32.467s] -- Symlinking: /home/gideon/turtlebot3_ws/install/turtlebot3_gazebo/share/turtlebot3_gazebo//models/turtlebot3_waffle/model.config
[32.483s] -- Symlinking: /home/gideon/turtlebot3_ws/install/turtlebot3_gazebo/share/turtlebot3_gazebo//models/turtlebot3_waffle/model.sdf
[32.504s] -- Symlinking: /home/gideon/turtlebot3_ws/install/turtlebot3_gazebo/share/turtlebot3_gazebo//models/turtlebot3_waffle_pi/model-1_4_.sdf
[32.524s] -- Symlinking: /home/gideon/turtlebot3_ws/install/turtlebot3_gazebo/share/turtlebot3_gazebo//models/turtlebot3_waffle_pi/model.config
[32.539s] -- Symlinking: /home/gideon/turtlebot3_ws/install/turtlebot3_gazebo/share/turtlebot3_gazebo//models/turtlebot3_waffle_pi/model.sdf
[32.560s] -- Symlinking: /home/gideon/turtlebot3_ws/install/turtlebot3_gazebo/share/turtlebot3_gazebo//models/turtlebot3_world/meshes/hexagon.dae
[32.582s] -- Symlinking: /home/gideon/turtlebot3_ws/install/turtlebot3_gazebo/share/turtlebot3_gazebo//models/turtlebot3_world/meshes/wall.dae
[32.598s] -- Symlinking: /home/gideon/turtlebot3_ws/install/turtlebot3_gazebo/share/turtlebot3_gazebo//models/turtlebot3_world/model-1_4.sdf
[32.620s] -- Symlinking: /home/gideon/turtlebot3_ws/install/turtlebot3_gazebo/share/turtlebot3_gazebo//models/turtlebot3_world/model.config
[32.639s] -- Symlinking: /home/gideon/turtlebot3_ws/install/turtlebot3_gazebo/share/turtlebot3_gazebo//models/turtlebot3_world/model.sdf
[32.661s] -- Symlinking: /home/gideon/turtlebot3_ws/install/turtlebot3_gazebo/share/turtlebot3_gazebo//params/turtlebot3_burger_bridge.yaml
[32.684s] -- Symlinking: /home/gideon/turtlebot3_ws/install/turtlebot3_gazebo/share/turtlebot3_gazebo//params/turtlebot3_burger_cam_bridge.yaml
[32.705s] -- Symlinking: /home/gideon/turtlebot3_ws/install/turtlebot3_gazebo/share/turtlebot3_gazebo//params/turtlebot3_waffle_bridge.yaml
[32.726s] -- Symlinking: /home/gideon/turtlebot3_ws/install/turtlebot3_gazebo/share/turtlebot3_gazebo//params/turtlebot3_waffle_pi_bridge.yaml
[32.749s] -- Symlinking: /home/gideon/turtlebot3_ws/install/turtlebot3_gazebo/share/turtlebot3_gazebo//rviz/tb3_gazebo.rviz
[32.771s] -- Symlinking: /home/gideon/turtlebot3_ws/install/turtlebot3_gazebo/share/turtlebot3_gazebo//urdf/common_properties.urdf
[32.794s] -- Symlinking: /home/gideon/turtlebot3_ws/install/turtlebot3_gazebo/share/turtlebot3_gazebo//urdf/turtlebot3_burger.urdf
[32.816s] -- Symlinking: /home/gideon/turtlebot3_ws/install/turtlebot3_gazebo/share/turtlebot3_gazebo//urdf/turtlebot3_burger_cam.urdf
[32.838s] -- Symlinking: /home/gideon/turtlebot3_ws/install/turtlebot3_gazebo/share/turtlebot3_gazebo//urdf/turtlebot3_waffle.urdf
[32.860s] -- Symlinking: /home/gideon/turtlebot3_ws/install/turtlebot3_gazebo/share/turtlebot3_gazebo//urdf/turtlebot3_waffle_pi.urdf
[32.883s] -- Symlinking: /home/gideon/turtlebot3_ws/install/turtlebot3_gazebo/share/turtlebot3_gazebo//worlds/cow_barn_world.sdf
[32.906s] -- Symlinking: /home/gideon/turtlebot3_ws/install/turtlebot3_gazebo/share/turtlebot3_gazebo//worlds/cubiclean_world.sdf
[32.928s] -- Symlinking: /home/gideon/turtlebot3_ws/install/turtlebot3_gazebo/share/turtlebot3_gazebo//worlds/empty_world.world
[32.950s] -- Symlinking: /home/gideon/turtlebot3_ws/install/turtlebot3_gazebo/share/turtlebot3_gazebo//worlds/shapes_demo.sdf
[32.972s] -- Symlinking: /home/gideon/turtlebot3_ws/install/turtlebot3_gazebo/share/turtlebot3_gazebo//worlds/turtlebot3_autorace_2020.world
[32.993s] -- Symlinking: /home/gideon/turtlebot3_ws/install/turtlebot3_gazebo/share/turtlebot3_gazebo//worlds/turtlebot3_dqn_stage1.world
[33.015s] -- Symlinking: /home/gideon/turtlebot3_ws/install/turtlebot3_gazebo/share/turtlebot3_gazebo//worlds/turtlebot3_dqn_stage2.world
[33.037s] -- Symlinking: /home/gideon/turtlebot3_ws/install/turtlebot3_gazebo/share/turtlebot3_gazebo//worlds/turtlebot3_dqn_stage3.world
[33.059s] -- Symlinking: /home/gideon/turtlebot3_ws/install/turtlebot3_gazebo/share/turtlebot3_gazebo//worlds/turtlebot3_dqn_stage4.world
[33.081s] -- Symlinking: /home/gideon/turtlebot3_ws/install/turtlebot3_gazebo/share/turtlebot3_gazebo//worlds/turtlebot3_house.world
[33.101s] -- Symlinking: /home/gideon/turtlebot3_ws/install/turtlebot3_gazebo/share/turtlebot3_gazebo//worlds/turtlebot3_world.world
[33.124s] -- Symlinking: /home/gideon/turtlebot3_ws/install/turtlebot3_gazebo/include//turtlebot3_gazebo/obstacle1.hpp
[33.145s] -- Symlinking: /home/gideon/turtlebot3_ws/install/turtlebot3_gazebo/include//turtlebot3_gazebo/obstacle2.hpp
[33.167s] -- Symlinking: /home/gideon/turtlebot3_ws/install/turtlebot3_gazebo/include//turtlebot3_gazebo/obstacles.hpp
[33.189s] -- Symlinking: /home/gideon/turtlebot3_ws/install/turtlebot3_gazebo/include//turtlebot3_gazebo/traffic_bar_plugin.hpp
[33.211s] -- Symlinking: /home/gideon/turtlebot3_ws/install/turtlebot3_gazebo/include//turtlebot3_gazebo/traffic_light_plugin.hpp
[33.232s] -- Symlinking: /home/gideon/turtlebot3_ws/install/turtlebot3_gazebo/include//turtlebot3_gazebo/turtlebot3_drive.hpp
[33.255s] -- Symlinking: /home/gideon/turtlebot3_ws/install/turtlebot3_gazebo/share/ament_index/resource_index/package_run_dependencies/turtlebot3_gazebo
[33.272s] -- Symlinking: /home/gideon/turtlebot3_ws/install/turtlebot3_gazebo/share/ament_index/resource_index/parent_prefix_path/turtlebot3_gazebo
[33.289s] -- Symlinking: /home/gideon/turtlebot3_ws/install/turtlebot3_gazebo/share/turtlebot3_gazebo/environment/ament_prefix_path.sh
[33.306s] -- Symlinking: /home/gideon/turtlebot3_ws/install/turtlebot3_gazebo/share/turtlebot3_gazebo/environment/ament_prefix_path.dsv
[33.322s] -- Symlinking: /home/gideon/turtlebot3_ws/install/turtlebot3_gazebo/share/turtlebot3_gazebo/environment/path.sh
[33.345s] -- Symlinking: /home/gideon/turtlebot3_ws/install/turtlebot3_gazebo/share/turtlebot3_gazebo/environment/path.dsv
[33.368s] -- Symlinking: /home/gideon/turtlebot3_ws/install/turtlebot3_gazebo/share/turtlebot3_gazebo/local_setup.bash
[33.391s] -- Symlinking: /home/gideon/turtlebot3_ws/install/turtlebot3_gazebo/share/turtlebot3_gazebo/local_setup.sh
[33.414s] -- Symlinking: /home/gideon/turtlebot3_ws/install/turtlebot3_gazebo/share/turtlebot3_gazebo/local_setup.zsh
[33.435s] -- Symlinking: /home/gideon/turtlebot3_ws/install/turtlebot3_gazebo/share/turtlebot3_gazebo/local_setup.dsv
[33.456s] -- Symlinking: /home/gideon/turtlebot3_ws/install/turtlebot3_gazebo/share/turtlebot3_gazebo/package.dsv
[33.479s] -- Symlinking: /home/gideon/turtlebot3_ws/install/turtlebot3_gazebo/share/ament_index/resource_index/packages/turtlebot3_gazebo
[33.503s] -- Symlinking: /home/gideon/turtlebot3_ws/install/turtlebot3_gazebo/share/turtlebot3_gazebo/cmake/ament_cmake_export_include_directories-extras.cmake
[33.525s] -- Symlinking: /home/gideon/turtlebot3_ws/install/turtlebot3_gazebo/share/turtlebot3_gazebo/cmake/ament_cmake_export_dependencies-extras.cmake
[33.549s] -- Symlinking: /home/gideon/turtlebot3_ws/install/turtlebot3_gazebo/share/turtlebot3_gazebo/cmake/turtlebot3_gazeboConfig.cmake
[33.572s] -- Symlinking: /home/gideon/turtlebot3_ws/install/turtlebot3_gazebo/share/turtlebot3_gazebo/cmake/turtlebot3_gazeboConfig-version.cmake
[33.597s] -- Symlinking: /home/gideon/turtlebot3_ws/install/turtlebot3_gazebo/share/turtlebot3_gazebo/package.xml
[33.616s] Invoked command in '/home/gideon/turtlebot3_ws/build/turtlebot3_gazebo' returned '0': CMAKE_PREFIX_PATH=${CMAKE_PREFIX_PATH}:/home/gideon/turtlebot3_ws/install/turtlebot3_teleop:/home/gideon/turtlebot3_ws/install/turtlebot3_example:/opt/ros/jazzy DEBUGINFOD_URLS=https://debuginfod.ubuntu.com /usr/bin/cmake --install /home/gideon/turtlebot3_ws/build/turtlebot3_gazebo
