[0.209s] Invoking command in '/home/gideon/turtlebot3_ws/build/dynamixel_sdk': CMAKE_PREFIX_PATH=${CMAKE_PREFIX_PATH}:/home/gideon/turtlebot3_ws/install/turtlebot3_teleop:/home/gideon/turtlebot3_ws/install/turtlebot3_example:/opt/ros/jazzy DEBUGINFOD_URLS=https://debuginfod.ubuntu.com /usr/bin/cmake --build /home/gideon/turtlebot3_ws/build/dynamixel_sdk -- -j8 -l8
[0.537s] [100%] Built target dynamixel_sdk
[0.552s] [100%] Built target ament_cmake_python_symlink_dynamixel_sdk
[1.584s] running egg_info
[1.592s] writing dynamixel_sdk.egg-info/PKG-INFO
[1.592s] writing dependency_links to dynamixel_sdk.egg-info/dependency_links.txt
[1.593s] writing top-level names to dynamixel_sdk.egg-info/top_level.txt
[1.843s] reading manifest file 'dynamixel_sdk.egg-info/SOURCES.txt'
[1.844s] writing manifest file 'dynamixel_sdk.egg-info/SOURCES.txt'
[1.929s] [100%] Built target ament_cmake_python_build_dynamixel_sdk_egg
[1.973s] Invoked command in '/home/gideon/turtlebot3_ws/build/dynamixel_sdk' returned '0': CMAKE_PREFIX_PATH=${CMAKE_PREFIX_PATH}:/home/gideon/turtlebot3_ws/install/turtlebot3_teleop:/home/gideon/turtlebot3_ws/install/turtlebot3_example:/opt/ros/jazzy DEBUGINFOD_URLS=https://debuginfod.ubuntu.com /usr/bin/cmake --build /home/gideon/turtlebot3_ws/build/dynamixel_sdk -- -j8 -l8
[1.976s] Invoking command in '/home/gideon/turtlebot3_ws/build/dynamixel_sdk': CMAKE_PREFIX_PATH=${CMAKE_PREFIX_PATH}:/home/gideon/turtlebot3_ws/install/turtlebot3_teleop:/home/gideon/turtlebot3_ws/install/turtlebot3_example:/opt/ros/jazzy DEBUGINFOD_URLS=https://debuginfod.ubuntu.com /usr/bin/cmake --install /home/gideon/turtlebot3_ws/build/dynamixel_sdk
[2.002s] -- Install configuration: ""
[2.005s] -- Execute custom install script
[2.014s] -- Up-to-date symlink: /home/gideon/turtlebot3_ws/install/dynamixel_sdk/include//dynamixel_sdk/dynamixel_sdk.h
[2.014s] -- Up-to-date symlink: /home/gideon/turtlebot3_ws/install/dynamixel_sdk/include//dynamixel_sdk/group_bulk_read.h
[2.015s] -- Up-to-date symlink: /home/gideon/turtlebot3_ws/install/dynamixel_sdk/include//dynamixel_sdk/group_bulk_write.h
[2.016s] -- Up-to-date symlink: /home/gideon/turtlebot3_ws/install/dynamixel_sdk/include//dynamixel_sdk/group_fast_bulk_read.h
[2.016s] -- Up-to-date symlink: /home/gideon/turtlebot3_ws/install/dynamixel_sdk/include//dynamixel_sdk/group_fast_sync_read.h
[2.018s] -- Up-to-date symlink: /home/gideon/turtlebot3_ws/install/dynamixel_sdk/include//dynamixel_sdk/group_handler.h
[2.019s] -- Up-to-date symlink: /home/gideon/turtlebot3_ws/install/dynamixel_sdk/include//dynamixel_sdk/group_sync_read.h
[2.021s] -- Up-to-date symlink: /home/gideon/turtlebot3_ws/install/dynamixel_sdk/include//dynamixel_sdk/group_sync_write.h
[2.028s] -- Up-to-date symlink: /home/gideon/turtlebot3_ws/install/dynamixel_sdk/include//dynamixel_sdk/packet_handler.h
[2.030s] -- Up-to-date symlink: /home/gideon/turtlebot3_ws/install/dynamixel_sdk/include//dynamixel_sdk/port_handler.h
[2.030s] -- Up-to-date symlink: /home/gideon/turtlebot3_ws/install/dynamixel_sdk/include//dynamixel_sdk/port_handler_arduino.h
[2.032s] -- Up-to-date symlink: /home/gideon/turtlebot3_ws/install/dynamixel_sdk/include//dynamixel_sdk/port_handler_linux.h
[2.032s] -- Up-to-date symlink: /home/gideon/turtlebot3_ws/install/dynamixel_sdk/include//dynamixel_sdk/port_handler_mac.h
[2.046s] -- Up-to-date symlink: /home/gideon/turtlebot3_ws/install/dynamixel_sdk/include//dynamixel_sdk/port_handler_windows.h
[2.047s] -- Up-to-date symlink: /home/gideon/turtlebot3_ws/install/dynamixel_sdk/include//dynamixel_sdk/protocol1_packet_handler.h
[2.049s] -- Up-to-date symlink: /home/gideon/turtlebot3_ws/install/dynamixel_sdk/include//dynamixel_sdk/protocol2_packet_handler.h
[2.050s] -- Up-to-date symlink: /home/gideon/turtlebot3_ws/install/dynamixel_sdk/share/dynamixel_sdk/environment/pythonpath.sh
[2.051s] -- Up-to-date symlink: /home/gideon/turtlebot3_ws/install/dynamixel_sdk/share/dynamixel_sdk/environment/pythonpath.dsv
[2.055s] -- Up-to-date symlink: /home/gideon/turtlebot3_ws/install/dynamixel_sdk/lib/python3.12/site-packages/dynamixel_sdk-3.8.4-py3.12.egg-info/PKG-INFO
[2.057s] -- Up-to-date symlink: /home/gideon/turtlebot3_ws/install/dynamixel_sdk/lib/python3.12/site-packages/dynamixel_sdk-3.8.4-py3.12.egg-info/SOURCES.txt
[2.059s] -- Up-to-date symlink: /home/gideon/turtlebot3_ws/install/dynamixel_sdk/lib/python3.12/site-packages/dynamixel_sdk-3.8.4-py3.12.egg-info/dependency_links.txt
[2.064s] -- Up-to-date symlink: /home/gideon/turtlebot3_ws/install/dynamixel_sdk/lib/python3.12/site-packages/dynamixel_sdk-3.8.4-py3.12.egg-info/top_level.txt
[2.066s] -- Up-to-date symlink: /home/gideon/turtlebot3_ws/install/dynamixel_sdk/lib/python3.12/site-packages/dynamixel_sdk/__init__.py
[2.066s] -- Up-to-date symlink: /home/gideon/turtlebot3_ws/install/dynamixel_sdk/lib/python3.12/site-packages/dynamixel_sdk/group_bulk_read.cpp
[2.070s] -- Up-to-date symlink: /home/gideon/turtlebot3_ws/install/dynamixel_sdk/lib/python3.12/site-packages/dynamixel_sdk/group_bulk_read.py
[2.071s] -- Up-to-date symlink: /home/gideon/turtlebot3_ws/install/dynamixel_sdk/lib/python3.12/site-packages/dynamixel_sdk/group_bulk_write.cpp
[2.075s] -- Up-to-date symlink: /home/gideon/turtlebot3_ws/install/dynamixel_sdk/lib/python3.12/site-packages/dynamixel_sdk/group_bulk_write.py
[2.081s] -- Up-to-date symlink: /home/gideon/turtlebot3_ws/install/dynamixel_sdk/lib/python3.12/site-packages/dynamixel_sdk/group_fast_bulk_read.cpp
[2.083s] -- Up-to-date symlink: /home/gideon/turtlebot3_ws/install/dynamixel_sdk/lib/python3.12/site-packages/dynamixel_sdk/group_fast_sync_read.cpp
[2.083s] -- Up-to-date symlink: /home/gideon/turtlebot3_ws/install/dynamixel_sdk/lib/python3.12/site-packages/dynamixel_sdk/group_handler.cpp
[2.084s] -- Up-to-date symlink: /home/gideon/turtlebot3_ws/install/dynamixel_sdk/lib/python3.12/site-packages/dynamixel_sdk/group_sync_read.cpp
[2.085s] -- Up-to-date symlink: /home/gideon/turtlebot3_ws/install/dynamixel_sdk/lib/python3.12/site-packages/dynamixel_sdk/group_sync_read.py
[2.085s] -- Up-to-date symlink: /home/gideon/turtlebot3_ws/install/dynamixel_sdk/lib/python3.12/site-packages/dynamixel_sdk/group_sync_write.cpp
[2.086s] -- Up-to-date symlink: /home/gideon/turtlebot3_ws/install/dynamixel_sdk/lib/python3.12/site-packages/dynamixel_sdk/group_sync_write.py
[2.086s] -- Up-to-date symlink: /home/gideon/turtlebot3_ws/install/dynamixel_sdk/lib/python3.12/site-packages/dynamixel_sdk/packet_handler.cpp
[2.087s] -- Up-to-date symlink: /home/gideon/turtlebot3_ws/install/dynamixel_sdk/lib/python3.12/site-packages/dynamixel_sdk/packet_handler.py
[2.089s] -- Up-to-date symlink: /home/gideon/turtlebot3_ws/install/dynamixel_sdk/lib/python3.12/site-packages/dynamixel_sdk/port_handler.cpp
[2.092s] -- Up-to-date symlink: /home/gideon/turtlebot3_ws/install/dynamixel_sdk/lib/python3.12/site-packages/dynamixel_sdk/port_handler.py
[2.092s] -- Up-to-date symlink: /home/gideon/turtlebot3_ws/install/dynamixel_sdk/lib/python3.12/site-packages/dynamixel_sdk/port_handler_arduino.cpp
[2.095s] -- Up-to-date symlink: /home/gideon/turtlebot3_ws/install/dynamixel_sdk/lib/python3.12/site-packages/dynamixel_sdk/port_handler_linux.cpp
[2.096s] -- Up-to-date symlink: /home/gideon/turtlebot3_ws/install/dynamixel_sdk/lib/python3.12/site-packages/dynamixel_sdk/port_handler_mac.cpp
[2.097s] -- Up-to-date symlink: /home/gideon/turtlebot3_ws/install/dynamixel_sdk/lib/python3.12/site-packages/dynamixel_sdk/port_handler_windows.cpp
[2.098s] -- Up-to-date symlink: /home/gideon/turtlebot3_ws/install/dynamixel_sdk/lib/python3.12/site-packages/dynamixel_sdk/protocol1_packet_handler.cpp
[2.099s] -- Up-to-date symlink: /home/gideon/turtlebot3_ws/install/dynamixel_sdk/lib/python3.12/site-packages/dynamixel_sdk/protocol1_packet_handler.py
[2.099s] -- Up-to-date symlink: /home/gideon/turtlebot3_ws/install/dynamixel_sdk/lib/python3.12/site-packages/dynamixel_sdk/protocol2_packet_handler.cpp
[2.100s] -- Up-to-date symlink: /home/gideon/turtlebot3_ws/install/dynamixel_sdk/lib/python3.12/site-packages/dynamixel_sdk/protocol2_packet_handler.py
[2.100s] -- Up-to-date symlink: /home/gideon/turtlebot3_ws/install/dynamixel_sdk/lib/python3.12/site-packages/dynamixel_sdk/robotis_def.py
[2.101s] -- Up-to-date symlink: /home/gideon/turtlebot3_ws/install/dynamixel_sdk/share/dynamixel_sdk/environment/library_path.sh
[2.103s] -- Up-to-date symlink: /home/gideon/turtlebot3_ws/install/dynamixel_sdk/share/dynamixel_sdk/environment/library_path.dsv
[2.104s] -- Up-to-date symlink: /home/gideon/turtlebot3_ws/install/dynamixel_sdk/share/ament_index/resource_index/package_run_dependencies/dynamixel_sdk
[2.108s] -- Up-to-date symlink: /home/gideon/turtlebot3_ws/install/dynamixel_sdk/share/ament_index/resource_index/parent_prefix_path/dynamixel_sdk
[2.112s] -- Up-to-date symlink: /home/gideon/turtlebot3_ws/install/dynamixel_sdk/share/dynamixel_sdk/environment/ament_prefix_path.sh
[2.112s] -- Up-to-date symlink: /home/gideon/turtlebot3_ws/install/dynamixel_sdk/share/dynamixel_sdk/environment/ament_prefix_path.dsv
[2.118s] -- Up-to-date symlink: /home/gideon/turtlebot3_ws/install/dynamixel_sdk/share/dynamixel_sdk/environment/path.sh
[2.120s] -- Up-to-date symlink: /home/gideon/turtlebot3_ws/install/dynamixel_sdk/share/dynamixel_sdk/environment/path.dsv
[2.125s] -- Up-to-date symlink: /home/gideon/turtlebot3_ws/install/dynamixel_sdk/share/dynamixel_sdk/local_setup.bash
[2.130s] -- Up-to-date symlink: /home/gideon/turtlebot3_ws/install/dynamixel_sdk/share/dynamixel_sdk/local_setup.sh
[2.130s] -- Up-to-date symlink: /home/gideon/turtlebot3_ws/install/dynamixel_sdk/share/dynamixel_sdk/local_setup.zsh
[2.131s] -- Up-to-date symlink: /home/gideon/turtlebot3_ws/install/dynamixel_sdk/share/dynamixel_sdk/local_setup.dsv
[2.132s] -- Symlinking: /home/gideon/turtlebot3_ws/install/dynamixel_sdk/share/dynamixel_sdk/package.dsv
[2.156s] -- Up-to-date symlink: /home/gideon/turtlebot3_ws/install/dynamixel_sdk/share/ament_index/resource_index/packages/dynamixel_sdk
[2.158s] -- Up-to-date symlink: /home/gideon/turtlebot3_ws/install/dynamixel_sdk/share/dynamixel_sdk/cmake/ament_cmake_export_targets-extras.cmake
[2.159s] -- Up-to-date symlink: /home/gideon/turtlebot3_ws/install/dynamixel_sdk/share/dynamixel_sdk/cmake/ament_cmake_export_include_directories-extras.cmake
[2.160s] -- Up-to-date symlink: /home/gideon/turtlebot3_ws/install/dynamixel_sdk/share/dynamixel_sdk/cmake/ament_cmake_export_libraries-extras.cmake
[2.160s] -- Up-to-date symlink: /home/gideon/turtlebot3_ws/install/dynamixel_sdk/share/dynamixel_sdk/cmake/dynamixel_sdkConfig.cmake
[2.160s] -- Up-to-date symlink: /home/gideon/turtlebot3_ws/install/dynamixel_sdk/share/dynamixel_sdk/cmake/dynamixel_sdkConfig-version.cmake
[2.161s] -- Up-to-date symlink: /home/gideon/turtlebot3_ws/install/dynamixel_sdk/share/dynamixel_sdk/package.xml
[2.161s] -- Up-to-date: /home/gideon/turtlebot3_ws/install/dynamixel_sdk/lib/libdynamixel_sdk.so
[2.193s] Listing '/home/gideon/turtlebot3_ws/install/dynamixel_sdk/lib/python3.12/site-packages/dynamixel_sdk'...
[2.200s] -- Up-to-date: /home/gideon/turtlebot3_ws/install/dynamixel_sdk/share/dynamixel_sdk/cmake/dynamixel_sdkExport.cmake
[2.201s] -- Up-to-date: /home/gideon/turtlebot3_ws/install/dynamixel_sdk/share/dynamixel_sdk/cmake/dynamixel_sdkExport-noconfig.cmake
[2.206s] Invoked command in '/home/gideon/turtlebot3_ws/build/dynamixel_sdk' returned '0': CMAKE_PREFIX_PATH=${CMAKE_PREFIX_PATH}:/home/gideon/turtlebot3_ws/install/turtlebot3_teleop:/home/gideon/turtlebot3_ws/install/turtlebot3_example:/opt/ros/jazzy DEBUGINFOD_URLS=https://debuginfod.ubuntu.com /usr/bin/cmake --install /home/gideon/turtlebot3_ws/build/dynamixel_sdk
