[0.063s] Invoking command in '/home/gideon/turtlebot3_ws/build/turtlebot3_description': CMAKE_PREFIX_PATH=${CMAKE_PREFIX_PATH}:/home/gideon/turtlebot3_ws/install/turtlebot3_teleop:/home/gideon/turtlebot3_ws/install/turtlebot3_example:/opt/ros/jazzy DEBUGINFOD_URLS=https://debuginfod.ubuntu.com /usr/bin/cmake --build /home/gideon/turtlebot3_ws/build/turtlebot3_description -- -j8 -l8
[0.170s] -- Found ament_cmake: 2.5.5 (/opt/ros/jazzy/share/ament_cmake/cmake)
[0.719s] -- Override CMake install command with custom implementation using symlinks instead of copying resources
[0.744s] -- Found urdf: 2.10.0 (/opt/ros/jazzy/share/urdf/cmake)
[0.805s] -- Found TinyXML2 via Config file: /usr/lib/x86_64-linux-gnu/cmake/tinyxml2
[1.038s] -- Configuring done (0.9s)
[1.047s] -- Generating done (0.0s)
[1.052s] -- Build files have been written to: /home/gideon/turtlebot3_ws/build/turtlebot3_description
[1.104s] Invoked command in '/home/gideon/turtlebot3_ws/build/turtlebot3_description' returned '0': CMAKE_PREFIX_PATH=${CMAKE_PREFIX_PATH}:/home/gideon/turtlebot3_ws/install/turtlebot3_teleop:/home/gideon/turtlebot3_ws/install/turtlebot3_example:/opt/ros/jazzy DEBUGINFOD_URLS=https://debuginfod.ubuntu.com /usr/bin/cmake --build /home/gideon/turtlebot3_ws/build/turtlebot3_description -- -j8 -l8
[1.105s] Invoking command in '/home/gideon/turtlebot3_ws/build/turtlebot3_description': CMAKE_PREFIX_PATH=${CMAKE_PREFIX_PATH}:/home/gideon/turtlebot3_ws/install/turtlebot3_teleop:/home/gideon/turtlebot3_ws/install/turtlebot3_example:/opt/ros/jazzy DEBUGINFOD_URLS=https://debuginfod.ubuntu.com /usr/bin/cmake --install /home/gideon/turtlebot3_ws/build/turtlebot3_description
[1.156s] -- Install configuration: ""
[1.156s] -- Execute custom install script
[1.157s] -- Up-to-date symlink: /home/gideon/turtlebot3_ws/install/turtlebot3_description/share/turtlebot3_description/meshes/bases/burger_base.stl
[1.158s] -- Up-to-date symlink: /home/gideon/turtlebot3_ws/install/turtlebot3_description/share/turtlebot3_description/meshes/bases/waffle_base.stl
[1.158s] -- Up-to-date symlink: /home/gideon/turtlebot3_ws/install/turtlebot3_description/share/turtlebot3_description/meshes/bases/waffle_pi_base.stl
[1.159s] -- Up-to-date symlink: /home/gideon/turtlebot3_ws/install/turtlebot3_description/share/turtlebot3_description/meshes/sensors/astra.dae
[1.159s] -- Up-to-date symlink: /home/gideon/turtlebot3_ws/install/turtlebot3_description/share/turtlebot3_description/meshes/sensors/astra.jpg
[1.159s] -- Up-to-date symlink: /home/gideon/turtlebot3_ws/install/turtlebot3_description/share/turtlebot3_description/meshes/sensors/lds.stl
[1.160s] -- Up-to-date symlink: /home/gideon/turtlebot3_ws/install/turtlebot3_description/share/turtlebot3_description/meshes/sensors/r200.dae
[1.161s] -- Up-to-date symlink: /home/gideon/turtlebot3_ws/install/turtlebot3_description/share/turtlebot3_description/meshes/sensors/r200.jpg
[1.161s] -- Up-to-date symlink: /home/gideon/turtlebot3_ws/install/turtlebot3_description/share/turtlebot3_description/meshes/wheels/left_tire.stl
[1.162s] -- Up-to-date symlink: /home/gideon/turtlebot3_ws/install/turtlebot3_description/share/turtlebot3_description/meshes/wheels/right_tire.stl
[1.162s] -- Up-to-date symlink: /home/gideon/turtlebot3_ws/install/turtlebot3_description/share/turtlebot3_description/rviz/model.rviz
[1.164s] -- Up-to-date symlink: /home/gideon/turtlebot3_ws/install/turtlebot3_description/share/turtlebot3_description/urdf/common_properties.urdf
[1.165s] -- Up-to-date symlink: /home/gideon/turtlebot3_ws/install/turtlebot3_description/share/turtlebot3_description/urdf/turtlebot3_burger.urdf
[1.167s] -- Up-to-date symlink: /home/gideon/turtlebot3_ws/install/turtlebot3_description/share/turtlebot3_description/urdf/turtlebot3_waffle.urdf
[1.167s] -- Up-to-date symlink: /home/gideon/turtlebot3_ws/install/turtlebot3_description/share/turtlebot3_description/urdf/turtlebot3_waffle_pi.urdf
[1.167s] -- Up-to-date symlink: /home/gideon/turtlebot3_ws/install/turtlebot3_description/share/ament_index/resource_index/package_run_dependencies/turtlebot3_description
[1.169s] -- Up-to-date symlink: /home/gideon/turtlebot3_ws/install/turtlebot3_description/share/ament_index/resource_index/parent_prefix_path/turtlebot3_description
[1.173s] -- Up-to-date symlink: /home/gideon/turtlebot3_ws/install/turtlebot3_description/share/turtlebot3_description/environment/ament_prefix_path.sh
[1.173s] -- Up-to-date symlink: /home/gideon/turtlebot3_ws/install/turtlebot3_description/share/turtlebot3_description/environment/ament_prefix_path.dsv
[1.173s] -- Up-to-date symlink: /home/gideon/turtlebot3_ws/install/turtlebot3_description/share/turtlebot3_description/environment/path.sh
[1.174s] -- Up-to-date symlink: /home/gideon/turtlebot3_ws/install/turtlebot3_description/share/turtlebot3_description/environment/path.dsv
[1.175s] -- Up-to-date symlink: /home/gideon/turtlebot3_ws/install/turtlebot3_description/share/turtlebot3_description/local_setup.bash
[1.175s] -- Up-to-date symlink: /home/gideon/turtlebot3_ws/install/turtlebot3_description/share/turtlebot3_description/local_setup.sh
[1.176s] -- Up-to-date symlink: /home/gideon/turtlebot3_ws/install/turtlebot3_description/share/turtlebot3_description/local_setup.zsh
[1.176s] -- Up-to-date symlink: /home/gideon/turtlebot3_ws/install/turtlebot3_description/share/turtlebot3_description/local_setup.dsv
[1.176s] -- Symlinking: /home/gideon/turtlebot3_ws/install/turtlebot3_description/share/turtlebot3_description/package.dsv
[1.185s] -- Up-to-date symlink: /home/gideon/turtlebot3_ws/install/turtlebot3_description/share/ament_index/resource_index/packages/turtlebot3_description
[1.186s] -- Up-to-date symlink: /home/gideon/turtlebot3_ws/install/turtlebot3_description/share/turtlebot3_description/cmake/turtlebot3_descriptionConfig.cmake
[1.187s] -- Up-to-date symlink: /home/gideon/turtlebot3_ws/install/turtlebot3_description/share/turtlebot3_description/cmake/turtlebot3_descriptionConfig-version.cmake
[1.188s] -- Up-to-date symlink: /home/gideon/turtlebot3_ws/install/turtlebot3_description/share/turtlebot3_description/package.xml
[1.237s] Invoked command in '/home/gideon/turtlebot3_ws/build/turtlebot3_description' returned '0': CMAKE_PREFIX_PATH=${CMAKE_PREFIX_PATH}:/home/gideon/turtlebot3_ws/install/turtlebot3_teleop:/home/gideon/turtlebot3_ws/install/turtlebot3_example:/opt/ros/jazzy DEBUGINFOD_URLS=https://debuginfod.ubuntu.com /usr/bin/cmake --install /home/gideon/turtlebot3_ws/build/turtlebot3_description
