[0.053s] Invoking command in '/home/gideon/turtlebot3_ws/build/turtlebot3_gazebo': CMAKE_PREFIX_PATH=${CMAKE_PREFIX_PATH}:/home/gideon/turtlebot3_ws/install/turtlebot3_teleop:/home/gideon/turtlebot3_ws/install/turtlebot3_example:/opt/ros/jazzy DEBUGINFOD_URLS=https://debuginfod.ubuntu.com /usr/bin/cmake --build /home/gideon/turtlebot3_ws/build/turtlebot3_gazebo -- -j8 -l8
[0.152s] -- Found ament_cmake: 2.5.5 (/opt/ros/jazzy/share/ament_cmake/cmake)
[0.619s] -- Override CMake install command with custom implementation using symlinks instead of copying resources
[0.642s] -- Found ros_gz_sim: 1.0.18 (/opt/ros/jazzy/share/ros_gz_sim/cmake)
[0.732s] -- Found rosidl_generator_c: 4.6.7 (/opt/ros/jazzy/share/rosidl_generator_c/cmake)
[0.755s] -- Found rosidl_generator_cpp: 4.6.7 (/opt/ros/jazzy/share/rosidl_generator_cpp/cmake)
[0.788s] -- Using all available rosidl_typesupport_c: rosidl_typesupport_fastrtps_c;rosidl_typesupport_introspection_c
[0.835s] -- Using all available rosidl_typesupport_cpp: rosidl_typesupport_fastrtps_cpp;rosidl_typesupport_introspection_cpp
[1.016s] -- Found rmw_implementation_cmake: 7.3.3 (/opt/ros/jazzy/share/rmw_implementation_cmake/cmake)
[1.021s] -- Found rmw_fastrtps_cpp: 8.4.3 (/opt/ros/jazzy/share/rmw_fastrtps_cpp/cmake)
[1.217s] -- Using RMW implementation 'rmw_fastrtps_cpp' as default
[1.769s] -- Found nav_msgs: 5.3.6 (/opt/ros/jazzy/share/nav_msgs/cmake)
[1.838s] -- Found sensor_msgs: 5.3.6 (/opt/ros/jazzy/share/sensor_msgs/cmake)
[1.891s] -- Found gz_math_vendor: 0.0.8 (/opt/ros/jazzy/share/gz_math_vendor/cmake)
[1.897s] -- Looking for gz-math7 -- found version 7.5.2
[1.914s] -- Searching for dependencies of gz-math7
[1.914s] -- Looking for gz-utils2 -- found version 2.2.1
[1.914s] -- Searching for dependencies of gz-utils2
[1.917s] -- Found gz_sim_vendor: 0.0.9 (/opt/ros/jazzy/share/gz_sim_vendor/cmake)
[1.953s] -- Looking for gz-sim8 -- found version 8.10.0
[1.954s] -- Searching for dependencies of gz-sim8
[1.954s] -- Looking for sdformat14 -- found version 14.8.0
[1.956s] -- Searching for dependencies of sdformat14
[1.966s] -- Checking for module 'tinyxml2'
[2.020s] --   Found tinyxml2, version 10.0.0
[2.077s] -- Looking for gz-math7 -- found version 7.5.2
[2.078s] -- Looking for gz-utils2 -- found version 2.2.1
[2.079s] -- Searching for dependencies of gz-utils2
[2.079s] -- Searching for <gz-utils2> component [cli]
[2.080s] -- Looking for gz-utils2-cli -- found version 2.2.1
[2.081s] -- Searching for dependencies of gz-utils2-cli
[2.083s] -- Looking for gz-plugin2 -- found version 2.0.4
[2.084s] -- Searching for dependencies of gz-plugin2
[2.084s] -- Looking for gz-utils2 -- found version 2.2.1
[2.085s] -- Searching for <gz-plugin2> component [loader]
[2.087s] -- Looking for gz-plugin2-loader -- found version 2.0.4
[2.087s] -- Searching for dependencies of gz-plugin2-loader
[2.087s] -- Searching for <gz-plugin2> component [register]
[2.088s] -- Looking for gz-plugin2-register -- found version 2.0.4
[2.089s] -- Searching for dependencies of gz-plugin2-register
[2.090s] -- Looking for gz-transport13 -- found version 13.5.0
[2.092s] -- Searching for dependencies of gz-transport13
[2.192s] -- Config-file not installed for ZeroMQ -- checking for pkg-config
[2.201s] -- Checking for module 'libzmq >= 4'
[2.235s] --   Found libzmq, version 4.3.5
[2.322s] -- Checking for module 'uuid'
[2.352s] --   Found uuid, version 2.39.3
[2.407s] -- Looking for gz-utils2 -- found version 2.2.1
[2.408s] -- Looking for gz-msgs10 -- found version 10.3.2
[2.409s] -- Searching for dependencies of gz-msgs10
[2.453s] -- Looking for gz-utils2 -- found version 2.2.1
[2.453s] -- Looking for gz-math7 -- found version 7.5.2
[2.465s] -- Searching for <gz-transport13> component [log]
[2.465s] -- Looking for gz-transport13-log -- found version 13.5.0
[2.466s] -- Searching for dependencies of gz-transport13-log
[2.467s] -- Searching for <gz-transport13> component [parameters]
[2.467s] -- Looking for gz-transport13-parameters -- found version 13.5.0
[2.468s] -- Searching for dependencies of gz-transport13-parameters
[2.470s] -- Looking for gz-msgs10 -- found version 10.3.2
[2.470s] -- Looking for gz-common5 -- found version 5.7.1
[2.471s] -- Searching for dependencies of gz-common5
[2.471s] -- Looking for gz-utils2 -- found version 2.2.1
[2.471s] -- Looking for dlfcn.h - found
[2.472s] -- Looking for libdl - found
[2.485s] -- Searching for <gz-common5> component [av]
[2.486s] -- Looking for gz-common5-av -- found version 5.7.1
[2.486s] -- Searching for dependencies of gz-common5-av
[2.495s] -- Checking for module 'libswscale'
[2.528s] --   Found libswscale, version 7.5.100
[2.587s] -- Checking for module 'libavdevice >= 56.4.100'
[2.614s] --   Found libavdevice, version 60.3.100
[2.705s] -- Checking for module 'libavformat'
[2.747s] --   Found libavformat, version 60.16.100
[2.829s] -- Checking for module 'libavcodec'
[2.858s] --   Found libavcodec, version 60.31.102
[2.932s] -- Checking for module 'libavutil'
[2.964s] --   Found libavutil, version 58.29.100
[3.022s] -- Searching for <gz-common5> component [events]
[3.023s] -- Looking for gz-common5-events -- found version 5.7.1
[3.025s] -- Searching for dependencies of gz-common5-events
[3.027s] -- Looking for gz-math7 -- found version 7.5.2
[3.027s] -- Searching for <gz-common5> component [graphics]
[3.027s] -- Looking for gz-common5-graphics -- found version 5.7.1
[3.028s] -- Searching for dependencies of gz-common5-graphics
[3.028s] -- Looking for gz-math7 -- found version 7.5.2
[3.033s] -- Searching for <gz-common5> component [io]
[3.034s] -- Looking for gz-common5-io -- found version 5.7.1
[3.034s] -- Searching for dependencies of gz-common5-io
[3.035s] -- Searching for <gz-common5> component [profiler]
[3.036s] -- Looking for gz-common5-profiler -- found version 5.7.1
[3.036s] -- Searching for dependencies of gz-common5-profiler
[3.038s] -- Looking for gz-fuel_tools9 -- found version 9.1.1
[3.038s] -- Searching for dependencies of gz-fuel_tools9
[3.135s] -- Checking for module 'jsoncpp'
[3.167s] --   Found jsoncpp, version 1.9.5
[3.274s] -- Checking for module 'yaml-0.1'
[3.315s] --   Found yaml-0.1, version 0.2.5
[3.392s] -- Checking for module 'libzip'
[3.428s] --   Found libzip, version 1.7.3
[3.499s] -- Looking for gz-utils2 -- found version 2.2.1
[3.500s] -- Looking for gz-common5 -- found version 5.7.1
[3.500s] -- Searching for dependencies of gz-common5
[3.501s] -- Looking for gz-utils2 -- found version 2.2.1
[3.501s] -- Looking for dlfcn.h - found
[3.502s] -- Looking for libdl - found
[3.519s] -- Searching for <gz-common5> component [testing]
[3.520s] -- Looking for gz-common5-testing -- found version 5.7.1
[3.521s] -- Searching for dependencies of gz-common5-testing
[3.525s] -- Looking for gz-math7 -- found version 7.5.2
[3.525s] -- Looking for gz-msgs10 -- found version 10.3.2
[3.527s] -- Looking for gz-gui8 -- found version 8.4.0
[3.528s] -- Searching for dependencies of gz-gui8
[3.585s] -- Looking for gz-utils2 -- found version 2.2.1
[3.586s] -- Looking for gz-math7 -- found version 7.5.2
[3.587s] -- Looking for gz-common5 -- found version 5.7.1
[3.588s] -- Looking for gz-plugin2 -- found version 2.0.4
[3.589s] -- Looking for gz-transport13 -- found version 13.5.0
[3.590s] -- Looking for gz-rendering8 -- found version 8.2.3
[3.590s] -- Searching for dependencies of gz-rendering8
[3.593s] -- Looking for gz-math7 -- found version 7.5.2
[3.593s] -- Searching for dependencies of gz-math7
[3.594s] -- Looking for gz-utils2 -- found version 2.2.1
[3.594s] -- Searching for <gz-math7> component [eigen3]
[3.595s] -- Looking for gz-math7-eigen3 -- found version 7.5.2
[3.595s] -- Searching for dependencies of gz-math7-eigen3
[3.599s] -- Looking for gz-common5 -- found version 5.7.1
[3.599s] -- Searching for dependencies of gz-common5
[3.600s] -- Looking for gz-utils2 -- found version 2.2.1
[3.600s] -- Looking for dlfcn.h - found
[3.600s] -- Looking for libdl - found
[3.616s] -- Searching for <gz-common5> component [graphics]
[3.616s] -- Searching for <gz-common5> component [events]
[3.616s] -- Searching for <gz-common5> component [geospatial]
[3.618s] -- Looking for gz-common5-geospatial -- found version 5.7.1
[3.618s] -- Searching for dependencies of gz-common5-geospatial
[3.619s] -- Looking for gz-math7 -- found version 7.5.2
[3.620s] -- Looking for gz-common5 -- found version 5.7.1
[3.622s] -- Looking for gz-plugin2 -- found version 2.0.4
[3.622s] -- Searching for dependencies of gz-plugin2
[3.624s] -- Looking for gz-utils2 -- found version 2.2.1
[3.624s] -- Searching for <gz-plugin2> component [all]
[3.625s] -- Looking for all libraries of gz-plugin2 -- found version 2.0.4
[3.626s] -- Looking for gz-plugin2 -- found version 2.0.4
[3.628s] -- Looking for gz-utils2 -- found version 2.2.1
[3.644s] -- Looking for gz-msgs10 -- found version 10.3.2
[3.702s] -- Looking for gz-physics7 -- found version 7.6.0
[3.702s] -- Searching for dependencies of gz-physics7
[3.703s] -- Looking for gz-common5 -- found version 5.7.1
[3.704s] -- Looking for gz-math7 -- found version 7.5.2
[3.705s] -- Looking for gz-plugin2 -- found version 2.0.4
[3.705s] -- Looking for gz-utils2 -- found version 2.2.1
[3.709s] -- Searching for <gz-physics7> component [heightmap]
[3.710s] -- Looking for gz-physics7-heightmap -- found version 7.6.0
[3.710s] -- Searching for dependencies of gz-physics7-heightmap
[3.710s] -- Looking for gz-common5 -- found version 5.7.1
[3.712s] -- Searching for <gz-physics7> component [mesh]
[3.712s] -- Looking for gz-physics7-mesh -- found version 7.6.0
[3.713s] -- Searching for dependencies of gz-physics7-mesh
[3.713s] -- Looking for gz-common5 -- found version 5.7.1
[3.714s] -- Searching for <gz-physics7> component [sdf]
[3.715s] -- Looking for gz-physics7-sdf -- found version 7.6.0
[3.715s] -- Searching for dependencies of gz-physics7-sdf
[3.716s] -- Looking for sdformat14 -- found version 14.8.0
[3.718s] -- Looking for gz-sensors8 -- found version 8.2.2
[3.718s] -- Searching for dependencies of gz-sensors8
[3.761s] -- Looking for gz-math7 -- found version 7.5.2
[3.761s] -- Looking for gz-common5 -- found version 5.7.1
[3.762s] -- Looking for gz-transport13 -- found version 13.5.0
[3.764s] -- Looking for gz-rendering8 -- found version 8.2.3
[3.765s] -- Looking for gz-msgs10 -- found version 10.3.2
[3.766s] -- Looking for sdformat14 -- found version 14.8.0
[3.767s] -- Searching for <gz-sensors8> component [air_pressure]
[3.768s] -- Looking for gz-sensors8-air_pressure -- found version 8.2.2
[3.769s] -- Searching for dependencies of gz-sensors8-air_pressure
[3.770s] -- Searching for <gz-sensors8> component [air_speed]
[3.771s] -- Looking for gz-sensors8-air_speed -- found version 8.2.2
[3.771s] -- Searching for dependencies of gz-sensors8-air_speed
[3.774s] -- Searching for <gz-sensors8> component [altimeter]
[3.774s] -- Looking for gz-sensors8-altimeter -- found version 8.2.2
[3.778s] -- Searching for dependencies of gz-sensors8-altimeter
[3.780s] -- Searching for <gz-sensors8> component [imu]
[3.781s] -- Looking for gz-sensors8-imu -- found version 8.2.2
[3.782s] -- Searching for dependencies of gz-sensors8-imu
[3.784s] -- Searching for <gz-sensors8> component [force_torque]
[3.785s] -- Looking for gz-sensors8-force_torque -- found version 8.2.2
[3.787s] -- Searching for dependencies of gz-sensors8-force_torque
[3.787s] -- Searching for <gz-sensors8> component [logical_camera]
[3.788s] -- Looking for gz-sensors8-logical_camera -- found version 8.2.2
[3.790s] -- Searching for dependencies of gz-sensors8-logical_camera
[3.794s] -- Searching for <gz-sensors8> component [magnetometer]
[3.796s] -- Looking for gz-sensors8-magnetometer -- found version 8.2.2
[3.797s] -- Searching for dependencies of gz-sensors8-magnetometer
[3.798s] -- Searching for <gz-sensors8> component [navsat]
[3.799s] -- Looking for gz-sensors8-navsat -- found version 8.2.2
[3.800s] -- Searching for dependencies of gz-sensors8-navsat
[3.802s] -- Searching for <gz-sensors8> component [dvl]
[3.803s] -- Looking for gz-sensors8-dvl -- found version 8.2.2
[3.804s] -- Searching for dependencies of gz-sensors8-dvl
[3.805s] -- Looking for gz-sensors8 -- found version 8.2.2
[3.810s] -- Searching for dependencies of gz-sensors8
[3.876s] -- Looking for gz-math7 -- found version 7.5.2
[3.879s] -- Looking for gz-common5 -- found version 5.7.1
[3.880s] -- Looking for gz-transport13 -- found version 13.5.0
[3.881s] -- Looking for gz-rendering8 -- found version 8.2.3
[3.883s] -- Looking for gz-msgs10 -- found version 10.3.2
[3.884s] -- Looking for sdformat14 -- found version 14.8.0
[3.884s] -- Searching for <gz-sensors8> component [rendering]
[3.885s] -- Looking for gz-sensors8-rendering -- found version 8.2.2
[3.885s] -- Searching for dependencies of gz-sensors8-rendering
[3.888s] -- Searching for <gz-sensors8> component [rendering]
[3.888s] -- Searching for <gz-sensors8> component [lidar]
[3.894s] -- Looking for gz-sensors8-lidar -- found version 8.2.2
[3.894s] -- Searching for dependencies of gz-sensors8-lidar
[3.895s] -- Looking for gz-sensors8 -- found version 8.2.2
[3.897s] -- Searching for <gz-sensors8> component [gpu_lidar]
[3.898s] -- Looking for gz-sensors8-gpu_lidar -- found version 8.2.2
[3.898s] -- Searching for dependencies of gz-sensors8-gpu_lidar
[3.899s] -- Looking for gz-sensors8 -- found version 8.2.2
[3.900s] -- Searching for <gz-sensors8> component [camera]
[3.901s] -- Looking for gz-sensors8-camera -- found version 8.2.2
[3.901s] -- Searching for dependencies of gz-sensors8-camera
[3.902s] -- Looking for gz-sensors8 -- found version 8.2.2
[3.903s] -- Searching for <gz-sensors8> component [boundingbox_camera]
[3.904s] -- Looking for gz-sensors8-boundingbox_camera -- found version 8.2.2
[3.904s] -- Searching for dependencies of gz-sensors8-boundingbox_camera
[3.909s] -- Searching for <gz-sensors8> component [segmentation_camera]
[3.909s] -- Looking for gz-sensors8-segmentation_camera -- found version 8.2.2
[3.909s] -- Searching for dependencies of gz-sensors8-segmentation_camera
[3.911s] -- Searching for <gz-sensors8> component [depth_camera]
[3.912s] -- Looking for gz-sensors8-depth_camera -- found version 8.2.2
[3.913s] -- Searching for dependencies of gz-sensors8-depth_camera
[3.913s] -- Looking for gz-sensors8 -- found version 8.2.2
[3.915s] -- Searching for <gz-sensors8> component [rgbd_camera]
[3.916s] -- Looking for gz-sensors8-rgbd_camera -- found version 8.2.2
[3.916s] -- Searching for dependencies of gz-sensors8-rgbd_camera
[3.917s] -- Looking for gz-sensors8 -- found version 8.2.2
[3.918s] -- Searching for <gz-sensors8> component [thermal_camera]
[3.919s] -- Looking for gz-sensors8-thermal_camera -- found version 8.2.2
[3.919s] -- Searching for dependencies of gz-sensors8-thermal_camera
[3.920s] -- Looking for gz-sensors8 -- found version 8.2.2
[3.921s] -- Searching for <gz-sensors8> component [wide_angle_camera]
[3.924s] -- Looking for gz-sensors8-wide_angle_camera -- found version 8.2.2
[3.927s] -- Searching for dependencies of gz-sensors8-wide_angle_camera
[3.928s] -- Looking for gz-rendering8 -- found version 8.2.3
[3.929s] -- Looking for gz-math7 -- found version 7.5.2
[3.930s] -- Looking for gz-utils2 -- found version 2.2.1
[3.994s] -- Looking for gz-plugin2 -- found version 2.0.4
[4.286s] -- Configuring done (4.1s)
[4.404s] -- Generating done (0.1s)
[4.424s] -- Build files have been written to: /home/gideon/turtlebot3_ws/build/turtlebot3_gazebo
[4.569s] [ 12%] [32mBuilding CXX object CMakeFiles/obstacle1.dir/src/obstacle1.cpp.o[0m
[4.573s] [ 25%] [32mBuilding CXX object CMakeFiles/obstacle2.dir/src/obstacle2.cpp.o[0m
[4.575s] [ 37%] [32mBuilding CXX object CMakeFiles/obstacles.dir/src/obstacles.cpp.o[0m
[4.599s] [ 50%] [32mBuilding CXX object CMakeFiles/turtlebot3_drive.dir/src/turtlebot3_drive.cpp.o[0m
[11.150s] [ 62%] [32m[1mLinking CXX shared library libobstacle2.so[0m
[12.061s] [ 62%] Built target obstacle2
[12.186s] [ 75%] [32m[1mLinking CXX shared library libobstacle1.so[0m
[12.638s] [ 75%] Built target obstacle1
[13.971s] [ 87%] [32m[1mLinking CXX shared library libobstacles.so[0m
[14.615s] [ 87%] Built target obstacles
[32.124s] [100%] [32m[1mLinking CXX executable turtlebot3_drive[0m
[35.100s] [100%] Built target turtlebot3_drive
[35.330s] Invoked command in '/home/gideon/turtlebot3_ws/build/turtlebot3_gazebo' returned '0': CMAKE_PREFIX_PATH=${CMAKE_PREFIX_PATH}:/home/gideon/turtlebot3_ws/install/turtlebot3_teleop:/home/gideon/turtlebot3_ws/install/turtlebot3_example:/opt/ros/jazzy DEBUGINFOD_URLS=https://debuginfod.ubuntu.com /usr/bin/cmake --build /home/gideon/turtlebot3_ws/build/turtlebot3_gazebo -- -j8 -l8
[35.337s] Invoking command in '/home/gideon/turtlebot3_ws/build/turtlebot3_gazebo': CMAKE_PREFIX_PATH=${CMAKE_PREFIX_PATH}:/home/gideon/turtlebot3_ws/install/turtlebot3_teleop:/home/gideon/turtlebot3_ws/install/turtlebot3_example:/opt/ros/jazzy DEBUGINFOD_URLS=https://debuginfod.ubuntu.com /usr/bin/cmake --install /home/gideon/turtlebot3_ws/build/turtlebot3_gazebo
[35.386s] -- Install configuration: ""
[35.390s] -- Execute custom install script
[35.392s] -- Up-to-date symlink: /home/gideon/turtlebot3_ws/install/turtlebot3_gazebo/lib/turtlebot3_gazebo/turtlebot3_drive
[35.398s] -- Up-to-date symlink: /home/gideon/turtlebot3_ws/install/turtlebot3_gazebo/lib/turtlebot3_gazebo/libobstacles.so
[35.400s] -- Up-to-date symlink: /home/gideon/turtlebot3_ws/install/turtlebot3_gazebo/lib/turtlebot3_gazebo/libobstacle1.so
[35.407s] -- Up-to-date symlink: /home/gideon/turtlebot3_ws/install/turtlebot3_gazebo/lib/turtlebot3_gazebo/libobstacle2.so
[35.412s] -- Up-to-date symlink: /home/gideon/turtlebot3_ws/install/turtlebot3_gazebo/share/turtlebot3_gazebo//launch/cubiclean_sim.launch.py
[35.415s] -- Up-to-date symlink: /home/gideon/turtlebot3_ws/install/turtlebot3_gazebo/share/turtlebot3_gazebo//launch/empty_world.launch.py
[35.417s] -- Up-to-date symlink: /home/gideon/turtlebot3_ws/install/turtlebot3_gazebo/share/turtlebot3_gazebo//launch/robot_state_publisher.launch.py
[35.419s] -- Up-to-date symlink: /home/gideon/turtlebot3_ws/install/turtlebot3_gazebo/share/turtlebot3_gazebo//launch/spawn_turtlebot3.launch.py
[35.420s] -- Up-to-date symlink: /home/gideon/turtlebot3_ws/install/turtlebot3_gazebo/share/turtlebot3_gazebo//launch/turtlebot3_dqn_stage1.launch.py
[35.422s] -- Up-to-date symlink: /home/gideon/turtlebot3_ws/install/turtlebot3_gazebo/share/turtlebot3_gazebo//launch/turtlebot3_dqn_stage2.launch.py
[35.422s] -- Up-to-date symlink: /home/gideon/turtlebot3_ws/install/turtlebot3_gazebo/share/turtlebot3_gazebo//launch/turtlebot3_dqn_stage3.launch.py
[35.427s] -- Up-to-date symlink: /home/gideon/turtlebot3_ws/install/turtlebot3_gazebo/share/turtlebot3_gazebo//launch/turtlebot3_dqn_stage4.launch.py
[35.429s] -- Up-to-date symlink: /home/gideon/turtlebot3_ws/install/turtlebot3_gazebo/share/turtlebot3_gazebo//launch/turtlebot3_house.launch.py
[35.434s] -- Up-to-date symlink: /home/gideon/turtlebot3_ws/install/turtlebot3_gazebo/share/turtlebot3_gazebo//launch/turtlebot3_world.launch.py
[35.465s] -- Up-to-date symlink: /home/gideon/turtlebot3_ws/install/turtlebot3_gazebo/share/turtlebot3_gazebo//models/industrial_building/IndustrialBuilding10.dae
[35.466s] -- Up-to-date symlink: /home/gideon/turtlebot3_ws/install/turtlebot3_gazebo/share/turtlebot3_gazebo//models/turtlebot3_burger/model-1_4.sdf
[35.467s] -- Up-to-date symlink: /home/gideon/turtlebot3_ws/install/turtlebot3_gazebo/share/turtlebot3_gazebo//models/turtlebot3_burger/model.config
[35.468s] -- Up-to-date symlink: /home/gideon/turtlebot3_ws/install/turtlebot3_gazebo/share/turtlebot3_gazebo//models/turtlebot3_burger/model.sdf
[35.474s] -- Up-to-date symlink: /home/gideon/turtlebot3_ws/install/turtlebot3_gazebo/share/turtlebot3_gazebo//models/turtlebot3_burger_cam/model-1_4.sdf
[35.476s] -- Up-to-date symlink: /home/gideon/turtlebot3_ws/install/turtlebot3_gazebo/share/turtlebot3_gazebo//models/turtlebot3_burger_cam/model.config
[35.479s] -- Up-to-date symlink: /home/gideon/turtlebot3_ws/install/turtlebot3_gazebo/share/turtlebot3_gazebo//models/turtlebot3_burger_cam/model.sdf
[35.485s] -- Up-to-date symlink: /home/gideon/turtlebot3_ws/install/turtlebot3_gazebo/share/turtlebot3_gazebo//models/turtlebot3_common/meshes/bases/burger_base.stl
[35.485s] -- Up-to-date symlink: /home/gideon/turtlebot3_ws/install/turtlebot3_gazebo/share/turtlebot3_gazebo//models/turtlebot3_common/meshes/bases/waffle_base.stl
[35.486s] -- Up-to-date symlink: /home/gideon/turtlebot3_ws/install/turtlebot3_gazebo/share/turtlebot3_gazebo//models/turtlebot3_common/meshes/bases/waffle_pi_base.stl
[35.488s] -- Up-to-date symlink: /home/gideon/turtlebot3_ws/install/turtlebot3_gazebo/share/turtlebot3_gazebo//models/turtlebot3_common/meshes/burger_base.dae
[35.489s] -- Up-to-date symlink: /home/gideon/turtlebot3_ws/install/turtlebot3_gazebo/share/turtlebot3_gazebo//models/turtlebot3_common/meshes/lds.dae
[35.489s] -- Up-to-date symlink: /home/gideon/turtlebot3_ws/install/turtlebot3_gazebo/share/turtlebot3_gazebo//models/turtlebot3_common/meshes/r200.dae
[35.496s] -- Up-to-date symlink: /home/gideon/turtlebot3_ws/install/turtlebot3_gazebo/share/turtlebot3_gazebo//models/turtlebot3_common/meshes/sensors/astra.dae
[35.497s] -- Up-to-date symlink: /home/gideon/turtlebot3_ws/install/turtlebot3_gazebo/share/turtlebot3_gazebo//models/turtlebot3_common/meshes/sensors/astra.jpg
[35.498s] -- Up-to-date symlink: /home/gideon/turtlebot3_ws/install/turtlebot3_gazebo/share/turtlebot3_gazebo//models/turtlebot3_common/meshes/sensors/lds.stl
[35.504s] -- Up-to-date symlink: /home/gideon/turtlebot3_ws/install/turtlebot3_gazebo/share/turtlebot3_gazebo//models/turtlebot3_common/meshes/sensors/r200.dae
[35.504s] -- Up-to-date symlink: /home/gideon/turtlebot3_ws/install/turtlebot3_gazebo/share/turtlebot3_gazebo//models/turtlebot3_common/meshes/sensors/r200.jpg
[35.505s] -- Up-to-date symlink: /home/gideon/turtlebot3_ws/install/turtlebot3_gazebo/share/turtlebot3_gazebo//models/turtlebot3_common/meshes/tire.dae
[35.511s] -- Up-to-date symlink: /home/gideon/turtlebot3_ws/install/turtlebot3_gazebo/share/turtlebot3_gazebo//models/turtlebot3_common/meshes/waffle_base.dae
[35.513s] -- Up-to-date symlink: /home/gideon/turtlebot3_ws/install/turtlebot3_gazebo/share/turtlebot3_gazebo//models/turtlebot3_common/meshes/waffle_pi_base.dae
[35.514s] -- Up-to-date symlink: /home/gideon/turtlebot3_ws/install/turtlebot3_gazebo/share/turtlebot3_gazebo//models/turtlebot3_common/meshes/wheels/left_tire.stl
[35.519s] -- Up-to-date symlink: /home/gideon/turtlebot3_ws/install/turtlebot3_gazebo/share/turtlebot3_gazebo//models/turtlebot3_common/meshes/wheels/right_tire.stl
[35.519s] -- Up-to-date symlink: /home/gideon/turtlebot3_ws/install/turtlebot3_gazebo/share/turtlebot3_gazebo//models/turtlebot3_common/model.config
[35.521s] -- Up-to-date symlink: /home/gideon/turtlebot3_ws/install/turtlebot3_gazebo/share/turtlebot3_gazebo//models/turtlebot3_dqn_world/goal_box/model.config
[35.521s] -- Up-to-date symlink: /home/gideon/turtlebot3_ws/install/turtlebot3_gazebo/share/turtlebot3_gazebo//models/turtlebot3_dqn_world/goal_box/model.sdf
[35.522s] -- Up-to-date symlink: /home/gideon/turtlebot3_ws/install/turtlebot3_gazebo/share/turtlebot3_gazebo//models/turtlebot3_dqn_world/inner_walls/model.config
[35.523s] -- Up-to-date symlink: /home/gideon/turtlebot3_ws/install/turtlebot3_gazebo/share/turtlebot3_gazebo//models/turtlebot3_dqn_world/inner_walls/model.sdf
[35.531s] -- Up-to-date symlink: /home/gideon/turtlebot3_ws/install/turtlebot3_gazebo/share/turtlebot3_gazebo//models/turtlebot3_dqn_world/inner_walls/textures/wood.png
[35.531s] -- Up-to-date symlink: /home/gideon/turtlebot3_ws/install/turtlebot3_gazebo/share/turtlebot3_gazebo//models/turtlebot3_dqn_world/model.config
[35.533s] -- Up-to-date symlink: /home/gideon/turtlebot3_ws/install/turtlebot3_gazebo/share/turtlebot3_gazebo//models/turtlebot3_dqn_world/model.sdf
[35.534s] -- Up-to-date symlink: /home/gideon/turtlebot3_ws/install/turtlebot3_gazebo/share/turtlebot3_gazebo//models/turtlebot3_dqn_world/obstacle1/model.config
[35.541s] -- Up-to-date symlink: /home/gideon/turtlebot3_ws/install/turtlebot3_gazebo/share/turtlebot3_gazebo//models/turtlebot3_dqn_world/obstacle1/model.sdf
[35.543s] -- Up-to-date symlink: /home/gideon/turtlebot3_ws/install/turtlebot3_gazebo/share/turtlebot3_gazebo//models/turtlebot3_dqn_world/obstacle2/model.config
[35.545s] -- Up-to-date symlink: /home/gideon/turtlebot3_ws/install/turtlebot3_gazebo/share/turtlebot3_gazebo//models/turtlebot3_dqn_world/obstacle2/model.sdf
[35.550s] -- Up-to-date symlink: /home/gideon/turtlebot3_ws/install/turtlebot3_gazebo/share/turtlebot3_gazebo//models/turtlebot3_dqn_world/obstacles/model.config
[35.551s] -- Up-to-date symlink: /home/gideon/turtlebot3_ws/install/turtlebot3_gazebo/share/turtlebot3_gazebo//models/turtlebot3_dqn_world/obstacles/model.sdf
[35.552s] -- Up-to-date symlink: /home/gideon/turtlebot3_ws/install/turtlebot3_gazebo/share/turtlebot3_gazebo//models/turtlebot3_dqn_world/textures/wood.png
[35.556s] -- Up-to-date symlink: /home/gideon/turtlebot3_ws/install/turtlebot3_gazebo/share/turtlebot3_gazebo//models/turtlebot3_house/cafe_table/materials/textures/Maple.jpg
[35.556s] -- Up-to-date symlink: /home/gideon/turtlebot3_ws/install/turtlebot3_gazebo/share/turtlebot3_gazebo//models/turtlebot3_house/cafe_table/materials/textures/Wood_Floor_Dark.jpg
[35.557s] -- Up-to-date symlink: /home/gideon/turtlebot3_ws/install/turtlebot3_gazebo/share/turtlebot3_gazebo//models/turtlebot3_house/cafe_table/meshes/cafe_table.dae
[35.562s] -- Up-to-date symlink: /home/gideon/turtlebot3_ws/install/turtlebot3_gazebo/share/turtlebot3_gazebo//models/turtlebot3_house/cafe_table/model-1_4.sdf
[35.573s] -- Up-to-date symlink: /home/gideon/turtlebot3_ws/install/turtlebot3_gazebo/share/turtlebot3_gazebo//models/turtlebot3_house/cafe_table/model.config
[35.577s] -- Up-to-date symlink: /home/gideon/turtlebot3_ws/install/turtlebot3_gazebo/share/turtlebot3_gazebo//models/turtlebot3_house/cafe_table/model.sdf
[35.580s] -- Up-to-date symlink: /home/gideon/turtlebot3_ws/install/turtlebot3_gazebo/share/turtlebot3_gazebo//models/turtlebot3_house/first_2015_trash_can/meshes/trash_can.dae
[35.580s] -- Up-to-date symlink: /home/gideon/turtlebot3_ws/install/turtlebot3_gazebo/share/turtlebot3_gazebo//models/turtlebot3_house/first_2015_trash_can/model.config
[35.581s] -- Up-to-date symlink: /home/gideon/turtlebot3_ws/install/turtlebot3_gazebo/share/turtlebot3_gazebo//models/turtlebot3_house/first_2015_trash_can/model.sdf
[35.581s] -- Up-to-date symlink: /home/gideon/turtlebot3_ws/install/turtlebot3_gazebo/share/turtlebot3_gazebo//models/turtlebot3_house/mailbox/materials/scripts/mailbox.material
[35.583s] -- Up-to-date symlink: /home/gideon/turtlebot3_ws/install/turtlebot3_gazebo/share/turtlebot3_gazebo//models/turtlebot3_house/mailbox/materials/textures/Mailbox_Diffuse.png
[35.587s] -- Up-to-date symlink: /home/gideon/turtlebot3_ws/install/turtlebot3_gazebo/share/turtlebot3_gazebo//models/turtlebot3_house/mailbox/materials/textures/Mailbox_Diffuse.tga.orig
[35.595s] -- Up-to-date symlink: /home/gideon/turtlebot3_ws/install/turtlebot3_gazebo/share/turtlebot3_gazebo//models/turtlebot3_house/mailbox/materials/textures/Mailbox_Spec.png
[35.595s] -- Up-to-date symlink: /home/gideon/turtlebot3_ws/install/turtlebot3_gazebo/share/turtlebot3_gazebo//models/turtlebot3_house/mailbox/meshes/mailbox.dae
[35.596s] -- Up-to-date symlink: /home/gideon/turtlebot3_ws/install/turtlebot3_gazebo/share/turtlebot3_gazebo//models/turtlebot3_house/mailbox/model-1_3.sdf
[35.596s] -- Up-to-date symlink: /home/gideon/turtlebot3_ws/install/turtlebot3_gazebo/share/turtlebot3_gazebo//models/turtlebot3_house/mailbox/model-1_4.sdf
[35.597s] -- Up-to-date symlink: /home/gideon/turtlebot3_ws/install/turtlebot3_gazebo/share/turtlebot3_gazebo//models/turtlebot3_house/mailbox/model.config
[35.601s] -- Up-to-date symlink: /home/gideon/turtlebot3_ws/install/turtlebot3_gazebo/share/turtlebot3_gazebo//models/turtlebot3_house/mailbox/model.sdf
[35.603s] -- Up-to-date symlink: /home/gideon/turtlebot3_ws/install/turtlebot3_gazebo/share/turtlebot3_gazebo//models/turtlebot3_house/model.config
[35.608s] -- Up-to-date symlink: /home/gideon/turtlebot3_ws/install/turtlebot3_gazebo/share/turtlebot3_gazebo//models/turtlebot3_house/model.sdf
[35.608s] -- Up-to-date symlink: /home/gideon/turtlebot3_ws/install/turtlebot3_gazebo/share/turtlebot3_gazebo//models/turtlebot3_house/table_marble/materials/scripts/table_lightmap.material
[35.611s] -- Up-to-date symlink: /home/gideon/turtlebot3_ws/install/turtlebot3_gazebo/share/turtlebot3_gazebo//models/turtlebot3_house/table_marble/materials/textures/marble.png
[35.611s] -- Up-to-date symlink: /home/gideon/turtlebot3_ws/install/turtlebot3_gazebo/share/turtlebot3_gazebo//models/turtlebot3_house/table_marble/materials/textures/table_lightmap.png
[35.611s] -- Up-to-date symlink: /home/gideon/turtlebot3_ws/install/turtlebot3_gazebo/share/turtlebot3_gazebo//models/turtlebot3_house/table_marble/meshes/table_lightmap.dae
[35.612s] -- Up-to-date symlink: /home/gideon/turtlebot3_ws/install/turtlebot3_gazebo/share/turtlebot3_gazebo//models/turtlebot3_house/table_marble/model-1_4.sdf
[35.617s] -- Up-to-date symlink: /home/gideon/turtlebot3_ws/install/turtlebot3_gazebo/share/turtlebot3_gazebo//models/turtlebot3_house/table_marble/model.config
[35.618s] -- Up-to-date symlink: /home/gideon/turtlebot3_ws/install/turtlebot3_gazebo/share/turtlebot3_gazebo//models/turtlebot3_house/table_marble/model.sdf
[35.620s] -- Up-to-date symlink: /home/gideon/turtlebot3_ws/install/turtlebot3_gazebo/share/turtlebot3_gazebo//models/turtlebot3_house/textures/bricks.png
[35.620s] -- Up-to-date symlink: /home/gideon/turtlebot3_ws/install/turtlebot3_gazebo/share/turtlebot3_gazebo//models/turtlebot3_house/textures/wood.png
[35.627s] -- Up-to-date symlink: /home/gideon/turtlebot3_ws/install/turtlebot3_gazebo/share/turtlebot3_gazebo//models/turtlebot3_waffle/model-1_4.sdf
[35.628s] -- Up-to-date symlink: /home/gideon/turtlebot3_ws/install/turtlebot3_gazebo/share/turtlebot3_gazebo//models/turtlebot3_waffle/model.config
[35.629s] -- Up-to-date symlink: /home/gideon/turtlebot3_ws/install/turtlebot3_gazebo/share/turtlebot3_gazebo//models/turtlebot3_waffle/model.sdf
[35.632s] -- Up-to-date symlink: /home/gideon/turtlebot3_ws/install/turtlebot3_gazebo/share/turtlebot3_gazebo//models/turtlebot3_waffle_pi/model-1_4_.sdf
[35.633s] -- Up-to-date symlink: /home/gideon/turtlebot3_ws/install/turtlebot3_gazebo/share/turtlebot3_gazebo//models/turtlebot3_waffle_pi/model.config
[35.634s] -- Up-to-date symlink: /home/gideon/turtlebot3_ws/install/turtlebot3_gazebo/share/turtlebot3_gazebo//models/turtlebot3_waffle_pi/model.sdf
[35.644s] -- Up-to-date symlink: /home/gideon/turtlebot3_ws/install/turtlebot3_gazebo/share/turtlebot3_gazebo//models/turtlebot3_world/meshes/hexagon.dae
[35.646s] -- Up-to-date symlink: /home/gideon/turtlebot3_ws/install/turtlebot3_gazebo/share/turtlebot3_gazebo//models/turtlebot3_world/meshes/wall.dae
[35.646s] -- Up-to-date symlink: /home/gideon/turtlebot3_ws/install/turtlebot3_gazebo/share/turtlebot3_gazebo//models/turtlebot3_world/model-1_4.sdf
[35.646s] -- Up-to-date symlink: /home/gideon/turtlebot3_ws/install/turtlebot3_gazebo/share/turtlebot3_gazebo//models/turtlebot3_world/model.config
[35.649s] -- Up-to-date symlink: /home/gideon/turtlebot3_ws/install/turtlebot3_gazebo/share/turtlebot3_gazebo//models/turtlebot3_world/model.sdf
[35.650s] -- Up-to-date symlink: /home/gideon/turtlebot3_ws/install/turtlebot3_gazebo/share/turtlebot3_gazebo//params/turtlebot3_burger_bridge.yaml
[35.654s] -- Up-to-date symlink: /home/gideon/turtlebot3_ws/install/turtlebot3_gazebo/share/turtlebot3_gazebo//params/turtlebot3_burger_cam_bridge.yaml
[35.655s] -- Up-to-date symlink: /home/gideon/turtlebot3_ws/install/turtlebot3_gazebo/share/turtlebot3_gazebo//params/turtlebot3_waffle_bridge.yaml
[35.655s] -- Up-to-date symlink: /home/gideon/turtlebot3_ws/install/turtlebot3_gazebo/share/turtlebot3_gazebo//params/turtlebot3_waffle_pi_bridge.yaml
[35.665s] -- Up-to-date symlink: /home/gideon/turtlebot3_ws/install/turtlebot3_gazebo/share/turtlebot3_gazebo//rviz/tb3_gazebo.rviz
[35.670s] -- Up-to-date symlink: /home/gideon/turtlebot3_ws/install/turtlebot3_gazebo/share/turtlebot3_gazebo//urdf/common_properties.urdf
[35.671s] -- Up-to-date symlink: /home/gideon/turtlebot3_ws/install/turtlebot3_gazebo/share/turtlebot3_gazebo//urdf/turtlebot3_burger.urdf
[35.674s] -- Up-to-date symlink: /home/gideon/turtlebot3_ws/install/turtlebot3_gazebo/share/turtlebot3_gazebo//urdf/turtlebot3_burger_cam.urdf
[35.674s] -- Up-to-date symlink: /home/gideon/turtlebot3_ws/install/turtlebot3_gazebo/share/turtlebot3_gazebo//urdf/turtlebot3_waffle.urdf
[35.675s] -- Up-to-date symlink: /home/gideon/turtlebot3_ws/install/turtlebot3_gazebo/share/turtlebot3_gazebo//urdf/turtlebot3_waffle_pi.urdf
[35.681s] -- Up-to-date symlink: /home/gideon/turtlebot3_ws/install/turtlebot3_gazebo/share/turtlebot3_gazebo//worlds/cow_barn_world.sdf
[35.682s] -- Up-to-date symlink: /home/gideon/turtlebot3_ws/install/turtlebot3_gazebo/share/turtlebot3_gazebo//worlds/cubiclean_world.sdf
[35.687s] -- Up-to-date symlink: /home/gideon/turtlebot3_ws/install/turtlebot3_gazebo/share/turtlebot3_gazebo//worlds/cubiclean_world_autogen_i.sdf
[35.690s] -- Up-to-date symlink: /home/gideon/turtlebot3_ws/install/turtlebot3_gazebo/share/turtlebot3_gazebo//worlds/empty_world.world
[35.692s] -- Up-to-date symlink: /home/gideon/turtlebot3_ws/install/turtlebot3_gazebo/share/turtlebot3_gazebo//worlds/shapes_demo.sdf
[35.697s] -- Up-to-date symlink: /home/gideon/turtlebot3_ws/install/turtlebot3_gazebo/share/turtlebot3_gazebo//worlds/turtlebot3_autorace_2020.world
[35.697s] -- Up-to-date symlink: /home/gideon/turtlebot3_ws/install/turtlebot3_gazebo/share/turtlebot3_gazebo//worlds/turtlebot3_dqn_stage1.world
[35.702s] -- Up-to-date symlink: /home/gideon/turtlebot3_ws/install/turtlebot3_gazebo/share/turtlebot3_gazebo//worlds/turtlebot3_dqn_stage2.world
[35.702s] -- Up-to-date symlink: /home/gideon/turtlebot3_ws/install/turtlebot3_gazebo/share/turtlebot3_gazebo//worlds/turtlebot3_dqn_stage3.world
[35.703s] -- Up-to-date symlink: /home/gideon/turtlebot3_ws/install/turtlebot3_gazebo/share/turtlebot3_gazebo//worlds/turtlebot3_dqn_stage4.world
[35.703s] -- Up-to-date symlink: /home/gideon/turtlebot3_ws/install/turtlebot3_gazebo/share/turtlebot3_gazebo//worlds/turtlebot3_house.world
[35.704s] -- Up-to-date symlink: /home/gideon/turtlebot3_ws/install/turtlebot3_gazebo/share/turtlebot3_gazebo//worlds/turtlebot3_world.world
[35.711s] -- Up-to-date symlink: /home/gideon/turtlebot3_ws/install/turtlebot3_gazebo/include//turtlebot3_gazebo/obstacle1.hpp
[35.714s] -- Up-to-date symlink: /home/gideon/turtlebot3_ws/install/turtlebot3_gazebo/include//turtlebot3_gazebo/obstacle2.hpp
[35.716s] -- Up-to-date symlink: /home/gideon/turtlebot3_ws/install/turtlebot3_gazebo/include//turtlebot3_gazebo/obstacles.hpp
[35.718s] -- Up-to-date symlink: /home/gideon/turtlebot3_ws/install/turtlebot3_gazebo/include//turtlebot3_gazebo/traffic_bar_plugin.hpp
[35.718s] -- Up-to-date symlink: /home/gideon/turtlebot3_ws/install/turtlebot3_gazebo/include//turtlebot3_gazebo/traffic_light_plugin.hpp
[35.720s] -- Up-to-date symlink: /home/gideon/turtlebot3_ws/install/turtlebot3_gazebo/include//turtlebot3_gazebo/turtlebot3_drive.hpp
[35.730s] -- Up-to-date symlink: /home/gideon/turtlebot3_ws/install/turtlebot3_gazebo/share/ament_index/resource_index/package_run_dependencies/turtlebot3_gazebo
[35.730s] -- Up-to-date symlink: /home/gideon/turtlebot3_ws/install/turtlebot3_gazebo/share/ament_index/resource_index/parent_prefix_path/turtlebot3_gazebo
[35.733s] -- Up-to-date symlink: /home/gideon/turtlebot3_ws/install/turtlebot3_gazebo/share/turtlebot3_gazebo/environment/ament_prefix_path.sh
[35.734s] -- Up-to-date symlink: /home/gideon/turtlebot3_ws/install/turtlebot3_gazebo/share/turtlebot3_gazebo/environment/ament_prefix_path.dsv
[35.738s] -- Up-to-date symlink: /home/gideon/turtlebot3_ws/install/turtlebot3_gazebo/share/turtlebot3_gazebo/environment/path.sh
[35.739s] -- Up-to-date symlink: /home/gideon/turtlebot3_ws/install/turtlebot3_gazebo/share/turtlebot3_gazebo/environment/path.dsv
[35.742s] -- Up-to-date symlink: /home/gideon/turtlebot3_ws/install/turtlebot3_gazebo/share/turtlebot3_gazebo/local_setup.bash
[35.744s] -- Up-to-date symlink: /home/gideon/turtlebot3_ws/install/turtlebot3_gazebo/share/turtlebot3_gazebo/local_setup.sh
[35.745s] -- Up-to-date symlink: /home/gideon/turtlebot3_ws/install/turtlebot3_gazebo/share/turtlebot3_gazebo/local_setup.zsh
[35.750s] -- Up-to-date symlink: /home/gideon/turtlebot3_ws/install/turtlebot3_gazebo/share/turtlebot3_gazebo/local_setup.dsv
[35.750s] -- Symlinking: /home/gideon/turtlebot3_ws/install/turtlebot3_gazebo/share/turtlebot3_gazebo/package.dsv
[35.820s] -- Up-to-date symlink: /home/gideon/turtlebot3_ws/install/turtlebot3_gazebo/share/ament_index/resource_index/packages/turtlebot3_gazebo
[35.823s] -- Up-to-date symlink: /home/gideon/turtlebot3_ws/install/turtlebot3_gazebo/share/turtlebot3_gazebo/cmake/ament_cmake_export_include_directories-extras.cmake
[35.825s] -- Up-to-date symlink: /home/gideon/turtlebot3_ws/install/turtlebot3_gazebo/share/turtlebot3_gazebo/cmake/ament_cmake_export_dependencies-extras.cmake
[35.833s] -- Up-to-date symlink: /home/gideon/turtlebot3_ws/install/turtlebot3_gazebo/share/turtlebot3_gazebo/cmake/turtlebot3_gazeboConfig.cmake
[35.835s] -- Up-to-date symlink: /home/gideon/turtlebot3_ws/install/turtlebot3_gazebo/share/turtlebot3_gazebo/cmake/turtlebot3_gazeboConfig-version.cmake
[35.844s] -- Up-to-date symlink: /home/gideon/turtlebot3_ws/install/turtlebot3_gazebo/share/turtlebot3_gazebo/package.xml
[35.847s] Invoked command in '/home/gideon/turtlebot3_ws/build/turtlebot3_gazebo' returned '0': CMAKE_PREFIX_PATH=${CMAKE_PREFIX_PATH}:/home/gideon/turtlebot3_ws/install/turtlebot3_teleop:/home/gideon/turtlebot3_ws/install/turtlebot3_example:/opt/ros/jazzy DEBUGINFOD_URLS=https://debuginfod.ubuntu.com /usr/bin/cmake --install /home/gideon/turtlebot3_ws/build/turtlebot3_gazebo
