[0.464s] Invoking command in '/home/gideon/turtlebot3_ws/build/turtlebot3_fake_node': CMAKE_PREFIX_PATH=/home/gideon/turtlebot3_ws/install/turtlebot3_msgs:/home/gideon/turtlebot3_ws/install/turtlebot3:/home/gideon/turtlebot3_ws/install/turtlebot3_simulations:/home/gideon/turtlebot3_ws/install/turtlebot3_bringup:/home/gideon/turtlebot3_ws/install/turtlebot3_node:/home/gideon/turtlebot3_ws/install/turtlebot3_navigation2:/home/gideon/turtlebot3_ws/install/turtlebot3_fake_node:/home/gideon/turtlebot3_ws/install/turtlebot3_gazebo:/home/gideon/turtlebot3_ws/install/turtlebot3_drive:/home/gideon/turtlebot3_ws/install/turtlebot3_description:/home/gideon/turtlebot3_ws/install/turtlebot3_cartographer:/home/gideon/turtlebot3_ws/install/dynamixel_sdk_examples:/home/gideon/turtlebot3_ws/install/dynamixel_sdk_custom_interfaces:/home/gideon/turtlebot3_ws/install/dynamixel_sdk:/opt/ros/jazzy/opt/gz_sim_vendor:/opt/ros/jazzy/opt/gz_sensors_vendor:/opt/ros/jazzy/opt/gz_physics_vendor:/opt/ros/jazzy/opt/sdformat_vendor:/opt/ros/jazzy/opt/gz_gui_vendor:/opt/ros/jazzy/opt/gz_transport_vendor:/opt/ros/jazzy/opt/gz_rendering_vendor:/opt/ros/jazzy/opt/gz_plugin_vendor:/opt/ros/jazzy/opt/gz_fuel_tools_vendor:/opt/ros/jazzy/opt/gz_msgs_vendor:/opt/ros/jazzy/opt/gz_common_vendor:/opt/ros/jazzy/opt/gz_math_vendor:/opt/ros/jazzy/opt/gz_utils_vendor:/opt/ros/jazzy/opt/gz_tools_vendor:/opt/ros/jazzy/opt/gz_ogre_next_vendor:/opt/ros/jazzy/opt/gz_dartsim_vendor:/opt/ros/jazzy/opt/gz_cmake_vendor:/home/gideon/turtlebot3_ws/install/turtlebot3_teleop:/home/gideon/turtlebot3_ws/install/turtlebot3_example:/opt/ros/jazzy DEBUGINFOD_URLS=https://debuginfod.ubuntu.com PYTHONPATH=/home/gideon/turtlebot3_ws/install/turtlebot3_msgs/lib/python3.12/site-packages:/home/gideon/turtlebot3_ws/build/turtlebot3_teleop:/home/gideon/turtlebot3_ws/install/turtlebot3_teleop/lib/python3.12/site-packages:/home/gideon/turtlebot3_ws/build/turtlebot3_example:/home/gideon/turtlebot3_ws/install/turtlebot3_example/lib/python3.12/site-packages:/home/gideon/turtlebot3_ws/install/dynamixel_sdk_custom_interfaces/lib/python3.12/site-packages:/home/gideon/turtlebot3_ws/install/dynamixel_sdk/lib/python3.12/site-packages:/opt/ros/jazzy/lib/python3.12/site-packages /usr/bin/cmake /home/gideon/turtlebot3_ws/src/turtlebot3_simulations/turtlebot3_fake_node -DAMENT_CMAKE_SYMLINK_INSTALL=1 -DCMAKE_INSTALL_PREFIX=/home/gideon/turtlebot3_ws/install/turtlebot3_fake_node
[0.598s] -- The C compiler identification is GNU 13.3.0
[0.742s] -- The CXX compiler identification is GNU 13.3.0
[0.785s] -- Detecting C compiler ABI info
[0.993s] -- Detecting C compiler ABI info - done
[1.024s] -- Check for working C compiler: /usr/bin/cc - skipped
[1.024s] -- Detecting C compile features
[1.025s] -- Detecting C compile features - done
[1.047s] -- Detecting CXX compiler ABI info
[1.268s] -- Detecting CXX compiler ABI info - done
[1.305s] -- Check for working CXX compiler: /usr/bin/c++ - skipped
[1.306s] -- Detecting CXX compile features
[1.307s] -- Detecting CXX compile features - done
[1.320s] -- Found ament_cmake: 2.5.4 (/opt/ros/jazzy/share/ament_cmake/cmake)
[1.676s] -- Found Python3: /usr/bin/python3 (found version "3.12.3") found components: Interpreter 
[1.804s] -- Override CMake install command with custom implementation using symlinks instead of copying resources
[1.935s] -- Found geometry_msgs: 5.3.6 (/opt/ros/jazzy/share/geometry_msgs/cmake)
[2.050s] -- Found rosidl_generator_c: 4.6.6 (/opt/ros/jazzy/share/rosidl_generator_c/cmake)
[2.087s] -- Found rosidl_generator_cpp: 4.6.6 (/opt/ros/jazzy/share/rosidl_generator_cpp/cmake)
[2.129s] -- Using all available rosidl_typesupport_c: rosidl_typesupport_fastrtps_c;rosidl_typesupport_introspection_c
[2.178s] -- Using all available rosidl_typesupport_cpp: rosidl_typesupport_fastrtps_cpp;rosidl_typesupport_introspection_cpp
[2.288s] -- Found nav_msgs: 5.3.6 (/opt/ros/jazzy/share/nav_msgs/cmake)
[2.373s] -- Found rclcpp: 28.1.12 (/opt/ros/jazzy/share/rclcpp/cmake)
[2.533s] -- Found rmw_implementation_cmake: 7.3.2 (/opt/ros/jazzy/share/rmw_implementation_cmake/cmake)
[2.545s] -- Found rmw_fastrtps_cpp: 8.4.3 (/opt/ros/jazzy/share/rmw_fastrtps_cpp/cmake)
[2.717s] -- Found OpenSSL: /usr/lib/x86_64-linux-gnu/libcrypto.so (found version "3.0.13")  
[2.759s] -- Found FastRTPS: /opt/ros/jazzy/include (Required is at least version "2.13") 
[2.806s] -- Using RMW implementation 'rmw_fastrtps_cpp' as default
[3.018s] -- Found sensor_msgs: 5.3.6 (/opt/ros/jazzy/share/sensor_msgs/cmake)
[3.091s] -- Found tf2: 0.36.14 (/opt/ros/jazzy/share/tf2/cmake)
[3.106s] -- Found tf2_msgs: 0.36.14 (/opt/ros/jazzy/share/tf2_msgs/cmake)
[3.223s] -- Found turtlebot3_msgs: 2.4.0 (/home/gideon/turtlebot3_ws/install/turtlebot3_msgs/share/turtlebot3_msgs/cmake)
[3.434s] -- Configuring done (3.0s)
[3.461s] -- Generating done (0.0s)
[3.469s] -- Build files have been written to: /home/gideon/turtlebot3_ws/build/turtlebot3_fake_node
[3.484s] Invoked command in '/home/gideon/turtlebot3_ws/build/turtlebot3_fake_node' returned '0': CMAKE_PREFIX_PATH=/home/gideon/turtlebot3_ws/install/turtlebot3_msgs:/home/gideon/turtlebot3_ws/install/turtlebot3:/home/gideon/turtlebot3_ws/install/turtlebot3_simulations:/home/gideon/turtlebot3_ws/install/turtlebot3_bringup:/home/gideon/turtlebot3_ws/install/turtlebot3_node:/home/gideon/turtlebot3_ws/install/turtlebot3_navigation2:/home/gideon/turtlebot3_ws/install/turtlebot3_fake_node:/home/gideon/turtlebot3_ws/install/turtlebot3_gazebo:/home/gideon/turtlebot3_ws/install/turtlebot3_drive:/home/gideon/turtlebot3_ws/install/turtlebot3_description:/home/gideon/turtlebot3_ws/install/turtlebot3_cartographer:/home/gideon/turtlebot3_ws/install/dynamixel_sdk_examples:/home/gideon/turtlebot3_ws/install/dynamixel_sdk_custom_interfaces:/home/gideon/turtlebot3_ws/install/dynamixel_sdk:/opt/ros/jazzy/opt/gz_sim_vendor:/opt/ros/jazzy/opt/gz_sensors_vendor:/opt/ros/jazzy/opt/gz_physics_vendor:/opt/ros/jazzy/opt/sdformat_vendor:/opt/ros/jazzy/opt/gz_gui_vendor:/opt/ros/jazzy/opt/gz_transport_vendor:/opt/ros/jazzy/opt/gz_rendering_vendor:/opt/ros/jazzy/opt/gz_plugin_vendor:/opt/ros/jazzy/opt/gz_fuel_tools_vendor:/opt/ros/jazzy/opt/gz_msgs_vendor:/opt/ros/jazzy/opt/gz_common_vendor:/opt/ros/jazzy/opt/gz_math_vendor:/opt/ros/jazzy/opt/gz_utils_vendor:/opt/ros/jazzy/opt/gz_tools_vendor:/opt/ros/jazzy/opt/gz_ogre_next_vendor:/opt/ros/jazzy/opt/gz_dartsim_vendor:/opt/ros/jazzy/opt/gz_cmake_vendor:/home/gideon/turtlebot3_ws/install/turtlebot3_teleop:/home/gideon/turtlebot3_ws/install/turtlebot3_example:/opt/ros/jazzy DEBUGINFOD_URLS=https://debuginfod.ubuntu.com PYTHONPATH=/home/gideon/turtlebot3_ws/install/turtlebot3_msgs/lib/python3.12/site-packages:/home/gideon/turtlebot3_ws/build/turtlebot3_teleop:/home/gideon/turtlebot3_ws/install/turtlebot3_teleop/lib/python3.12/site-packages:/home/gideon/turtlebot3_ws/build/turtlebot3_example:/home/gideon/turtlebot3_ws/install/turtlebot3_example/lib/python3.12/site-packages:/home/gideon/turtlebot3_ws/install/dynamixel_sdk_custom_interfaces/lib/python3.12/site-packages:/home/gideon/turtlebot3_ws/install/dynamixel_sdk/lib/python3.12/site-packages:/opt/ros/jazzy/lib/python3.12/site-packages /usr/bin/cmake /home/gideon/turtlebot3_ws/src/turtlebot3_simulations/turtlebot3_fake_node -DAMENT_CMAKE_SYMLINK_INSTALL=1 -DCMAKE_INSTALL_PREFIX=/home/gideon/turtlebot3_ws/install/turtlebot3_fake_node
[3.486s] Invoking command in '/home/gideon/turtlebot3_ws/build/turtlebot3_fake_node': CMAKE_PREFIX_PATH=/home/gideon/turtlebot3_ws/install/turtlebot3_msgs:/home/gideon/turtlebot3_ws/install/turtlebot3:/home/gideon/turtlebot3_ws/install/turtlebot3_simulations:/home/gideon/turtlebot3_ws/install/turtlebot3_bringup:/home/gideon/turtlebot3_ws/install/turtlebot3_node:/home/gideon/turtlebot3_ws/install/turtlebot3_navigation2:/home/gideon/turtlebot3_ws/install/turtlebot3_fake_node:/home/gideon/turtlebot3_ws/install/turtlebot3_gazebo:/home/gideon/turtlebot3_ws/install/turtlebot3_drive:/home/gideon/turtlebot3_ws/install/turtlebot3_description:/home/gideon/turtlebot3_ws/install/turtlebot3_cartographer:/home/gideon/turtlebot3_ws/install/dynamixel_sdk_examples:/home/gideon/turtlebot3_ws/install/dynamixel_sdk_custom_interfaces:/home/gideon/turtlebot3_ws/install/dynamixel_sdk:/opt/ros/jazzy/opt/gz_sim_vendor:/opt/ros/jazzy/opt/gz_sensors_vendor:/opt/ros/jazzy/opt/gz_physics_vendor:/opt/ros/jazzy/opt/sdformat_vendor:/opt/ros/jazzy/opt/gz_gui_vendor:/opt/ros/jazzy/opt/gz_transport_vendor:/opt/ros/jazzy/opt/gz_rendering_vendor:/opt/ros/jazzy/opt/gz_plugin_vendor:/opt/ros/jazzy/opt/gz_fuel_tools_vendor:/opt/ros/jazzy/opt/gz_msgs_vendor:/opt/ros/jazzy/opt/gz_common_vendor:/opt/ros/jazzy/opt/gz_math_vendor:/opt/ros/jazzy/opt/gz_utils_vendor:/opt/ros/jazzy/opt/gz_tools_vendor:/opt/ros/jazzy/opt/gz_ogre_next_vendor:/opt/ros/jazzy/opt/gz_dartsim_vendor:/opt/ros/jazzy/opt/gz_cmake_vendor:/home/gideon/turtlebot3_ws/install/turtlebot3_teleop:/home/gideon/turtlebot3_ws/install/turtlebot3_example:/opt/ros/jazzy DEBUGINFOD_URLS=https://debuginfod.ubuntu.com PYTHONPATH=/home/gideon/turtlebot3_ws/install/turtlebot3_msgs/lib/python3.12/site-packages:/home/gideon/turtlebot3_ws/build/turtlebot3_teleop:/home/gideon/turtlebot3_ws/install/turtlebot3_teleop/lib/python3.12/site-packages:/home/gideon/turtlebot3_ws/build/turtlebot3_example:/home/gideon/turtlebot3_ws/install/turtlebot3_example/lib/python3.12/site-packages:/home/gideon/turtlebot3_ws/install/dynamixel_sdk_custom_interfaces/lib/python3.12/site-packages:/home/gideon/turtlebot3_ws/install/dynamixel_sdk/lib/python3.12/site-packages:/opt/ros/jazzy/lib/python3.12/site-packages /usr/bin/cmake --build /home/gideon/turtlebot3_ws/build/turtlebot3_fake_node -- -j8 -l8
[3.569s] [ 50%] [32mBuilding CXX object CMakeFiles/turtlebot3_fake_node.dir/src/turtlebot3_fake_node.cpp.o[0m
[25.689s] [100%] [32m[1mLinking CXX executable turtlebot3_fake_node[0m
[26.283s] [100%] Built target turtlebot3_fake_node
[26.301s] Invoked command in '/home/gideon/turtlebot3_ws/build/turtlebot3_fake_node' returned '0': CMAKE_PREFIX_PATH=/home/gideon/turtlebot3_ws/install/turtlebot3_msgs:/home/gideon/turtlebot3_ws/install/turtlebot3:/home/gideon/turtlebot3_ws/install/turtlebot3_simulations:/home/gideon/turtlebot3_ws/install/turtlebot3_bringup:/home/gideon/turtlebot3_ws/install/turtlebot3_node:/home/gideon/turtlebot3_ws/install/turtlebot3_navigation2:/home/gideon/turtlebot3_ws/install/turtlebot3_fake_node:/home/gideon/turtlebot3_ws/install/turtlebot3_gazebo:/home/gideon/turtlebot3_ws/install/turtlebot3_drive:/home/gideon/turtlebot3_ws/install/turtlebot3_description:/home/gideon/turtlebot3_ws/install/turtlebot3_cartographer:/home/gideon/turtlebot3_ws/install/dynamixel_sdk_examples:/home/gideon/turtlebot3_ws/install/dynamixel_sdk_custom_interfaces:/home/gideon/turtlebot3_ws/install/dynamixel_sdk:/opt/ros/jazzy/opt/gz_sim_vendor:/opt/ros/jazzy/opt/gz_sensors_vendor:/opt/ros/jazzy/opt/gz_physics_vendor:/opt/ros/jazzy/opt/sdformat_vendor:/opt/ros/jazzy/opt/gz_gui_vendor:/opt/ros/jazzy/opt/gz_transport_vendor:/opt/ros/jazzy/opt/gz_rendering_vendor:/opt/ros/jazzy/opt/gz_plugin_vendor:/opt/ros/jazzy/opt/gz_fuel_tools_vendor:/opt/ros/jazzy/opt/gz_msgs_vendor:/opt/ros/jazzy/opt/gz_common_vendor:/opt/ros/jazzy/opt/gz_math_vendor:/opt/ros/jazzy/opt/gz_utils_vendor:/opt/ros/jazzy/opt/gz_tools_vendor:/opt/ros/jazzy/opt/gz_ogre_next_vendor:/opt/ros/jazzy/opt/gz_dartsim_vendor:/opt/ros/jazzy/opt/gz_cmake_vendor:/home/gideon/turtlebot3_ws/install/turtlebot3_teleop:/home/gideon/turtlebot3_ws/install/turtlebot3_example:/opt/ros/jazzy DEBUGINFOD_URLS=https://debuginfod.ubuntu.com PYTHONPATH=/home/gideon/turtlebot3_ws/install/turtlebot3_msgs/lib/python3.12/site-packages:/home/gideon/turtlebot3_ws/build/turtlebot3_teleop:/home/gideon/turtlebot3_ws/install/turtlebot3_teleop/lib/python3.12/site-packages:/home/gideon/turtlebot3_ws/build/turtlebot3_example:/home/gideon/turtlebot3_ws/install/turtlebot3_example/lib/python3.12/site-packages:/home/gideon/turtlebot3_ws/install/dynamixel_sdk_custom_interfaces/lib/python3.12/site-packages:/home/gideon/turtlebot3_ws/install/dynamixel_sdk/lib/python3.12/site-packages:/opt/ros/jazzy/lib/python3.12/site-packages /usr/bin/cmake --build /home/gideon/turtlebot3_ws/build/turtlebot3_fake_node -- -j8 -l8
[26.303s] Invoking command in '/home/gideon/turtlebot3_ws/build/turtlebot3_fake_node': CMAKE_PREFIX_PATH=/home/gideon/turtlebot3_ws/install/turtlebot3_msgs:/home/gideon/turtlebot3_ws/install/turtlebot3:/home/gideon/turtlebot3_ws/install/turtlebot3_simulations:/home/gideon/turtlebot3_ws/install/turtlebot3_bringup:/home/gideon/turtlebot3_ws/install/turtlebot3_node:/home/gideon/turtlebot3_ws/install/turtlebot3_navigation2:/home/gideon/turtlebot3_ws/install/turtlebot3_fake_node:/home/gideon/turtlebot3_ws/install/turtlebot3_gazebo:/home/gideon/turtlebot3_ws/install/turtlebot3_drive:/home/gideon/turtlebot3_ws/install/turtlebot3_description:/home/gideon/turtlebot3_ws/install/turtlebot3_cartographer:/home/gideon/turtlebot3_ws/install/dynamixel_sdk_examples:/home/gideon/turtlebot3_ws/install/dynamixel_sdk_custom_interfaces:/home/gideon/turtlebot3_ws/install/dynamixel_sdk:/opt/ros/jazzy/opt/gz_sim_vendor:/opt/ros/jazzy/opt/gz_sensors_vendor:/opt/ros/jazzy/opt/gz_physics_vendor:/opt/ros/jazzy/opt/sdformat_vendor:/opt/ros/jazzy/opt/gz_gui_vendor:/opt/ros/jazzy/opt/gz_transport_vendor:/opt/ros/jazzy/opt/gz_rendering_vendor:/opt/ros/jazzy/opt/gz_plugin_vendor:/opt/ros/jazzy/opt/gz_fuel_tools_vendor:/opt/ros/jazzy/opt/gz_msgs_vendor:/opt/ros/jazzy/opt/gz_common_vendor:/opt/ros/jazzy/opt/gz_math_vendor:/opt/ros/jazzy/opt/gz_utils_vendor:/opt/ros/jazzy/opt/gz_tools_vendor:/opt/ros/jazzy/opt/gz_ogre_next_vendor:/opt/ros/jazzy/opt/gz_dartsim_vendor:/opt/ros/jazzy/opt/gz_cmake_vendor:/home/gideon/turtlebot3_ws/install/turtlebot3_teleop:/home/gideon/turtlebot3_ws/install/turtlebot3_example:/opt/ros/jazzy DEBUGINFOD_URLS=https://debuginfod.ubuntu.com PYTHONPATH=/home/gideon/turtlebot3_ws/install/turtlebot3_msgs/lib/python3.12/site-packages:/home/gideon/turtlebot3_ws/build/turtlebot3_teleop:/home/gideon/turtlebot3_ws/install/turtlebot3_teleop/lib/python3.12/site-packages:/home/gideon/turtlebot3_ws/build/turtlebot3_example:/home/gideon/turtlebot3_ws/install/turtlebot3_example/lib/python3.12/site-packages:/home/gideon/turtlebot3_ws/install/dynamixel_sdk_custom_interfaces/lib/python3.12/site-packages:/home/gideon/turtlebot3_ws/install/dynamixel_sdk/lib/python3.12/site-packages:/opt/ros/jazzy/lib/python3.12/site-packages /usr/bin/cmake --install /home/gideon/turtlebot3_ws/build/turtlebot3_fake_node
[26.316s] -- Install configuration: ""
[26.317s] -- Execute custom install script
[26.317s] -- Symlinking: /home/gideon/turtlebot3_ws/install/turtlebot3_fake_node/lib/turtlebot3_fake_node/turtlebot3_fake_node
[26.332s] -- Symlinking: /home/gideon/turtlebot3_ws/install/turtlebot3_fake_node/share/turtlebot3_fake_node/launch/rviz2.launch.py
[26.347s] -- Symlinking: /home/gideon/turtlebot3_ws/install/turtlebot3_fake_node/share/turtlebot3_fake_node/launch/turtlebot3_fake_node.launch.py
[26.363s] -- Symlinking: /home/gideon/turtlebot3_ws/install/turtlebot3_fake_node/share/turtlebot3_fake_node/param/burger.yaml
[26.378s] -- Symlinking: /home/gideon/turtlebot3_ws/install/turtlebot3_fake_node/share/turtlebot3_fake_node/param/waffle.yaml
[26.392s] -- Symlinking: /home/gideon/turtlebot3_ws/install/turtlebot3_fake_node/share/turtlebot3_fake_node/param/waffle_pi.yaml
[26.408s] -- Symlinking: /home/gideon/turtlebot3_ws/install/turtlebot3_fake_node/include//turtlebot3_fake_node/turtlebot3_fake_node.hpp
[26.424s] -- Symlinking: /home/gideon/turtlebot3_ws/install/turtlebot3_fake_node/share/ament_index/resource_index/package_run_dependencies/turtlebot3_fake_node
[26.440s] -- Symlinking: /home/gideon/turtlebot3_ws/install/turtlebot3_fake_node/share/ament_index/resource_index/parent_prefix_path/turtlebot3_fake_node
[26.456s] -- Symlinking: /home/gideon/turtlebot3_ws/install/turtlebot3_fake_node/share/turtlebot3_fake_node/environment/ament_prefix_path.sh
[26.471s] -- Symlinking: /home/gideon/turtlebot3_ws/install/turtlebot3_fake_node/share/turtlebot3_fake_node/environment/ament_prefix_path.dsv
[26.487s] -- Symlinking: /home/gideon/turtlebot3_ws/install/turtlebot3_fake_node/share/turtlebot3_fake_node/environment/path.sh
[26.502s] -- Symlinking: /home/gideon/turtlebot3_ws/install/turtlebot3_fake_node/share/turtlebot3_fake_node/environment/path.dsv
[26.518s] -- Symlinking: /home/gideon/turtlebot3_ws/install/turtlebot3_fake_node/share/turtlebot3_fake_node/local_setup.bash
[26.534s] -- Symlinking: /home/gideon/turtlebot3_ws/install/turtlebot3_fake_node/share/turtlebot3_fake_node/local_setup.sh
[26.550s] -- Symlinking: /home/gideon/turtlebot3_ws/install/turtlebot3_fake_node/share/turtlebot3_fake_node/local_setup.zsh
[26.566s] -- Symlinking: /home/gideon/turtlebot3_ws/install/turtlebot3_fake_node/share/turtlebot3_fake_node/local_setup.dsv
[26.582s] -- Symlinking: /home/gideon/turtlebot3_ws/install/turtlebot3_fake_node/share/turtlebot3_fake_node/package.dsv
[26.597s] -- Symlinking: /home/gideon/turtlebot3_ws/install/turtlebot3_fake_node/share/ament_index/resource_index/packages/turtlebot3_fake_node
[26.613s] -- Symlinking: /home/gideon/turtlebot3_ws/install/turtlebot3_fake_node/share/turtlebot3_fake_node/cmake/ament_cmake_export_include_directories-extras.cmake
[26.629s] -- Symlinking: /home/gideon/turtlebot3_ws/install/turtlebot3_fake_node/share/turtlebot3_fake_node/cmake/ament_cmake_export_dependencies-extras.cmake
[26.644s] -- Symlinking: /home/gideon/turtlebot3_ws/install/turtlebot3_fake_node/share/turtlebot3_fake_node/cmake/turtlebot3_fake_nodeConfig.cmake
[26.659s] -- Symlinking: /home/gideon/turtlebot3_ws/install/turtlebot3_fake_node/share/turtlebot3_fake_node/cmake/turtlebot3_fake_nodeConfig-version.cmake
[26.674s] -- Symlinking: /home/gideon/turtlebot3_ws/install/turtlebot3_fake_node/share/turtlebot3_fake_node/package.xml
[26.693s] Invoked command in '/home/gideon/turtlebot3_ws/build/turtlebot3_fake_node' returned '0': CMAKE_PREFIX_PATH=/home/gideon/turtlebot3_ws/install/turtlebot3_msgs:/home/gideon/turtlebot3_ws/install/turtlebot3:/home/gideon/turtlebot3_ws/install/turtlebot3_simulations:/home/gideon/turtlebot3_ws/install/turtlebot3_bringup:/home/gideon/turtlebot3_ws/install/turtlebot3_node:/home/gideon/turtlebot3_ws/install/turtlebot3_navigation2:/home/gideon/turtlebot3_ws/install/turtlebot3_fake_node:/home/gideon/turtlebot3_ws/install/turtlebot3_gazebo:/home/gideon/turtlebot3_ws/install/turtlebot3_drive:/home/gideon/turtlebot3_ws/install/turtlebot3_description:/home/gideon/turtlebot3_ws/install/turtlebot3_cartographer:/home/gideon/turtlebot3_ws/install/dynamixel_sdk_examples:/home/gideon/turtlebot3_ws/install/dynamixel_sdk_custom_interfaces:/home/gideon/turtlebot3_ws/install/dynamixel_sdk:/opt/ros/jazzy/opt/gz_sim_vendor:/opt/ros/jazzy/opt/gz_sensors_vendor:/opt/ros/jazzy/opt/gz_physics_vendor:/opt/ros/jazzy/opt/sdformat_vendor:/opt/ros/jazzy/opt/gz_gui_vendor:/opt/ros/jazzy/opt/gz_transport_vendor:/opt/ros/jazzy/opt/gz_rendering_vendor:/opt/ros/jazzy/opt/gz_plugin_vendor:/opt/ros/jazzy/opt/gz_fuel_tools_vendor:/opt/ros/jazzy/opt/gz_msgs_vendor:/opt/ros/jazzy/opt/gz_common_vendor:/opt/ros/jazzy/opt/gz_math_vendor:/opt/ros/jazzy/opt/gz_utils_vendor:/opt/ros/jazzy/opt/gz_tools_vendor:/opt/ros/jazzy/opt/gz_ogre_next_vendor:/opt/ros/jazzy/opt/gz_dartsim_vendor:/opt/ros/jazzy/opt/gz_cmake_vendor:/home/gideon/turtlebot3_ws/install/turtlebot3_teleop:/home/gideon/turtlebot3_ws/install/turtlebot3_example:/opt/ros/jazzy DEBUGINFOD_URLS=https://debuginfod.ubuntu.com PYTHONPATH=/home/gideon/turtlebot3_ws/install/turtlebot3_msgs/lib/python3.12/site-packages:/home/gideon/turtlebot3_ws/build/turtlebot3_teleop:/home/gideon/turtlebot3_ws/install/turtlebot3_teleop/lib/python3.12/site-packages:/home/gideon/turtlebot3_ws/build/turtlebot3_example:/home/gideon/turtlebot3_ws/install/turtlebot3_example/lib/python3.12/site-packages:/home/gideon/turtlebot3_ws/install/dynamixel_sdk_custom_interfaces/lib/python3.12/site-packages:/home/gideon/turtlebot3_ws/install/dynamixel_sdk/lib/python3.12/site-packages:/opt/ros/jazzy/lib/python3.12/site-packages /usr/bin/cmake --install /home/gideon/turtlebot3_ws/build/turtlebot3_fake_node
