-- The C compiler identification is GNU 13.3.0
-- The CXX compiler identification is GNU 13.3.0
-- Detecting C compiler ABI info
-- Detecting C compiler ABI info - done
-- Check for working C compiler: /usr/bin/cc - skipped
-- Detecting C compile features
-- Detecting C compile features - done
-- Detecting CXX compiler ABI info
-- Detecting CXX compiler ABI info - done
-- Check for working CXX compiler: /usr/bin/c++ - skipped
-- Detecting CXX compile features
-- Detecting CXX compile features - done
-- Found ament_cmake: 2.5.4 (/opt/ros/jazzy/share/ament_cmake/cmake)
-- Found Python3: /usr/bin/python3 (found version "3.12.3") found components: Interpreter 
-- Override CMake install command with custom implementation using symlinks instead of copying resources
-- Found geometry_msgs: 5.3.6 (/opt/ros/jazzy/share/geometry_msgs/cmake)
-- Found rosidl_generator_c: 4.6.6 (/opt/ros/jazzy/share/rosidl_generator_c/cmake)
-- Found rosidl_generator_cpp: 4.6.6 (/opt/ros/jazzy/share/rosidl_generator_cpp/cmake)
-- Using all available rosidl_typesupport_c: rosidl_typesupport_fastrtps_c;rosidl_typesupport_introspection_c
-- Using all available rosidl_typesupport_cpp: rosidl_typesupport_fastrtps_cpp;rosidl_typesupport_introspection_cpp
-- Found nav_msgs: 5.3.6 (/opt/ros/jazzy/share/nav_msgs/cmake)
-- Found rclcpp: 28.1.12 (/opt/ros/jazzy/share/rclcpp/cmake)
-- Found rmw_implementation_cmake: 7.3.2 (/opt/ros/jazzy/share/rmw_implementation_cmake/cmake)
-- Found rmw_fastrtps_cpp: 8.4.3 (/opt/ros/jazzy/share/rmw_fastrtps_cpp/cmake)
-- Found OpenSSL: /usr/lib/x86_64-linux-gnu/libcrypto.so (found version "3.0.13")  
-- Found FastRTPS: /opt/ros/jazzy/include (Required is at least version "2.13") 
-- Using RMW implementation 'rmw_fastrtps_cpp' as default
-- Found sensor_msgs: 5.3.6 (/opt/ros/jazzy/share/sensor_msgs/cmake)
-- Found tf2: 0.36.14 (/opt/ros/jazzy/share/tf2/cmake)
-- Configuring done (2.7s)
-- Generating done (0.0s)
-- Build files have been written to: /home/gideon/turtlebot3_ws/build/turtlebot3_drive
[ 50%] [32mBuilding CXX object CMakeFiles/turtlebot3_drive.dir/src/turtlebot3_drive.cpp.o[0m
[100%] [32m[1mLinking CXX executable turtlebot3_drive[0m
[100%] Built target turtlebot3_drive
-- Install configuration: ""
-- Execute custom install script
-- Symlinking: /home/gideon/turtlebot3_ws/install/turtlebot3_drive/lib/turtlebot3_drive/turtlebot3_drive
-- Symlinking: /home/gideon/turtlebot3_ws/install/turtlebot3_drive/share/turtlebot3_drive//launch/empty_world.launch.py
-- Symlinking: /home/gideon/turtlebot3_ws/install/turtlebot3_drive/share/turtlebot3_drive//launch/maze3x3.launch.py
-- Symlinking: /home/gideon/turtlebot3_ws/install/turtlebot3_drive/share/turtlebot3_drive//launch/maze4x4.launch.py
-- Symlinking: /home/gideon/turtlebot3_ws/install/turtlebot3_drive/share/turtlebot3_drive//launch/multi_robot.launch.py
-- Symlinking: /home/gideon/turtlebot3_ws/install/turtlebot3_drive/share/turtlebot3_drive//launch/multi_spawn_turtlebot3.launch.py
-- Symlinking: /home/gideon/turtlebot3_ws/install/turtlebot3_drive/share/turtlebot3_drive//launch/robot_state_publisher.launch.py
-- Symlinking: /home/gideon/turtlebot3_ws/install/turtlebot3_drive/share/turtlebot3_drive//launch/spawn_turtlebot3.launch.py
-- Symlinking: /home/gideon/turtlebot3_ws/install/turtlebot3_drive/share/turtlebot3_drive//launch/turtlebot3_autorace_2020.launch.py
-- Symlinking: /home/gideon/turtlebot3_ws/install/turtlebot3_drive/share/turtlebot3_drive//launch/turtlebot3_dqn_stage1.launch.py
-- Symlinking: /home/gideon/turtlebot3_ws/install/turtlebot3_drive/share/turtlebot3_drive//launch/turtlebot3_dqn_stage2.launch.py
-- Symlinking: /home/gideon/turtlebot3_ws/install/turtlebot3_drive/share/turtlebot3_drive//launch/turtlebot3_dqn_stage3.launch.py
-- Symlinking: /home/gideon/turtlebot3_ws/install/turtlebot3_drive/share/turtlebot3_drive//launch/turtlebot3_dqn_stage4.launch.py
-- Symlinking: /home/gideon/turtlebot3_ws/install/turtlebot3_drive/share/turtlebot3_drive//launch/turtlebot3_house.launch.py
-- Symlinking: /home/gideon/turtlebot3_ws/install/turtlebot3_drive/share/turtlebot3_drive//launch/turtlebot3_world.launch.py
-- Symlinking: /home/gideon/turtlebot3_ws/install/turtlebot3_drive/share/turtlebot3_drive//rviz/tb3_drive.rviz
-- Symlinking: /home/gideon/turtlebot3_ws/install/turtlebot3_drive/include//turtlebot3_drive/turtlebot3_drive.hpp
-- Symlinking: /home/gideon/turtlebot3_ws/install/turtlebot3_drive/share/ament_index/resource_index/package_run_dependencies/turtlebot3_drive
-- Symlinking: /home/gideon/turtlebot3_ws/install/turtlebot3_drive/share/ament_index/resource_index/parent_prefix_path/turtlebot3_drive
-- Symlinking: /home/gideon/turtlebot3_ws/install/turtlebot3_drive/share/turtlebot3_drive/environment/ament_prefix_path.sh
-- Symlinking: /home/gideon/turtlebot3_ws/install/turtlebot3_drive/share/turtlebot3_drive/environment/ament_prefix_path.dsv
-- Symlinking: /home/gideon/turtlebot3_ws/install/turtlebot3_drive/share/turtlebot3_drive/environment/path.sh
-- Symlinking: /home/gideon/turtlebot3_ws/install/turtlebot3_drive/share/turtlebot3_drive/environment/path.dsv
-- Symlinking: /home/gideon/turtlebot3_ws/install/turtlebot3_drive/share/turtlebot3_drive/local_setup.bash
-- Symlinking: /home/gideon/turtlebot3_ws/install/turtlebot3_drive/share/turtlebot3_drive/local_setup.sh
-- Symlinking: /home/gideon/turtlebot3_ws/install/turtlebot3_drive/share/turtlebot3_drive/local_setup.zsh
-- Symlinking: /home/gideon/turtlebot3_ws/install/turtlebot3_drive/share/turtlebot3_drive/local_setup.dsv
-- Symlinking: /home/gideon/turtlebot3_ws/install/turtlebot3_drive/share/turtlebot3_drive/package.dsv
-- Symlinking: /home/gideon/turtlebot3_ws/install/turtlebot3_drive/share/ament_index/resource_index/packages/turtlebot3_drive
-- Symlinking: /home/gideon/turtlebot3_ws/install/turtlebot3_drive/share/turtlebot3_drive/cmake/ament_cmake_export_include_directories-extras.cmake
-- Symlinking: /home/gideon/turtlebot3_ws/install/turtlebot3_drive/share/turtlebot3_drive/cmake/ament_cmake_export_dependencies-extras.cmake
-- Symlinking: /home/gideon/turtlebot3_ws/install/turtlebot3_drive/share/turtlebot3_drive/cmake/turtlebot3_driveConfig.cmake
-- Symlinking: /home/gideon/turtlebot3_ws/install/turtlebot3_drive/share/turtlebot3_drive/cmake/turtlebot3_driveConfig-version.cmake
-- Symlinking: /home/gideon/turtlebot3_ws/install/turtlebot3_drive/share/turtlebot3_drive/package.xml
