[0.687s] Invoking command in '/home/gideon/turtlebot3_ws/build/turtlebot3_fake_node': CMAKE_PREFIX_PATH=/home/gideon/turtlebot3_ws/install/turtlebot3_msgs:/home/gideon/turtlebot3_ws/install/turtlebot3:/home/gideon/turtlebot3_ws/install/turtlebot3_simulations:/home/gideon/turtlebot3_ws/install/turtlebot3_bringup:/home/gideon/turtlebot3_ws/install/turtlebot3_node:/home/gideon/turtlebot3_ws/install/turtlebot3_navigation2:/home/gideon/turtlebot3_ws/install/turtlebot3_fake_node:/home/gideon/turtlebot3_ws/install/turtlebot3_gazebo:/home/gideon/turtlebot3_ws/install/turtlebot3_drive:/home/gideon/turtlebot3_ws/install/turtlebot3_description:/home/gideon/turtlebot3_ws/install/turtlebot3_cartographer:/home/gideon/turtlebot3_ws/install/dynamixel_sdk_examples:/home/gideon/turtlebot3_ws/install/dynamixel_sdk_custom_interfaces:/home/gideon/turtlebot3_ws/install/dynamixel_sdk:/opt/ros/jazzy/opt/gz_sim_vendor:/opt/ros/jazzy/opt/gz_sensors_vendor:/opt/ros/jazzy/opt/gz_physics_vendor:/opt/ros/jazzy/opt/sdformat_vendor:/opt/ros/jazzy/opt/gz_gui_vendor:/opt/ros/jazzy/opt/gz_transport_vendor:/opt/ros/jazzy/opt/gz_rendering_vendor:/opt/ros/jazzy/opt/gz_plugin_vendor:/opt/ros/jazzy/opt/gz_fuel_tools_vendor:/opt/ros/jazzy/opt/gz_msgs_vendor:/opt/ros/jazzy/opt/gz_common_vendor:/opt/ros/jazzy/opt/gz_math_vendor:/opt/ros/jazzy/opt/gz_utils_vendor:/opt/ros/jazzy/opt/gz_tools_vendor:/opt/ros/jazzy/opt/gz_ogre_next_vendor:/opt/ros/jazzy/opt/gz_dartsim_vendor:/opt/ros/jazzy/opt/gz_cmake_vendor:/home/gideon/turtlebot3_ws/install/turtlebot3_teleop:/home/gideon/turtlebot3_ws/install/turtlebot3_example:/opt/ros/jazzy DEBUGINFOD_URLS=https://debuginfod.ubuntu.com PYTHONPATH=/home/gideon/turtlebot3_ws/install/turtlebot3_msgs/lib/python3.12/site-packages:/home/gideon/turtlebot3_ws/build/turtlebot3_teleop:/home/gideon/turtlebot3_ws/install/turtlebot3_teleop/lib/python3.12/site-packages:/home/gideon/turtlebot3_ws/build/turtlebot3_example:/home/gideon/turtlebot3_ws/install/turtlebot3_example/lib/python3.12/site-packages:/home/gideon/turtlebot3_ws/install/dynamixel_sdk_custom_interfaces/lib/python3.12/site-packages:/home/gideon/turtlebot3_ws/install/dynamixel_sdk/lib/python3.12/site-packages:/opt/ros/jazzy/lib/python3.12/site-packages /usr/bin/cmake --build /home/gideon/turtlebot3_ws/build/turtlebot3_fake_node -- -j8 -l8
[0.762s] -- Found ament_cmake: 2.5.5 (/opt/ros/jazzy/share/ament_cmake/cmake)
[1.330s] -- Override CMake install command with custom implementation using symlinks instead of copying resources
[1.353s] -- Found geometry_msgs: 5.3.6 (/opt/ros/jazzy/share/geometry_msgs/cmake)
[1.446s] -- Found rosidl_generator_c: 4.6.7 (/opt/ros/jazzy/share/rosidl_generator_c/cmake)
[1.475s] -- Found rosidl_generator_cpp: 4.6.7 (/opt/ros/jazzy/share/rosidl_generator_cpp/cmake)
[1.512s] -- Using all available rosidl_typesupport_c: rosidl_typesupport_fastrtps_c;rosidl_typesupport_introspection_c
[1.558s] -- Using all available rosidl_typesupport_cpp: rosidl_typesupport_fastrtps_cpp;rosidl_typesupport_introspection_cpp
[1.688s] -- Found nav_msgs: 5.3.6 (/opt/ros/jazzy/share/nav_msgs/cmake)
[1.806s] -- Found rclcpp: 28.1.16 (/opt/ros/jazzy/share/rclcpp/cmake)
[1.926s] -- Found rmw_implementation_cmake: 7.3.3 (/opt/ros/jazzy/share/rmw_implementation_cmake/cmake)
[1.933s] -- Found rmw_fastrtps_cpp: 8.4.3 (/opt/ros/jazzy/share/rmw_fastrtps_cpp/cmake)
[2.119s] -- Using RMW implementation 'rmw_fastrtps_cpp' as default
[2.321s] -- Found sensor_msgs: 5.3.6 (/opt/ros/jazzy/share/sensor_msgs/cmake)
[2.398s] -- Found tf2: 0.36.19 (/opt/ros/jazzy/share/tf2/cmake)
[2.409s] -- Found tf2_msgs: 0.36.19 (/opt/ros/jazzy/share/tf2_msgs/cmake)
[2.582s] -- Found turtlebot3_msgs: 2.4.0 (/home/gideon/turtlebot3_ws/install/turtlebot3_msgs/share/turtlebot3_msgs/cmake)
[3.169s] -- Configuring done (2.4s)
[3.298s] -- Generating done (0.1s)
[3.328s] -- Build files have been written to: /home/gideon/turtlebot3_ws/build/turtlebot3_fake_node
[3.599s] [ 50%] [32mBuilding CXX object CMakeFiles/turtlebot3_fake_node.dir/src/turtlebot3_fake_node.cpp.o[0m
[28.388s] [100%] [32m[1mLinking CXX executable turtlebot3_fake_node[0m
[29.035s] [100%] Built target turtlebot3_fake_node
[29.053s] Invoked command in '/home/gideon/turtlebot3_ws/build/turtlebot3_fake_node' returned '0': CMAKE_PREFIX_PATH=/home/gideon/turtlebot3_ws/install/turtlebot3_msgs:/home/gideon/turtlebot3_ws/install/turtlebot3:/home/gideon/turtlebot3_ws/install/turtlebot3_simulations:/home/gideon/turtlebot3_ws/install/turtlebot3_bringup:/home/gideon/turtlebot3_ws/install/turtlebot3_node:/home/gideon/turtlebot3_ws/install/turtlebot3_navigation2:/home/gideon/turtlebot3_ws/install/turtlebot3_fake_node:/home/gideon/turtlebot3_ws/install/turtlebot3_gazebo:/home/gideon/turtlebot3_ws/install/turtlebot3_drive:/home/gideon/turtlebot3_ws/install/turtlebot3_description:/home/gideon/turtlebot3_ws/install/turtlebot3_cartographer:/home/gideon/turtlebot3_ws/install/dynamixel_sdk_examples:/home/gideon/turtlebot3_ws/install/dynamixel_sdk_custom_interfaces:/home/gideon/turtlebot3_ws/install/dynamixel_sdk:/opt/ros/jazzy/opt/gz_sim_vendor:/opt/ros/jazzy/opt/gz_sensors_vendor:/opt/ros/jazzy/opt/gz_physics_vendor:/opt/ros/jazzy/opt/sdformat_vendor:/opt/ros/jazzy/opt/gz_gui_vendor:/opt/ros/jazzy/opt/gz_transport_vendor:/opt/ros/jazzy/opt/gz_rendering_vendor:/opt/ros/jazzy/opt/gz_plugin_vendor:/opt/ros/jazzy/opt/gz_fuel_tools_vendor:/opt/ros/jazzy/opt/gz_msgs_vendor:/opt/ros/jazzy/opt/gz_common_vendor:/opt/ros/jazzy/opt/gz_math_vendor:/opt/ros/jazzy/opt/gz_utils_vendor:/opt/ros/jazzy/opt/gz_tools_vendor:/opt/ros/jazzy/opt/gz_ogre_next_vendor:/opt/ros/jazzy/opt/gz_dartsim_vendor:/opt/ros/jazzy/opt/gz_cmake_vendor:/home/gideon/turtlebot3_ws/install/turtlebot3_teleop:/home/gideon/turtlebot3_ws/install/turtlebot3_example:/opt/ros/jazzy DEBUGINFOD_URLS=https://debuginfod.ubuntu.com PYTHONPATH=/home/gideon/turtlebot3_ws/install/turtlebot3_msgs/lib/python3.12/site-packages:/home/gideon/turtlebot3_ws/build/turtlebot3_teleop:/home/gideon/turtlebot3_ws/install/turtlebot3_teleop/lib/python3.12/site-packages:/home/gideon/turtlebot3_ws/build/turtlebot3_example:/home/gideon/turtlebot3_ws/install/turtlebot3_example/lib/python3.12/site-packages:/home/gideon/turtlebot3_ws/install/dynamixel_sdk_custom_interfaces/lib/python3.12/site-packages:/home/gideon/turtlebot3_ws/install/dynamixel_sdk/lib/python3.12/site-packages:/opt/ros/jazzy/lib/python3.12/site-packages /usr/bin/cmake --build /home/gideon/turtlebot3_ws/build/turtlebot3_fake_node -- -j8 -l8
[29.055s] Invoking command in '/home/gideon/turtlebot3_ws/build/turtlebot3_fake_node': CMAKE_PREFIX_PATH=/home/gideon/turtlebot3_ws/install/turtlebot3_msgs:/home/gideon/turtlebot3_ws/install/turtlebot3:/home/gideon/turtlebot3_ws/install/turtlebot3_simulations:/home/gideon/turtlebot3_ws/install/turtlebot3_bringup:/home/gideon/turtlebot3_ws/install/turtlebot3_node:/home/gideon/turtlebot3_ws/install/turtlebot3_navigation2:/home/gideon/turtlebot3_ws/install/turtlebot3_fake_node:/home/gideon/turtlebot3_ws/install/turtlebot3_gazebo:/home/gideon/turtlebot3_ws/install/turtlebot3_drive:/home/gideon/turtlebot3_ws/install/turtlebot3_description:/home/gideon/turtlebot3_ws/install/turtlebot3_cartographer:/home/gideon/turtlebot3_ws/install/dynamixel_sdk_examples:/home/gideon/turtlebot3_ws/install/dynamixel_sdk_custom_interfaces:/home/gideon/turtlebot3_ws/install/dynamixel_sdk:/opt/ros/jazzy/opt/gz_sim_vendor:/opt/ros/jazzy/opt/gz_sensors_vendor:/opt/ros/jazzy/opt/gz_physics_vendor:/opt/ros/jazzy/opt/sdformat_vendor:/opt/ros/jazzy/opt/gz_gui_vendor:/opt/ros/jazzy/opt/gz_transport_vendor:/opt/ros/jazzy/opt/gz_rendering_vendor:/opt/ros/jazzy/opt/gz_plugin_vendor:/opt/ros/jazzy/opt/gz_fuel_tools_vendor:/opt/ros/jazzy/opt/gz_msgs_vendor:/opt/ros/jazzy/opt/gz_common_vendor:/opt/ros/jazzy/opt/gz_math_vendor:/opt/ros/jazzy/opt/gz_utils_vendor:/opt/ros/jazzy/opt/gz_tools_vendor:/opt/ros/jazzy/opt/gz_ogre_next_vendor:/opt/ros/jazzy/opt/gz_dartsim_vendor:/opt/ros/jazzy/opt/gz_cmake_vendor:/home/gideon/turtlebot3_ws/install/turtlebot3_teleop:/home/gideon/turtlebot3_ws/install/turtlebot3_example:/opt/ros/jazzy DEBUGINFOD_URLS=https://debuginfod.ubuntu.com PYTHONPATH=/home/gideon/turtlebot3_ws/install/turtlebot3_msgs/lib/python3.12/site-packages:/home/gideon/turtlebot3_ws/build/turtlebot3_teleop:/home/gideon/turtlebot3_ws/install/turtlebot3_teleop/lib/python3.12/site-packages:/home/gideon/turtlebot3_ws/build/turtlebot3_example:/home/gideon/turtlebot3_ws/install/turtlebot3_example/lib/python3.12/site-packages:/home/gideon/turtlebot3_ws/install/dynamixel_sdk_custom_interfaces/lib/python3.12/site-packages:/home/gideon/turtlebot3_ws/install/dynamixel_sdk/lib/python3.12/site-packages:/opt/ros/jazzy/lib/python3.12/site-packages /usr/bin/cmake --install /home/gideon/turtlebot3_ws/build/turtlebot3_fake_node
[29.067s] -- Install configuration: ""
[29.069s] -- Execute custom install script
[29.070s] -- Up-to-date symlink: /home/gideon/turtlebot3_ws/install/turtlebot3_fake_node/lib/turtlebot3_fake_node/turtlebot3_fake_node
[29.071s] -- Up-to-date symlink: /home/gideon/turtlebot3_ws/install/turtlebot3_fake_node/share/turtlebot3_fake_node/launch/rviz2.launch.py
[29.072s] -- Up-to-date symlink: /home/gideon/turtlebot3_ws/install/turtlebot3_fake_node/share/turtlebot3_fake_node/launch/turtlebot3_fake_node.launch.py
[29.073s] -- Up-to-date symlink: /home/gideon/turtlebot3_ws/install/turtlebot3_fake_node/share/turtlebot3_fake_node/param/burger.yaml
[29.073s] -- Up-to-date symlink: /home/gideon/turtlebot3_ws/install/turtlebot3_fake_node/share/turtlebot3_fake_node/param/waffle.yaml
[29.073s] -- Up-to-date symlink: /home/gideon/turtlebot3_ws/install/turtlebot3_fake_node/share/turtlebot3_fake_node/param/waffle_pi.yaml
[29.075s] -- Up-to-date symlink: /home/gideon/turtlebot3_ws/install/turtlebot3_fake_node/include//turtlebot3_fake_node/turtlebot3_fake_node.hpp
[29.075s] -- Up-to-date symlink: /home/gideon/turtlebot3_ws/install/turtlebot3_fake_node/share/ament_index/resource_index/package_run_dependencies/turtlebot3_fake_node
[29.076s] -- Up-to-date symlink: /home/gideon/turtlebot3_ws/install/turtlebot3_fake_node/share/ament_index/resource_index/parent_prefix_path/turtlebot3_fake_node
[29.077s] -- Up-to-date symlink: /home/gideon/turtlebot3_ws/install/turtlebot3_fake_node/share/turtlebot3_fake_node/environment/ament_prefix_path.sh
[29.077s] -- Up-to-date symlink: /home/gideon/turtlebot3_ws/install/turtlebot3_fake_node/share/turtlebot3_fake_node/environment/ament_prefix_path.dsv
[29.078s] -- Up-to-date symlink: /home/gideon/turtlebot3_ws/install/turtlebot3_fake_node/share/turtlebot3_fake_node/environment/path.sh
[29.078s] -- Up-to-date symlink: /home/gideon/turtlebot3_ws/install/turtlebot3_fake_node/share/turtlebot3_fake_node/environment/path.dsv
[29.079s] -- Up-to-date symlink: /home/gideon/turtlebot3_ws/install/turtlebot3_fake_node/share/turtlebot3_fake_node/local_setup.bash
[29.079s] -- Up-to-date symlink: /home/gideon/turtlebot3_ws/install/turtlebot3_fake_node/share/turtlebot3_fake_node/local_setup.sh
[29.080s] -- Up-to-date symlink: /home/gideon/turtlebot3_ws/install/turtlebot3_fake_node/share/turtlebot3_fake_node/local_setup.zsh
[29.080s] -- Up-to-date symlink: /home/gideon/turtlebot3_ws/install/turtlebot3_fake_node/share/turtlebot3_fake_node/local_setup.dsv
[29.081s] -- Symlinking: /home/gideon/turtlebot3_ws/install/turtlebot3_fake_node/share/turtlebot3_fake_node/package.dsv
[29.097s] -- Up-to-date symlink: /home/gideon/turtlebot3_ws/install/turtlebot3_fake_node/share/ament_index/resource_index/packages/turtlebot3_fake_node
[29.098s] -- Up-to-date symlink: /home/gideon/turtlebot3_ws/install/turtlebot3_fake_node/share/turtlebot3_fake_node/cmake/ament_cmake_export_include_directories-extras.cmake
[29.098s] -- Up-to-date symlink: /home/gideon/turtlebot3_ws/install/turtlebot3_fake_node/share/turtlebot3_fake_node/cmake/ament_cmake_export_dependencies-extras.cmake
[29.099s] -- Up-to-date symlink: /home/gideon/turtlebot3_ws/install/turtlebot3_fake_node/share/turtlebot3_fake_node/cmake/turtlebot3_fake_nodeConfig.cmake
[29.099s] -- Up-to-date symlink: /home/gideon/turtlebot3_ws/install/turtlebot3_fake_node/share/turtlebot3_fake_node/cmake/turtlebot3_fake_nodeConfig-version.cmake
[29.100s] -- Up-to-date symlink: /home/gideon/turtlebot3_ws/install/turtlebot3_fake_node/share/turtlebot3_fake_node/package.xml
[29.104s] Invoked command in '/home/gideon/turtlebot3_ws/build/turtlebot3_fake_node' returned '0': CMAKE_PREFIX_PATH=/home/gideon/turtlebot3_ws/install/turtlebot3_msgs:/home/gideon/turtlebot3_ws/install/turtlebot3:/home/gideon/turtlebot3_ws/install/turtlebot3_simulations:/home/gideon/turtlebot3_ws/install/turtlebot3_bringup:/home/gideon/turtlebot3_ws/install/turtlebot3_node:/home/gideon/turtlebot3_ws/install/turtlebot3_navigation2:/home/gideon/turtlebot3_ws/install/turtlebot3_fake_node:/home/gideon/turtlebot3_ws/install/turtlebot3_gazebo:/home/gideon/turtlebot3_ws/install/turtlebot3_drive:/home/gideon/turtlebot3_ws/install/turtlebot3_description:/home/gideon/turtlebot3_ws/install/turtlebot3_cartographer:/home/gideon/turtlebot3_ws/install/dynamixel_sdk_examples:/home/gideon/turtlebot3_ws/install/dynamixel_sdk_custom_interfaces:/home/gideon/turtlebot3_ws/install/dynamixel_sdk:/opt/ros/jazzy/opt/gz_sim_vendor:/opt/ros/jazzy/opt/gz_sensors_vendor:/opt/ros/jazzy/opt/gz_physics_vendor:/opt/ros/jazzy/opt/sdformat_vendor:/opt/ros/jazzy/opt/gz_gui_vendor:/opt/ros/jazzy/opt/gz_transport_vendor:/opt/ros/jazzy/opt/gz_rendering_vendor:/opt/ros/jazzy/opt/gz_plugin_vendor:/opt/ros/jazzy/opt/gz_fuel_tools_vendor:/opt/ros/jazzy/opt/gz_msgs_vendor:/opt/ros/jazzy/opt/gz_common_vendor:/opt/ros/jazzy/opt/gz_math_vendor:/opt/ros/jazzy/opt/gz_utils_vendor:/opt/ros/jazzy/opt/gz_tools_vendor:/opt/ros/jazzy/opt/gz_ogre_next_vendor:/opt/ros/jazzy/opt/gz_dartsim_vendor:/opt/ros/jazzy/opt/gz_cmake_vendor:/home/gideon/turtlebot3_ws/install/turtlebot3_teleop:/home/gideon/turtlebot3_ws/install/turtlebot3_example:/opt/ros/jazzy DEBUGINFOD_URLS=https://debuginfod.ubuntu.com PYTHONPATH=/home/gideon/turtlebot3_ws/install/turtlebot3_msgs/lib/python3.12/site-packages:/home/gideon/turtlebot3_ws/build/turtlebot3_teleop:/home/gideon/turtlebot3_ws/install/turtlebot3_teleop/lib/python3.12/site-packages:/home/gideon/turtlebot3_ws/build/turtlebot3_example:/home/gideon/turtlebot3_ws/install/turtlebot3_example/lib/python3.12/site-packages:/home/gideon/turtlebot3_ws/install/dynamixel_sdk_custom_interfaces/lib/python3.12/site-packages:/home/gideon/turtlebot3_ws/install/dynamixel_sdk/lib/python3.12/site-packages:/opt/ros/jazzy/lib/python3.12/site-packages /usr/bin/cmake --install /home/gideon/turtlebot3_ws/build/turtlebot3_fake_node
