[0.079s] Invoking command in '/home/gideon/turtlebot3_ws/build/dynamixel_sdk': CMAKE_PREFIX_PATH=${CMAKE_PREFIX_PATH}:/home/gideon/turtlebot3_ws/install/turtlebot3_teleop:/home/gideon/turtlebot3_ws/install/turtlebot3_example:/opt/ros/jazzy DEBUGINFOD_URLS=https://debuginfod.ubuntu.com /usr/bin/cmake --build /home/gideon/turtlebot3_ws/build/dynamixel_sdk -- -j8 -l8
[0.213s] [100%] Built target dynamixel_sdk
[0.235s] [100%] Built target ament_cmake_python_symlink_dynamixel_sdk
[0.901s] running egg_info
[0.906s] writing dynamixel_sdk.egg-info/PKG-INFO
[0.907s] writing dependency_links to dynamixel_sdk.egg-info/dependency_links.txt
[0.907s] writing top-level names to dynamixel_sdk.egg-info/top_level.txt
[1.049s] reading manifest file 'dynamixel_sdk.egg-info/SOURCES.txt'
[1.050s] writing manifest file 'dynamixel_sdk.egg-info/SOURCES.txt'
[1.104s] [100%] Built target ament_cmake_python_build_dynamixel_sdk_egg
[1.126s] Invoked command in '/home/gideon/turtlebot3_ws/build/dynamixel_sdk' returned '0': CMAKE_PREFIX_PATH=${CMAKE_PREFIX_PATH}:/home/gideon/turtlebot3_ws/install/turtlebot3_teleop:/home/gideon/turtlebot3_ws/install/turtlebot3_example:/opt/ros/jazzy DEBUGINFOD_URLS=https://debuginfod.ubuntu.com /usr/bin/cmake --build /home/gideon/turtlebot3_ws/build/dynamixel_sdk -- -j8 -l8
[1.135s] Invoking command in '/home/gideon/turtlebot3_ws/build/dynamixel_sdk': CMAKE_PREFIX_PATH=${CMAKE_PREFIX_PATH}:/home/gideon/turtlebot3_ws/install/turtlebot3_teleop:/home/gideon/turtlebot3_ws/install/turtlebot3_example:/opt/ros/jazzy DEBUGINFOD_URLS=https://debuginfod.ubuntu.com /usr/bin/cmake --install /home/gideon/turtlebot3_ws/build/dynamixel_sdk
[1.154s] -- Install configuration: ""
[1.154s] -- Execute custom install script
[1.155s] -- Up-to-date symlink: /home/gideon/turtlebot3_ws/install/dynamixel_sdk/include//dynamixel_sdk/dynamixel_sdk.h
[1.156s] -- Up-to-date symlink: /home/gideon/turtlebot3_ws/install/dynamixel_sdk/include//dynamixel_sdk/group_bulk_read.h
[1.156s] -- Up-to-date symlink: /home/gideon/turtlebot3_ws/install/dynamixel_sdk/include//dynamixel_sdk/group_bulk_write.h
[1.157s] -- Up-to-date symlink: /home/gideon/turtlebot3_ws/install/dynamixel_sdk/include//dynamixel_sdk/group_fast_bulk_read.h
[1.157s] -- Up-to-date symlink: /home/gideon/turtlebot3_ws/install/dynamixel_sdk/include//dynamixel_sdk/group_fast_sync_read.h
[1.157s] -- Up-to-date symlink: /home/gideon/turtlebot3_ws/install/dynamixel_sdk/include//dynamixel_sdk/group_handler.h
[1.158s] -- Up-to-date symlink: /home/gideon/turtlebot3_ws/install/dynamixel_sdk/include//dynamixel_sdk/group_sync_read.h
[1.158s] -- Up-to-date symlink: /home/gideon/turtlebot3_ws/install/dynamixel_sdk/include//dynamixel_sdk/group_sync_write.h
[1.159s] -- Up-to-date symlink: /home/gideon/turtlebot3_ws/install/dynamixel_sdk/include//dynamixel_sdk/packet_handler.h
[1.159s] -- Up-to-date symlink: /home/gideon/turtlebot3_ws/install/dynamixel_sdk/include//dynamixel_sdk/port_handler.h
[1.160s] -- Up-to-date symlink: /home/gideon/turtlebot3_ws/install/dynamixel_sdk/include//dynamixel_sdk/port_handler_arduino.h
[1.161s] -- Up-to-date symlink: /home/gideon/turtlebot3_ws/install/dynamixel_sdk/include//dynamixel_sdk/port_handler_linux.h
[1.161s] -- Up-to-date symlink: /home/gideon/turtlebot3_ws/install/dynamixel_sdk/include//dynamixel_sdk/port_handler_mac.h
[1.162s] -- Up-to-date symlink: /home/gideon/turtlebot3_ws/install/dynamixel_sdk/include//dynamixel_sdk/port_handler_windows.h
[1.162s] -- Up-to-date symlink: /home/gideon/turtlebot3_ws/install/dynamixel_sdk/include//dynamixel_sdk/protocol1_packet_handler.h
[1.162s] -- Up-to-date symlink: /home/gideon/turtlebot3_ws/install/dynamixel_sdk/include//dynamixel_sdk/protocol2_packet_handler.h
[1.162s] -- Up-to-date symlink: /home/gideon/turtlebot3_ws/install/dynamixel_sdk/share/dynamixel_sdk/environment/pythonpath.sh
[1.163s] -- Up-to-date symlink: /home/gideon/turtlebot3_ws/install/dynamixel_sdk/share/dynamixel_sdk/environment/pythonpath.dsv
[1.164s] -- Up-to-date symlink: /home/gideon/turtlebot3_ws/install/dynamixel_sdk/lib/python3.12/site-packages/dynamixel_sdk-3.8.4-py3.12.egg-info/PKG-INFO
[1.164s] -- Up-to-date symlink: /home/gideon/turtlebot3_ws/install/dynamixel_sdk/lib/python3.12/site-packages/dynamixel_sdk-3.8.4-py3.12.egg-info/SOURCES.txt
[1.165s] -- Up-to-date symlink: /home/gideon/turtlebot3_ws/install/dynamixel_sdk/lib/python3.12/site-packages/dynamixel_sdk-3.8.4-py3.12.egg-info/dependency_links.txt
[1.165s] -- Up-to-date symlink: /home/gideon/turtlebot3_ws/install/dynamixel_sdk/lib/python3.12/site-packages/dynamixel_sdk-3.8.4-py3.12.egg-info/top_level.txt
[1.167s] -- Up-to-date symlink: /home/gideon/turtlebot3_ws/install/dynamixel_sdk/lib/python3.12/site-packages/dynamixel_sdk/__init__.py
[1.168s] -- Up-to-date symlink: /home/gideon/turtlebot3_ws/install/dynamixel_sdk/lib/python3.12/site-packages/dynamixel_sdk/group_bulk_read.cpp
[1.169s] -- Up-to-date symlink: /home/gideon/turtlebot3_ws/install/dynamixel_sdk/lib/python3.12/site-packages/dynamixel_sdk/group_bulk_read.py
[1.169s] -- Up-to-date symlink: /home/gideon/turtlebot3_ws/install/dynamixel_sdk/lib/python3.12/site-packages/dynamixel_sdk/group_bulk_write.cpp
[1.169s] -- Up-to-date symlink: /home/gideon/turtlebot3_ws/install/dynamixel_sdk/lib/python3.12/site-packages/dynamixel_sdk/group_bulk_write.py
[1.170s] -- Up-to-date symlink: /home/gideon/turtlebot3_ws/install/dynamixel_sdk/lib/python3.12/site-packages/dynamixel_sdk/group_fast_bulk_read.cpp
[1.170s] -- Up-to-date symlink: /home/gideon/turtlebot3_ws/install/dynamixel_sdk/lib/python3.12/site-packages/dynamixel_sdk/group_fast_sync_read.cpp
[1.175s] -- Up-to-date symlink: /home/gideon/turtlebot3_ws/install/dynamixel_sdk/lib/python3.12/site-packages/dynamixel_sdk/group_handler.cpp
[1.176s] -- Up-to-date symlink: /home/gideon/turtlebot3_ws/install/dynamixel_sdk/lib/python3.12/site-packages/dynamixel_sdk/group_sync_read.cpp
[1.176s] -- Up-to-date symlink: /home/gideon/turtlebot3_ws/install/dynamixel_sdk/lib/python3.12/site-packages/dynamixel_sdk/group_sync_read.py
[1.176s] -- Up-to-date symlink: /home/gideon/turtlebot3_ws/install/dynamixel_sdk/lib/python3.12/site-packages/dynamixel_sdk/group_sync_write.cpp
[1.177s] -- Up-to-date symlink: /home/gideon/turtlebot3_ws/install/dynamixel_sdk/lib/python3.12/site-packages/dynamixel_sdk/group_sync_write.py
[1.177s] -- Up-to-date symlink: /home/gideon/turtlebot3_ws/install/dynamixel_sdk/lib/python3.12/site-packages/dynamixel_sdk/packet_handler.cpp
[1.179s] -- Up-to-date symlink: /home/gideon/turtlebot3_ws/install/dynamixel_sdk/lib/python3.12/site-packages/dynamixel_sdk/packet_handler.py
[1.183s] -- Up-to-date symlink: /home/gideon/turtlebot3_ws/install/dynamixel_sdk/lib/python3.12/site-packages/dynamixel_sdk/port_handler.cpp
[1.184s] -- Up-to-date symlink: /home/gideon/turtlebot3_ws/install/dynamixel_sdk/lib/python3.12/site-packages/dynamixel_sdk/port_handler.py
[1.185s] -- Up-to-date symlink: /home/gideon/turtlebot3_ws/install/dynamixel_sdk/lib/python3.12/site-packages/dynamixel_sdk/port_handler_arduino.cpp
[1.185s] -- Up-to-date symlink: /home/gideon/turtlebot3_ws/install/dynamixel_sdk/lib/python3.12/site-packages/dynamixel_sdk/port_handler_linux.cpp
[1.186s] -- Up-to-date symlink: /home/gideon/turtlebot3_ws/install/dynamixel_sdk/lib/python3.12/site-packages/dynamixel_sdk/port_handler_mac.cpp
[1.186s] -- Up-to-date symlink: /home/gideon/turtlebot3_ws/install/dynamixel_sdk/lib/python3.12/site-packages/dynamixel_sdk/port_handler_windows.cpp
[1.187s] -- Up-to-date symlink: /home/gideon/turtlebot3_ws/install/dynamixel_sdk/lib/python3.12/site-packages/dynamixel_sdk/protocol1_packet_handler.cpp
[1.187s] -- Up-to-date symlink: /home/gideon/turtlebot3_ws/install/dynamixel_sdk/lib/python3.12/site-packages/dynamixel_sdk/protocol1_packet_handler.py
[1.188s] -- Up-to-date symlink: /home/gideon/turtlebot3_ws/install/dynamixel_sdk/lib/python3.12/site-packages/dynamixel_sdk/protocol2_packet_handler.cpp
[1.188s] -- Up-to-date symlink: /home/gideon/turtlebot3_ws/install/dynamixel_sdk/lib/python3.12/site-packages/dynamixel_sdk/protocol2_packet_handler.py
[1.189s] -- Up-to-date symlink: /home/gideon/turtlebot3_ws/install/dynamixel_sdk/lib/python3.12/site-packages/dynamixel_sdk/robotis_def.py
[1.189s] -- Up-to-date symlink: /home/gideon/turtlebot3_ws/install/dynamixel_sdk/share/dynamixel_sdk/environment/library_path.sh
[1.190s] -- Up-to-date symlink: /home/gideon/turtlebot3_ws/install/dynamixel_sdk/share/dynamixel_sdk/environment/library_path.dsv
[1.191s] -- Up-to-date symlink: /home/gideon/turtlebot3_ws/install/dynamixel_sdk/share/ament_index/resource_index/package_run_dependencies/dynamixel_sdk
[1.192s] -- Up-to-date symlink: /home/gideon/turtlebot3_ws/install/dynamixel_sdk/share/ament_index/resource_index/parent_prefix_path/dynamixel_sdk
[1.192s] -- Up-to-date symlink: /home/gideon/turtlebot3_ws/install/dynamixel_sdk/share/dynamixel_sdk/environment/ament_prefix_path.sh
[1.194s] -- Up-to-date symlink: /home/gideon/turtlebot3_ws/install/dynamixel_sdk/share/dynamixel_sdk/environment/ament_prefix_path.dsv
[1.198s] -- Up-to-date symlink: /home/gideon/turtlebot3_ws/install/dynamixel_sdk/share/dynamixel_sdk/environment/path.sh
[1.201s] -- Up-to-date symlink: /home/gideon/turtlebot3_ws/install/dynamixel_sdk/share/dynamixel_sdk/environment/path.dsv
[1.201s] -- Up-to-date symlink: /home/gideon/turtlebot3_ws/install/dynamixel_sdk/share/dynamixel_sdk/local_setup.bash
[1.201s] -- Up-to-date symlink: /home/gideon/turtlebot3_ws/install/dynamixel_sdk/share/dynamixel_sdk/local_setup.sh
[1.202s] -- Up-to-date symlink: /home/gideon/turtlebot3_ws/install/dynamixel_sdk/share/dynamixel_sdk/local_setup.zsh
[1.202s] -- Up-to-date symlink: /home/gideon/turtlebot3_ws/install/dynamixel_sdk/share/dynamixel_sdk/local_setup.dsv
[1.203s] -- Symlinking: /home/gideon/turtlebot3_ws/install/dynamixel_sdk/share/dynamixel_sdk/package.dsv
[1.212s] -- Up-to-date symlink: /home/gideon/turtlebot3_ws/install/dynamixel_sdk/share/ament_index/resource_index/packages/dynamixel_sdk
[1.213s] -- Up-to-date symlink: /home/gideon/turtlebot3_ws/install/dynamixel_sdk/share/dynamixel_sdk/cmake/ament_cmake_export_targets-extras.cmake
[1.213s] -- Up-to-date symlink: /home/gideon/turtlebot3_ws/install/dynamixel_sdk/share/dynamixel_sdk/cmake/ament_cmake_export_include_directories-extras.cmake
[1.213s] -- Up-to-date symlink: /home/gideon/turtlebot3_ws/install/dynamixel_sdk/share/dynamixel_sdk/cmake/ament_cmake_export_libraries-extras.cmake
[1.214s] -- Up-to-date symlink: /home/gideon/turtlebot3_ws/install/dynamixel_sdk/share/dynamixel_sdk/cmake/dynamixel_sdkConfig.cmake
[1.214s] -- Up-to-date symlink: /home/gideon/turtlebot3_ws/install/dynamixel_sdk/share/dynamixel_sdk/cmake/dynamixel_sdkConfig-version.cmake
[1.214s] -- Up-to-date symlink: /home/gideon/turtlebot3_ws/install/dynamixel_sdk/share/dynamixel_sdk/package.xml
[1.214s] -- Up-to-date: /home/gideon/turtlebot3_ws/install/dynamixel_sdk/lib/libdynamixel_sdk.so
[1.269s] Listing '/home/gideon/turtlebot3_ws/install/dynamixel_sdk/lib/python3.12/site-packages/dynamixel_sdk'...
[1.280s] -- Up-to-date: /home/gideon/turtlebot3_ws/install/dynamixel_sdk/share/dynamixel_sdk/cmake/dynamixel_sdkExport.cmake
[1.280s] -- Up-to-date: /home/gideon/turtlebot3_ws/install/dynamixel_sdk/share/dynamixel_sdk/cmake/dynamixel_sdkExport-noconfig.cmake
[1.284s] Invoked command in '/home/gideon/turtlebot3_ws/build/dynamixel_sdk' returned '0': CMAKE_PREFIX_PATH=${CMAKE_PREFIX_PATH}:/home/gideon/turtlebot3_ws/install/turtlebot3_teleop:/home/gideon/turtlebot3_ws/install/turtlebot3_example:/opt/ros/jazzy DEBUGINFOD_URLS=https://debuginfod.ubuntu.com /usr/bin/cmake --install /home/gideon/turtlebot3_ws/build/dynamixel_sdk
