[2.231s] Invoking command in '/home/gideon/turtlebot3_ws/build/turtlebot3_teleop': DEBUGINFOD_URLS=https://debuginfod.ubuntu.com PYTHONPATH=/home/gideon/turtlebot3_ws/build/turtlebot3_teleop/prefix_override:/usr/lib/python3/dist-packages/colcon_core/task/python/colcon_distutils_commands:/home/gideon/turtlebot3_ws/install/turtlebot3_teleop/lib/python3.12/site-packages:${PYTHONPATH} /usr/bin/python3 -W ignore:setup.py install is deprecated -W ignore:easy_install command is deprecated setup.py develop --editable --build-directory /home/gideon/turtlebot3_ws/build/turtlebot3_teleop/build --no-deps symlink_data
[3.067s] running develop
[3.745s] running egg_info
[3.746s] creating turtlebot3_teleop.egg-info
[3.804s] writing turtlebot3_teleop.egg-info/PKG-INFO
[3.804s] writing dependency_links to turtlebot3_teleop.egg-info/dependency_links.txt
[3.805s] writing entry points to turtlebot3_teleop.egg-info/entry_points.txt
[3.806s] writing requirements to turtlebot3_teleop.egg-info/requires.txt
[3.806s] writing top-level names to turtlebot3_teleop.egg-info/top_level.txt
[3.806s] writing manifest file 'turtlebot3_teleop.egg-info/SOURCES.txt'
[3.894s] reading manifest file 'turtlebot3_teleop.egg-info/SOURCES.txt'
[3.895s] writing manifest file 'turtlebot3_teleop.egg-info/SOURCES.txt'
[3.932s] running build_ext
[3.932s] Creating /home/gideon/turtlebot3_ws/install/turtlebot3_teleop/lib/python3.12/site-packages/turtlebot3-teleop.egg-link (link to .)
[3.933s] Installing teleop_keyboard script to /home/gideon/turtlebot3_ws/install/turtlebot3_teleop/lib/turtlebot3_teleop
[3.933s] 
[3.933s] Installed /home/gideon/turtlebot3_ws/build/turtlebot3_teleop
[3.934s] running symlink_data
[3.934s] creating /home/gideon/turtlebot3_ws/install/turtlebot3_teleop/share/ament_index
[3.934s] creating /home/gideon/turtlebot3_ws/install/turtlebot3_teleop/share/ament_index/resource_index
[3.934s] creating /home/gideon/turtlebot3_ws/install/turtlebot3_teleop/share/ament_index/resource_index/packages
[3.934s] symbolically linking /home/gideon/turtlebot3_ws/build/turtlebot3_teleop/resource/turtlebot3_teleop -> /home/gideon/turtlebot3_ws/install/turtlebot3_teleop/share/ament_index/resource_index/packages
[3.935s] symbolically linking /home/gideon/turtlebot3_ws/build/turtlebot3_teleop/package.xml -> /home/gideon/turtlebot3_ws/install/turtlebot3_teleop/share/turtlebot3_teleop
[3.980s] Invoked command in '/home/gideon/turtlebot3_ws/build/turtlebot3_teleop' returned '0': DEBUGINFOD_URLS=https://debuginfod.ubuntu.com PYTHONPATH=/home/gideon/turtlebot3_ws/build/turtlebot3_teleop/prefix_override:/usr/lib/python3/dist-packages/colcon_core/task/python/colcon_distutils_commands:/home/gideon/turtlebot3_ws/install/turtlebot3_teleop/lib/python3.12/site-packages:${PYTHONPATH} /usr/bin/python3 -W ignore:setup.py install is deprecated -W ignore:easy_install command is deprecated setup.py develop --editable --build-directory /home/gideon/turtlebot3_ws/build/turtlebot3_teleop/build --no-deps symlink_data
