[0.077s] Invoking command in '/home/gideon/turtlebot3_ws/build/turtlebot3_drive': CMAKE_PREFIX_PATH=${CMAKE_PREFIX_PATH}:/home/gideon/turtlebot3_ws/install/turtlebot3_teleop:/home/gideon/turtlebot3_ws/install/turtlebot3_example:/opt/ros/jazzy DEBUGINFOD_URLS=https://debuginfod.ubuntu.com /usr/bin/cmake --build /home/gideon/turtlebot3_ws/build/turtlebot3_drive -- -j8 -l8
[0.162s] [100%] Built target turtlebot3_drive
[0.178s] Invoked command in '/home/gideon/turtlebot3_ws/build/turtlebot3_drive' returned '0': CMAKE_PREFIX_PATH=${CMAKE_PREFIX_PATH}:/home/gideon/turtlebot3_ws/install/turtlebot3_teleop:/home/gideon/turtlebot3_ws/install/turtlebot3_example:/opt/ros/jazzy DEBUGINFOD_URLS=https://debuginfod.ubuntu.com /usr/bin/cmake --build /home/gideon/turtlebot3_ws/build/turtlebot3_drive -- -j8 -l8
[0.181s] Invoking command in '/home/gideon/turtlebot3_ws/build/turtlebot3_drive': CMAKE_PREFIX_PATH=${CMAKE_PREFIX_PATH}:/home/gideon/turtlebot3_ws/install/turtlebot3_teleop:/home/gideon/turtlebot3_ws/install/turtlebot3_example:/opt/ros/jazzy DEBUGINFOD_URLS=https://debuginfod.ubuntu.com /usr/bin/cmake --install /home/gideon/turtlebot3_ws/build/turtlebot3_drive
[0.191s] -- Install configuration: ""
[0.193s] -- Execute custom install script
[0.194s] -- Up-to-date symlink: /home/gideon/turtlebot3_ws/install/turtlebot3_drive/lib/turtlebot3_drive/turtlebot3_drive
[0.196s] -- Up-to-date symlink: /home/gideon/turtlebot3_ws/install/turtlebot3_drive/share/turtlebot3_drive//launch/empty_world.launch.py
[0.197s] -- Up-to-date symlink: /home/gideon/turtlebot3_ws/install/turtlebot3_drive/share/turtlebot3_drive//launch/maze3x3.launch.py
[0.200s] -- Up-to-date symlink: /home/gideon/turtlebot3_ws/install/turtlebot3_drive/share/turtlebot3_drive//launch/maze4x4.launch.py
[0.200s] -- Up-to-date symlink: /home/gideon/turtlebot3_ws/install/turtlebot3_drive/share/turtlebot3_drive//launch/multi_robot.launch.py
[0.201s] -- Up-to-date symlink: /home/gideon/turtlebot3_ws/install/turtlebot3_drive/share/turtlebot3_drive//launch/multi_spawn_turtlebot3.launch.py
[0.201s] -- Up-to-date symlink: /home/gideon/turtlebot3_ws/install/turtlebot3_drive/share/turtlebot3_drive//launch/robot_state_publisher.launch.py
[0.202s] -- Up-to-date symlink: /home/gideon/turtlebot3_ws/install/turtlebot3_drive/share/turtlebot3_drive//launch/spawn_turtlebot3.launch.py
[0.203s] -- Up-to-date symlink: /home/gideon/turtlebot3_ws/install/turtlebot3_drive/share/turtlebot3_drive//launch/turtlebot3_autorace_2020.launch.py
[0.203s] -- Up-to-date symlink: /home/gideon/turtlebot3_ws/install/turtlebot3_drive/share/turtlebot3_drive//launch/turtlebot3_dqn_stage1.launch.py
[0.203s] -- Up-to-date symlink: /home/gideon/turtlebot3_ws/install/turtlebot3_drive/share/turtlebot3_drive//launch/turtlebot3_dqn_stage2.launch.py
[0.203s] -- Up-to-date symlink: /home/gideon/turtlebot3_ws/install/turtlebot3_drive/share/turtlebot3_drive//launch/turtlebot3_dqn_stage3.launch.py
[0.203s] -- Up-to-date symlink: /home/gideon/turtlebot3_ws/install/turtlebot3_drive/share/turtlebot3_drive//launch/turtlebot3_dqn_stage4.launch.py
[0.203s] -- Up-to-date symlink: /home/gideon/turtlebot3_ws/install/turtlebot3_drive/share/turtlebot3_drive//launch/turtlebot3_house.launch.py
[0.204s] -- Up-to-date symlink: /home/gideon/turtlebot3_ws/install/turtlebot3_drive/share/turtlebot3_drive//launch/turtlebot3_world.launch.py
[0.204s] -- Up-to-date symlink: /home/gideon/turtlebot3_ws/install/turtlebot3_drive/share/turtlebot3_drive//rviz/tb3_drive.rviz
[0.204s] -- Up-to-date symlink: /home/gideon/turtlebot3_ws/install/turtlebot3_drive/include//turtlebot3_drive/turtlebot3_drive.hpp
[0.204s] -- Up-to-date symlink: /home/gideon/turtlebot3_ws/install/turtlebot3_drive/share/ament_index/resource_index/package_run_dependencies/turtlebot3_drive
[0.204s] -- Up-to-date symlink: /home/gideon/turtlebot3_ws/install/turtlebot3_drive/share/ament_index/resource_index/parent_prefix_path/turtlebot3_drive
[0.205s] -- Up-to-date symlink: /home/gideon/turtlebot3_ws/install/turtlebot3_drive/share/turtlebot3_drive/environment/ament_prefix_path.sh
[0.205s] -- Up-to-date symlink: /home/gideon/turtlebot3_ws/install/turtlebot3_drive/share/turtlebot3_drive/environment/ament_prefix_path.dsv
[0.205s] -- Up-to-date symlink: /home/gideon/turtlebot3_ws/install/turtlebot3_drive/share/turtlebot3_drive/environment/path.sh
[0.205s] -- Up-to-date symlink: /home/gideon/turtlebot3_ws/install/turtlebot3_drive/share/turtlebot3_drive/environment/path.dsv
[0.205s] -- Up-to-date symlink: /home/gideon/turtlebot3_ws/install/turtlebot3_drive/share/turtlebot3_drive/local_setup.bash
[0.206s] -- Up-to-date symlink: /home/gideon/turtlebot3_ws/install/turtlebot3_drive/share/turtlebot3_drive/local_setup.sh
[0.206s] -- Up-to-date symlink: /home/gideon/turtlebot3_ws/install/turtlebot3_drive/share/turtlebot3_drive/local_setup.zsh
[0.206s] -- Up-to-date symlink: /home/gideon/turtlebot3_ws/install/turtlebot3_drive/share/turtlebot3_drive/local_setup.dsv
[0.206s] -- Symlinking: /home/gideon/turtlebot3_ws/install/turtlebot3_drive/share/turtlebot3_drive/package.dsv
[0.221s] -- Up-to-date symlink: /home/gideon/turtlebot3_ws/install/turtlebot3_drive/share/ament_index/resource_index/packages/turtlebot3_drive
[0.221s] -- Up-to-date symlink: /home/gideon/turtlebot3_ws/install/turtlebot3_drive/share/turtlebot3_drive/cmake/ament_cmake_export_include_directories-extras.cmake
[0.222s] -- Up-to-date symlink: /home/gideon/turtlebot3_ws/install/turtlebot3_drive/share/turtlebot3_drive/cmake/ament_cmake_export_dependencies-extras.cmake
[0.223s] -- Up-to-date symlink: /home/gideon/turtlebot3_ws/install/turtlebot3_drive/share/turtlebot3_drive/cmake/turtlebot3_driveConfig.cmake
[0.223s] -- Up-to-date symlink: /home/gideon/turtlebot3_ws/install/turtlebot3_drive/share/turtlebot3_drive/cmake/turtlebot3_driveConfig-version.cmake
[0.224s] -- Up-to-date symlink: /home/gideon/turtlebot3_ws/install/turtlebot3_drive/share/turtlebot3_drive/package.xml
[0.234s] Invoked command in '/home/gideon/turtlebot3_ws/build/turtlebot3_drive' returned '0': CMAKE_PREFIX_PATH=${CMAKE_PREFIX_PATH}:/home/gideon/turtlebot3_ws/install/turtlebot3_teleop:/home/gideon/turtlebot3_ws/install/turtlebot3_example:/opt/ros/jazzy DEBUGINFOD_URLS=https://debuginfod.ubuntu.com /usr/bin/cmake --install /home/gideon/turtlebot3_ws/build/turtlebot3_drive
