[0.072s] Invoking command in '/home/gideon/turtlebot3_ws/build/turtlebot3_drive': CMAKE_PREFIX_PATH=${CMAKE_PREFIX_PATH}:/home/gideon/turtlebot3_ws/install/turtlebot3_teleop:/home/gideon/turtlebot3_ws/install/turtlebot3_example:/opt/ros/jazzy DEBUGINFOD_URLS=https://debuginfod.ubuntu.com /usr/bin/cmake --build /home/gideon/turtlebot3_ws/build/turtlebot3_drive -- -j8 -l8
[0.138s] -- Found ament_cmake: 2.5.5 (/opt/ros/jazzy/share/ament_cmake/cmake)
[0.587s] -- Override CMake install command with custom implementation using symlinks instead of copying resources
[0.604s] -- Found geometry_msgs: 5.3.6 (/opt/ros/jazzy/share/geometry_msgs/cmake)
[0.674s] -- Found rosidl_generator_c: 4.6.7 (/opt/ros/jazzy/share/rosidl_generator_c/cmake)
[0.697s] -- Found rosidl_generator_cpp: 4.6.7 (/opt/ros/jazzy/share/rosidl_generator_cpp/cmake)
[0.728s] -- Using all available rosidl_typesupport_c: rosidl_typesupport_fastrtps_c;rosidl_typesupport_introspection_c
[0.766s] -- Using all available rosidl_typesupport_cpp: rosidl_typesupport_fastrtps_cpp;rosidl_typesupport_introspection_cpp
[0.864s] -- Found nav_msgs: 5.3.6 (/opt/ros/jazzy/share/nav_msgs/cmake)
[0.947s] -- Found rclcpp: 28.1.16 (/opt/ros/jazzy/share/rclcpp/cmake)
[1.016s] -- Found rmw_implementation_cmake: 7.3.3 (/opt/ros/jazzy/share/rmw_implementation_cmake/cmake)
[1.019s] -- Found rmw_fastrtps_cpp: 8.4.3 (/opt/ros/jazzy/share/rmw_fastrtps_cpp/cmake)
[1.137s] -- Using RMW implementation 'rmw_fastrtps_cpp' as default
[1.261s] -- Found sensor_msgs: 5.3.6 (/opt/ros/jazzy/share/sensor_msgs/cmake)
[1.305s] -- Found tf2: 0.36.19 (/opt/ros/jazzy/share/tf2/cmake)
[1.506s] -- Configuring done (1.4s)
[1.534s] -- Generating done (0.0s)
[1.544s] -- Build files have been written to: /home/gideon/turtlebot3_ws/build/turtlebot3_drive
[1.633s] [ 50%] [32mBuilding CXX object CMakeFiles/turtlebot3_drive.dir/src/turtlebot3_drive.cpp.o[0m
[39.414s] [100%] [32m[1mLinking CXX executable turtlebot3_drive[0m
[41.016s] [100%] Built target turtlebot3_drive
[41.062s] Invoked command in '/home/gideon/turtlebot3_ws/build/turtlebot3_drive' returned '0': CMAKE_PREFIX_PATH=${CMAKE_PREFIX_PATH}:/home/gideon/turtlebot3_ws/install/turtlebot3_teleop:/home/gideon/turtlebot3_ws/install/turtlebot3_example:/opt/ros/jazzy DEBUGINFOD_URLS=https://debuginfod.ubuntu.com /usr/bin/cmake --build /home/gideon/turtlebot3_ws/build/turtlebot3_drive -- -j8 -l8
[41.064s] Invoking command in '/home/gideon/turtlebot3_ws/build/turtlebot3_drive': CMAKE_PREFIX_PATH=${CMAKE_PREFIX_PATH}:/home/gideon/turtlebot3_ws/install/turtlebot3_teleop:/home/gideon/turtlebot3_ws/install/turtlebot3_example:/opt/ros/jazzy DEBUGINFOD_URLS=https://debuginfod.ubuntu.com /usr/bin/cmake --install /home/gideon/turtlebot3_ws/build/turtlebot3_drive
[41.100s] -- Install configuration: ""
[41.101s] -- Execute custom install script
[41.108s] -- Up-to-date symlink: /home/gideon/turtlebot3_ws/install/turtlebot3_drive/lib/turtlebot3_drive/turtlebot3_drive
[41.114s] -- Up-to-date symlink: /home/gideon/turtlebot3_ws/install/turtlebot3_drive/share/turtlebot3_drive//launch/empty_world.launch.py
[41.115s] -- Up-to-date symlink: /home/gideon/turtlebot3_ws/install/turtlebot3_drive/share/turtlebot3_drive//launch/maze3x3.launch.py
[41.116s] -- Up-to-date symlink: /home/gideon/turtlebot3_ws/install/turtlebot3_drive/share/turtlebot3_drive//launch/maze4x4.launch.py
[41.117s] -- Up-to-date symlink: /home/gideon/turtlebot3_ws/install/turtlebot3_drive/share/turtlebot3_drive//launch/multi_robot.launch.py
[41.118s] -- Up-to-date symlink: /home/gideon/turtlebot3_ws/install/turtlebot3_drive/share/turtlebot3_drive//launch/multi_spawn_turtlebot3.launch.py
[41.118s] -- Up-to-date symlink: /home/gideon/turtlebot3_ws/install/turtlebot3_drive/share/turtlebot3_drive//launch/robot_state_publisher.launch.py
[41.119s] -- Up-to-date symlink: /home/gideon/turtlebot3_ws/install/turtlebot3_drive/share/turtlebot3_drive//launch/spawn_turtlebot3.launch.py
[41.123s] -- Up-to-date symlink: /home/gideon/turtlebot3_ws/install/turtlebot3_drive/share/turtlebot3_drive//launch/turtlebot3_autorace_2020.launch.py
[41.124s] -- Up-to-date symlink: /home/gideon/turtlebot3_ws/install/turtlebot3_drive/share/turtlebot3_drive//launch/turtlebot3_dqn_stage1.launch.py
[41.129s] -- Up-to-date symlink: /home/gideon/turtlebot3_ws/install/turtlebot3_drive/share/turtlebot3_drive//launch/turtlebot3_dqn_stage2.launch.py
[41.131s] -- Up-to-date symlink: /home/gideon/turtlebot3_ws/install/turtlebot3_drive/share/turtlebot3_drive//launch/turtlebot3_dqn_stage3.launch.py
[41.132s] -- Up-to-date symlink: /home/gideon/turtlebot3_ws/install/turtlebot3_drive/share/turtlebot3_drive//launch/turtlebot3_dqn_stage4.launch.py
[41.133s] -- Up-to-date symlink: /home/gideon/turtlebot3_ws/install/turtlebot3_drive/share/turtlebot3_drive//launch/turtlebot3_house.launch.py
[41.133s] -- Up-to-date symlink: /home/gideon/turtlebot3_ws/install/turtlebot3_drive/share/turtlebot3_drive//launch/turtlebot3_world.launch.py
[41.135s] -- Up-to-date symlink: /home/gideon/turtlebot3_ws/install/turtlebot3_drive/share/turtlebot3_drive//rviz/tb3_drive.rviz
[41.143s] -- Up-to-date symlink: /home/gideon/turtlebot3_ws/install/turtlebot3_drive/include//turtlebot3_drive/turtlebot3_drive.hpp
[41.148s] -- Up-to-date symlink: /home/gideon/turtlebot3_ws/install/turtlebot3_drive/share/ament_index/resource_index/package_run_dependencies/turtlebot3_drive
[41.149s] -- Up-to-date symlink: /home/gideon/turtlebot3_ws/install/turtlebot3_drive/share/ament_index/resource_index/parent_prefix_path/turtlebot3_drive
[41.150s] -- Up-to-date symlink: /home/gideon/turtlebot3_ws/install/turtlebot3_drive/share/turtlebot3_drive/environment/ament_prefix_path.sh
[41.152s] -- Up-to-date symlink: /home/gideon/turtlebot3_ws/install/turtlebot3_drive/share/turtlebot3_drive/environment/ament_prefix_path.dsv
[41.152s] -- Up-to-date symlink: /home/gideon/turtlebot3_ws/install/turtlebot3_drive/share/turtlebot3_drive/environment/path.sh
[41.155s] -- Up-to-date symlink: /home/gideon/turtlebot3_ws/install/turtlebot3_drive/share/turtlebot3_drive/environment/path.dsv
[41.157s] -- Up-to-date symlink: /home/gideon/turtlebot3_ws/install/turtlebot3_drive/share/turtlebot3_drive/local_setup.bash
[41.158s] -- Up-to-date symlink: /home/gideon/turtlebot3_ws/install/turtlebot3_drive/share/turtlebot3_drive/local_setup.sh
[41.161s] -- Up-to-date symlink: /home/gideon/turtlebot3_ws/install/turtlebot3_drive/share/turtlebot3_drive/local_setup.zsh
[41.162s] -- Up-to-date symlink: /home/gideon/turtlebot3_ws/install/turtlebot3_drive/share/turtlebot3_drive/local_setup.dsv
[41.164s] -- Symlinking: /home/gideon/turtlebot3_ws/install/turtlebot3_drive/share/turtlebot3_drive/package.dsv
[41.222s] -- Up-to-date symlink: /home/gideon/turtlebot3_ws/install/turtlebot3_drive/share/ament_index/resource_index/packages/turtlebot3_drive
[41.223s] -- Up-to-date symlink: /home/gideon/turtlebot3_ws/install/turtlebot3_drive/share/turtlebot3_drive/cmake/ament_cmake_export_include_directories-extras.cmake
[41.225s] -- Up-to-date symlink: /home/gideon/turtlebot3_ws/install/turtlebot3_drive/share/turtlebot3_drive/cmake/ament_cmake_export_dependencies-extras.cmake
[41.227s] -- Up-to-date symlink: /home/gideon/turtlebot3_ws/install/turtlebot3_drive/share/turtlebot3_drive/cmake/turtlebot3_driveConfig.cmake
[41.228s] -- Up-to-date symlink: /home/gideon/turtlebot3_ws/install/turtlebot3_drive/share/turtlebot3_drive/cmake/turtlebot3_driveConfig-version.cmake
[41.229s] -- Up-to-date symlink: /home/gideon/turtlebot3_ws/install/turtlebot3_drive/share/turtlebot3_drive/package.xml
[41.238s] Invoked command in '/home/gideon/turtlebot3_ws/build/turtlebot3_drive' returned '0': CMAKE_PREFIX_PATH=${CMAKE_PREFIX_PATH}:/home/gideon/turtlebot3_ws/install/turtlebot3_teleop:/home/gideon/turtlebot3_ws/install/turtlebot3_example:/opt/ros/jazzy DEBUGINFOD_URLS=https://debuginfod.ubuntu.com /usr/bin/cmake --install /home/gideon/turtlebot3_ws/build/turtlebot3_drive
