[0.192s] Invoking command in '/home/gideon/turtlebot3_ws/build/turtlebot3_cartographer': CMAKE_PREFIX_PATH=${CMAKE_PREFIX_PATH}:/home/gideon/turtlebot3_ws/install/turtlebot3_teleop:/home/gideon/turtlebot3_ws/install/turtlebot3_example:/opt/ros/jazzy DEBUGINFOD_URLS=https://debuginfod.ubuntu.com /usr/bin/cmake --build /home/gideon/turtlebot3_ws/build/turtlebot3_cartographer -- -j8 -l8
[1.266s] Invoked command in '/home/gideon/turtlebot3_ws/build/turtlebot3_cartographer' returned '0': CMAKE_PREFIX_PATH=${CMAKE_PREFIX_PATH}:/home/gideon/turtlebot3_ws/install/turtlebot3_teleop:/home/gideon/turtlebot3_ws/install/turtlebot3_example:/opt/ros/jazzy DEBUGINFOD_URLS=https://debuginfod.ubuntu.com /usr/bin/cmake --build /home/gideon/turtlebot3_ws/build/turtlebot3_cartographer -- -j8 -l8
[1.289s] Invoking command in '/home/gideon/turtlebot3_ws/build/turtlebot3_cartographer': CMAKE_PREFIX_PATH=${CMAKE_PREFIX_PATH}:/home/gideon/turtlebot3_ws/install/turtlebot3_teleop:/home/gideon/turtlebot3_ws/install/turtlebot3_example:/opt/ros/jazzy DEBUGINFOD_URLS=https://debuginfod.ubuntu.com /usr/bin/cmake --install /home/gideon/turtlebot3_ws/build/turtlebot3_cartographer
[1.313s] -- Install configuration: ""
[1.322s] -- Execute custom install script
[1.333s] -- Up-to-date symlink: /home/gideon/turtlebot3_ws/install/turtlebot3_cartographer/share/turtlebot3_cartographer/config/turtlebot3_lds_2d.lua
[1.335s] -- Up-to-date symlink: /home/gideon/turtlebot3_ws/install/turtlebot3_cartographer/share/turtlebot3_cartographer/launch/cartographer.launch.py
[1.336s] -- Up-to-date symlink: /home/gideon/turtlebot3_ws/install/turtlebot3_cartographer/share/turtlebot3_cartographer/launch/occupancy_grid.launch.py
[1.336s] -- Up-to-date symlink: /home/gideon/turtlebot3_ws/install/turtlebot3_cartographer/share/turtlebot3_cartographer/rviz/tb3_cartographer.rviz
[1.337s] -- Up-to-date symlink: /home/gideon/turtlebot3_ws/install/turtlebot3_cartographer/share/ament_index/resource_index/package_run_dependencies/turtlebot3_cartographer
[1.337s] -- Up-to-date symlink: /home/gideon/turtlebot3_ws/install/turtlebot3_cartographer/share/ament_index/resource_index/parent_prefix_path/turtlebot3_cartographer
[1.341s] -- Up-to-date symlink: /home/gideon/turtlebot3_ws/install/turtlebot3_cartographer/share/turtlebot3_cartographer/environment/ament_prefix_path.sh
[1.342s] -- Up-to-date symlink: /home/gideon/turtlebot3_ws/install/turtlebot3_cartographer/share/turtlebot3_cartographer/environment/ament_prefix_path.dsv
[1.346s] -- Up-to-date symlink: /home/gideon/turtlebot3_ws/install/turtlebot3_cartographer/share/turtlebot3_cartographer/environment/path.sh
[1.347s] -- Up-to-date symlink: /home/gideon/turtlebot3_ws/install/turtlebot3_cartographer/share/turtlebot3_cartographer/environment/path.dsv
[1.353s] -- Up-to-date symlink: /home/gideon/turtlebot3_ws/install/turtlebot3_cartographer/share/turtlebot3_cartographer/local_setup.bash
[1.358s] -- Up-to-date symlink: /home/gideon/turtlebot3_ws/install/turtlebot3_cartographer/share/turtlebot3_cartographer/local_setup.sh
[1.359s] -- Up-to-date symlink: /home/gideon/turtlebot3_ws/install/turtlebot3_cartographer/share/turtlebot3_cartographer/local_setup.zsh
[1.360s] -- Up-to-date symlink: /home/gideon/turtlebot3_ws/install/turtlebot3_cartographer/share/turtlebot3_cartographer/local_setup.dsv
[1.361s] -- Symlinking: /home/gideon/turtlebot3_ws/install/turtlebot3_cartographer/share/turtlebot3_cartographer/package.dsv
[1.388s] -- Up-to-date symlink: /home/gideon/turtlebot3_ws/install/turtlebot3_cartographer/share/ament_index/resource_index/packages/turtlebot3_cartographer
[1.388s] -- Up-to-date symlink: /home/gideon/turtlebot3_ws/install/turtlebot3_cartographer/share/turtlebot3_cartographer/cmake/turtlebot3_cartographerConfig.cmake
[1.389s] -- Up-to-date symlink: /home/gideon/turtlebot3_ws/install/turtlebot3_cartographer/share/turtlebot3_cartographer/cmake/turtlebot3_cartographerConfig-version.cmake
[1.390s] -- Up-to-date symlink: /home/gideon/turtlebot3_ws/install/turtlebot3_cartographer/share/turtlebot3_cartographer/package.xml
[1.473s] Invoked command in '/home/gideon/turtlebot3_ws/build/turtlebot3_cartographer' returned '0': CMAKE_PREFIX_PATH=${CMAKE_PREFIX_PATH}:/home/gideon/turtlebot3_ws/install/turtlebot3_teleop:/home/gideon/turtlebot3_ws/install/turtlebot3_example:/opt/ros/jazzy DEBUGINFOD_URLS=https://debuginfod.ubuntu.com /usr/bin/cmake --install /home/gideon/turtlebot3_ws/build/turtlebot3_cartographer
